[I 2026-08-23 02:18:52,700] Trial 23 finished with values: [0.8193463886324518, 1726368.0] and parameters: {'d_model': 128, 'nhead': 8, 'num_layers': 3, 'dim_ff': 768, 'pred_dim': 96, 'pred_layers': 1, 'pretrain_lr': 0.00024744252044213834, 'finetune_lr': 0.0018108634100884495, 'ema_start': 0.9978972481217435}. 77%|███████▋  | 23/30 [3:53:55<1:10:21, 603.11s/it] 80%|████████  | 24/30 [3:53:55<1:00:26, 604.38s/it]wandb: setting up run lbe2mshg
wandb: Tracking run with wandb version 0.26.0
wandb: Run data is saved locally in /slurm_shared/home/andrepedroribeiro@av.it.pt/inMotion/wandb/run-20260823_021854-lbe2mshg
wandb: Run `wandb offline` to turn off syncing.
wandb: Syncing run hpo_cf_jepa_trial024
wandb: ⭐️ View project at https://wandb.ai/andreribeiro87-universidade-de-aveiro/inMotion-exotic-hpo
wandb: 🚀 View run at https://wandb.ai/andreribeiro87-universidade-de-aveiro/inMotion-exotic-hpo/runs/lbe2mshg
wandb: updating run metadata
wandb: uploading history steps 66-70, summary
wandb: 
wandb: Run history:
wandb:   ft/stage1_epoch ▁▂▃▃▄▅▆▆▇█
wandb: ft/stage1_val_mcc ▁▁▄▄▅▆▆▆██
wandb:   ft/stage2_epoch ▁▂▃▃▄▅▆▆▇█
wandb: ft/stage2_val_mcc ▁▃▄▅▇▇████
wandb:      pretrain/ema ▁▁▁▁▁▁▁▁▂▂▂▂▂▂▃▃▃▄▄▄▄▅▅▅▅▆▆▆▇▇▇▇▇███████
wandb:    pretrain/epoch ▁▁▁▁▂▂▂▂▂▃▃▃▃▃▃▄▄▄▄▄▅▅▅▅▅▅▆▆▆▆▆▇▇▇▇▇▇███
wandb:     pretrain/loss █▆▆▅▅▄▄▄▄▃▃▃▃▃▂▂▂▂▂▂▂▁▁▁▁▁▁▁▁▁▁▁▁▁▁▁▁▁▁▁
wandb:  trial_efficiency ▁
wandb:         trial_mcc ▁
wandb:    trial_n_params ▁
wandb:                +1 ...
wandb: 
wandb: Run summary:
wandb:   ft/stage1_epoch 9
wandb: ft/stage1_val_mcc 0.72169
wandb:   ft/stage2_epoch 9
wandb: ft/stage2_val_mcc 0.83193
wandb:      pretrain/ema 0.999
wandb:    pretrain/epoch 49
wandb:     pretrain/loss 0.1183
wandb:  trial_efficiency 356.53418
wandb:         trial_mcc 0.83357
wandb:    trial_n_params 2337984
wandb:                +1 ...
wandb: 
wandb: 🚀 View run hpo_cf_jepa_trial024 at: https://wandb.ai/andreribeiro87-universidade-de-aveiro/inMotion-exotic-hpo/runs/lbe2mshg
wandb: ⭐️ View project at: https://wandb.ai/andreribeiro87-universidade-de-aveiro/inMotion-exotic-hpo
wandb: Synced 4 W&B file(s), 0 media file(s), 0 artifact file(s) and 0 other file(s)
wandb: Find logs at: ./wandb/run-20260823_021854-lbe2mshg/logs
                                                     80%|████████  | 24/30 [4:05:29<1:00:26, 604.38s/it] 83%|████████▎ | 25/30 [4:05:29<52:36, 631.28s/it]  wandb: setting up run 9ghnfw4g
wandb: Tracking run with wandb version 0.26.0
wandb: Run data is saved locally in /slurm_shared/home/andrepedroribeiro@av.it.pt/inMotion/wandb/run-20260823_023028-9ghnfw4g
wandb: Run `wandb offline` to turn off syncing.
wandb: Syncing run hpo_cf_jepa_trial025
wandb: ⭐️ View project at https://wandb.ai/andreribeiro87-universidade-de-aveiro/inMotion-exotic-hpo
wandb: 🚀 View run at https://wandb.ai/andreribeiro87-universidade-de-aveiro/inMotion-exotic-hpo/runs/9ghnfw4g
wandb: updating run metadata
wandb: uploading config.yaml
wandb: 
wandb: Run history:
wandb:   ft/stage1_epoch ▁▂▃▃▄▅▆▆▇█
wandb: ft/stage1_val_mcc ▁▃▅▅▆▆▇▇██
wandb:   ft/stage2_epoch ▁▂▃▃▄▅▆▆▇█
wandb: ft/stage2_val_mcc ▁▂▄▅▅▆▆▇▇█
wandb:      pretrain/ema ▁▁▁▁▁▁▁▁▂▂▂▂▂▂▃▃▃▄▄▄▄▅▅▅▅▆▆▆▆▇▇▇▇▇▇█████
wandb:    pretrain/epoch ▁▁▁▁▂▂▂▂▂▂▃▃▃▃▃▄▄▄▄▄▅▅▅▅▅▅▆▆▆▆▆▇▇▇▇▇▇███
wandb:     pretrain/loss █▆▅▅▄▃▃▃▂▂▂▂▂▁▁▁▁▁▁▁▁▁▁▁▁▁▁▁▁▁▁▁▁▁▁▁▁▁▁▁
wandb:  trial_efficiency ▁
wandb:         trial_mcc ▁
wandb:    trial_n_params ▁
wandb:                +1 ...
wandb: 
wandb: Run summary:
wandb:   ft/stage1_epoch 9
wandb: ft/stage1_val_mcc 0.68941
wandb:   ft/stage2_epoch 9
wandb: ft/stage2_val_mcc 0.82491
wandb:      pretrain/ema 0.999
wandb:    pretrain/epoch 49
wandb:     pretrain/loss 0.11607
wandb:  trial_efficiency 200.59592
wandb:         trial_mcc 0.82491
wandb:    trial_n_params 4112320
wandb:                +1 ...
wandb: 
wandb: 🚀 View run hpo_cf_jepa_trial025 at: https://wandb.ai/andreribeiro87-universidade-de-aveiro/inMotion-exotic-hpo/runs/9ghnfw4g
wandb: ⭐️ View project at: https://wandb.ai/andreribeiro87-universidade-de-aveiro/inMotion-exotic-hpo
wandb: Synced 4 W&B file(s), 0 media file(s), 0 artifact file(s) and 0 other file(s)
wandb: Find logs at: ./wandb/run-20260823_023028-9ghnfw4g/logs
                                                   83%|████████▎ | 25/30 [4:16:54<52:36, 631.28s/it] 87%|████████▋ | 26/30 [4:16:54<43:10, 647.55s/it]wandb: setting up run hgje62sv
wandb: Tracking run with wandb version 0.26.0
wandb: Run data is saved locally in /slurm_shared/home/andrepedroribeiro@av.it.pt/inMotion/wandb/run-20260823_024154-hgje62sv
wandb: Run `wandb offline` to turn off syncing.
wandb: Syncing run hpo_cf_jepa_trial026
wandb: ⭐️ View project at https://wandb.ai/andreribeiro87-universidade-de-aveiro/inMotion-exotic-hpo
wandb: 🚀 View run at https://wandb.ai/andreribeiro87-universidade-de-aveiro/inMotion-exotic-hpo/runs/hgje62sv
wandb: uploading history steps 67-68, summary; updating run metadata
wandb: uploading wandb-summary.json; uploading config.yaml
wandb: uploading wandb-summary.json
wandb: 
wandb: Run history:
wandb:   ft/stage1_epoch ▁▂▃▃▄▅▆▆▇█
wandb: ft/stage1_val_mcc ▁▅▆▆▇▇████
wandb:   ft/stage2_epoch ▁▂▃▃▄▅▆▆▇█
wandb: ft/stage2_val_mcc ▁▂▂▃▄▅▅▆▇█
wandb:      pretrain/ema ▁▁▁▁▁▁▁▂▂▂▂▂▂▃▃▄▄▄▄▄▅▅▅▅▆▆▆▇▇▇▇▇▇███████
wandb:    pretrain/epoch ▁▁▁▁▂▂▂▂▂▃▃▃▃▃▃▄▄▄▄▄▅▅▅▅▅▆▆▆▆▆▆▇▇▇▇▇▇███
wandb:     pretrain/loss █▆▅▅▄▄▄▄▄▃▃▃▃▃▃▃▃▃▃▂▂▂▂▂▂▂▂▂▂▂▂▂▂▁▁▁▁▁▁▁
wandb:  trial_efficiency ▁
wandb:         trial_mcc ▁
wandb:    trial_n_params ▁
wandb:                +1 ...
wandb: 
wandb: Run summary:
wandb:   ft/stage1_epoch 9
wandb: ft/stage1_val_mcc 0.64897
wandb:   ft/stage2_epoch 9
wandb: ft/stage2_val_mcc 0.75736
wandb:      pretrain/ema 0.999
wandb:    pretrain/epoch 49
wandb:     pretrain/loss 0.29047
wandb:  trial_efficiency 166.17681
wandb:         trial_mcc 0.75736
wandb:    trial_n_params 4557568
wandb:                +1 ...
wandb: 
wandb: 🚀 View run hpo_cf_jepa_trial026 at: https://wandb.ai/andreribeiro87-universidade-de-aveiro/inMotion-exotic-hpo/runs/hgje62sv
wandb: ⭐️ View project at: https://wandb.ai/andreribeiro87-universidade-de-aveiro/inMotion-exotic-hpo
wandb: Synced 4 W&B file(s), 0 media file(s), 0 artifact file(s) and 0 other file(s)
wandb: Find logs at: ./wandb/run-20260823_024154-hgje62sv/logs
                                                   87%|████████▋ | 26/30 [4:38:34<43:10, 647.55s/it] 90%|█████████ | 27/30 [4:38:34<42:10, 843.37s/it]wandb: setting up run wbvxtt7d
wandb: Tracking run with wandb version 0.26.0
wandb: Run data is saved locally in /slurm_shared/home/andrepedroribeiro@av.it.pt/inMotion/wandb/run-20260823_030334-wbvxtt7d
wandb: Run `wandb offline` to turn off syncing.
wandb: Syncing run hpo_cf_jepa_trial027
wandb: ⭐️ View project at https://wandb.ai/andreribeiro87-universidade-de-aveiro/inMotion-exotic-hpo
wandb: 🚀 View run at https://wandb.ai/andreribeiro87-universidade-de-aveiro/inMotion-exotic-hpo/runs/wbvxtt7d
wandb: updating run metadata
wandb: uploading wandb-summary.json; uploading config.yaml
wandb: uploading history steps 68-70, summary
wandb: 
wandb: Run history:
wandb:   ft/stage1_epoch ▁▂▃▃▄▅▆▆▇█
wandb: ft/stage1_val_mcc ▁▄▂▄▄▅▄▆█▇
wandb:   ft/stage2_epoch ▁▂▃▃▄▅▆▆▇█
wandb: ft/stage2_val_mcc ▁▃▄▅▅▆▆▇██
wandb:      pretrain/ema ▁▁▁▁▁▁▁▂▂▂▂▂▂▃▃▃▄▄▄▄▅▅▅▅▅▆▆▆▇▇▇▇▇▇██████
wandb:    pretrain/epoch ▁▁▁▁▂▂▂▂▂▂▃▃▃▃▃▄▄▄▄▄▅▅▅▅▅▅▆▆▆▆▆▇▇▇▇▇▇███
wandb:     pretrain/loss █▄▂▂▁▁▁▁▁▁▁▁▁▁▁▁▁▁▁▁▁▁▁▁▁▁▁▁▁▁▁▁▁▁▁▁▁▁▁▁
wandb:  trial_efficiency ▁
wandb:         trial_mcc ▁
wandb:    trial_n_params ▁
wandb:                +1 ...
wandb: 
wandb: Run summary:
wandb:   ft/stage1_epoch 9
wandb: ft/stage1_val_mcc 0.4737
wandb:   ft/stage2_epoch 9
wandb: ft/stage2_val_mcc 0.61683
wandb:      pretrain/ema 0.999
wandb:    pretrain/epoch 49
wandb:     pretrain/loss 0.15866
wandb:  trial_efficiency 525.14107
wandb:         trial_mcc 0.62059
wandb:    trial_n_params 1181760
wandb:                +1 ...
wandb: 
wandb: 🚀 View run hpo_cf_jepa_trial027 at: https://wandb.ai/andreribeiro87-universidade-de-aveiro/inMotion-exotic-hpo/runs/wbvxtt7d
wandb: ⭐️ View project at: https://wandb.ai/andreribeiro87-universidade-de-aveiro/inMotion-exotic-hpo
wandb: Synced 4 W&B file(s), 0 media file(s), 0 artifact file(s) and 0 other file(s)
wandb: Find logs at: ./wandb/run-20260823_030334-wbvxtt7d/logs
                                                   90%|█████████ | 27/30 [5:15:10<42:10, 843.37s/it] 93%|█████████▎| 28/30 [5:15:10<41:38, 1249.22s/it]wandb: setting up run n4xx3m06
wandb: Tracking run with wandb version 0.26.0
wandb: Run data is saved locally in /slurm_shared/home/andrepedroribeiro@av.it.pt/inMotion/wandb/run-20260823_034010-n4xx3m06
wandb: Run `wandb offline` to turn off syncing.
wandb: Syncing run hpo_cf_jepa_trial028
wandb: ⭐️ View project at https://wandb.ai/andreribeiro87-universidade-de-aveiro/inMotion-exotic-hpo
wandb: 🚀 View run at https://wandb.ai/andreribeiro87-universidade-de-aveiro/inMotion-exotic-hpo/runs/n4xx3m06
wandb: updating run metadata
wandb: uploading wandb-summary.json
wandb: uploading history steps 68-70, summary
wandb: 
wandb: Run history:
wandb:   ft/stage1_epoch ▁▂▃▃▄▅▆▆▇█
wandb: ft/stage1_val_mcc ▁▃▅▄▇▆▇▇██
wandb:   ft/stage2_epoch ▁▂▃▃▄▅▆▆▇█
wandb: ft/stage2_val_mcc ▁▁▃▄▄▅▇▇▇█
wandb:      pretrain/ema ▁▁▁▁▁▁▁▁▂▂▂▂▂▃▃▃▄▄▄▄▅▅▅▅▅▆▆▆▇▇▇▇▇▇██████
wandb:    pretrain/epoch ▁▁▁▁▂▂▂▂▂▂▃▃▃▃▃▄▄▄▄▄▅▅▅▅▅▅▆▆▆▆▆▆▇▇▇▇▇███
wandb:     pretrain/loss █▆▅▄▄▃▂▂▂▂▁▁▁▁▁▁▁▁▁▁▁▁▁▁▁▁▁▁▁▁▁▁▁▁▁▁▁▁▁▁
wandb:  trial_efficiency ▁
wandb:         trial_mcc ▁
wandb:    trial_n_params ▁
wandb:                +1 ...
wandb: 
wandb: Run summary:
wandb:   ft/stage1_epoch 9
wandb: ft/stage1_val_mcc 0.63009
wandb:   ft/stage2_epoch 9
wandb: ft/stage2_val_mcc 0.7801
wandb:      pretrain/ema 0.999
wandb:    pretrain/epoch 49
wandb:     pretrain/loss 0.13055
wandb:  trial_efficiency 181.04377
wandb:         trial_mcc 0.7801
wandb:    trial_n_params 4308928
wandb:                +1 ...
wandb: 
wandb: 🚀 View run hpo_cf_jepa_trial028 at: https://wandb.ai/andreribeiro87-universidade-de-aveiro/inMotion-exotic-hpo/runs/n4xx3m06
wandb: ⭐️ View project at: https://wandb.ai/andreribeiro87-universidade-de-aveiro/inMotion-exotic-hpo
wandb: Synced 4 W&B file(s), 0 media file(s), 0 artifact file(s) and 0 other file(s)
wandb: Find logs at: ./wandb/run-20260823_034010-n4xx3m06/logs
                                                    93%|█████████▎| 28/30 [5:48:27<41:38, 1249.22s/it] 97%|█████████▋| 29/30 [5:48:27<24:33, 1473.44s/it]wandb: setting up run doyl54lg
wandb: Tracking run with wandb version 0.26.0
wandb: Run data is saved locally in /slurm_shared/home/andrepedroribeiro@av.it.pt/inMotion/wandb/run-20260823_041326-doyl54lg
wandb: Run `wandb offline` to turn off syncing.
wandb: Syncing run hpo_cf_jepa_trial029
wandb: ⭐️ View project at https://wandb.ai/andreribeiro87-universidade-de-aveiro/inMotion-exotic-hpo
wandb: 🚀 View run at https://wandb.ai/andreribeiro87-universidade-de-aveiro/inMotion-exotic-hpo/runs/doyl54lg
wandb: updating run metadata
wandb: uploading config.yaml
wandb: uploading history steps 66-70, summary
wandb: 
wandb: Run history:
wandb:   ft/stage1_epoch ▁▂▃▃▄▅▆▆▇█
wandb: ft/stage1_val_mcc ▁▂▄▅▇▅▇█▇█
wandb:   ft/stage2_epoch ▁▂▃▃▄▅▆▆▇█
wandb: ft/stage2_val_mcc ▁▂▃▄▅▆▇▇██
wandb:      pretrain/ema ▁▁▁▁▁▁▁▁▂▂▂▂▂▂▃▃▃▄▄▄▄▅▅▅▅▆▆▆▇▇▇▇▇▇██████
wandb:    pretrain/epoch ▁▁▁▁▂▂▂▂▂▂▃▃▃▃▃▄▄▄▄▄▄▅▅▅▅▅▆▆▆▆▆▆▇▇▇▇▇▇██
wandb:     pretrain/loss █▆▅▅▄▃▃▃▂▂▂▂▂▂▂▁▁▁▁▁▁▁▁▁▁▁▁▁▁▁▁▁▁▁▁▁▁▁▁▁
wandb:  trial_efficiency ▁
wandb:         trial_mcc ▁
wandb:    trial_n_params ▁
wandb:                +1 ...
wandb: 
wandb: Run summary:
wandb:   ft/stage1_epoch 9
wandb: ft/stage1_val_mcc 0.68903
wandb:   ft/stage2_epoch 9
wandb: ft/stage2_val_mcc 0.79644
wandb:      pretrain/ema 0.999
wandb:    pretrain/epoch 49
wandb:     pretrain/loss 0.11822
wandb:  trial_efficiency 455.83687
wandb:         trial_mcc 0.80111
wandb:    trial_n_params 1757440
wandb:                +1 ...
wandb: 
wandb: 🚀 View run hpo_cf_jepa_trial029 at: https://wandb.ai/andreribeiro87-universidade-de-aveiro/inMotion-exotic-hpo/runs/doyl54lg
wandb: ⭐️ View project at: https://wandb.ai/andreribeiro87-universidade-de-aveiro/inMotion-exotic-hpo
wandb: Synced 4 W&B file(s), 0 media file(s), 0 artifact file(s) and 0 other file(s)
wandb: Find logs at: ./wandb/run-20260823_041326-doyl54lg/logs
                                                    97%|█████████▋| 29/30 [6:11:50<24:33, 1473.44s/it]100%|██████████| 30/30 [6:11:50<00:00, 1452.18s/it]100%|██████████| 30/30 [6:11:50<00:00, 743.67s/it] 
wandb: setting up run mfzr88ol
wandb: Tracking run with wandb version 0.26.0
wandb: Run data is saved locally in /slurm_shared/home/andrepedroribeiro@av.it.pt/inMotion/wandb/run-20260823_043648-mfzr88ol
wandb: Run `wandb offline` to turn off syncing.
wandb: Syncing run cf_jepa_pretrain_seed42
wandb: ⭐️ View project at https://wandb.ai/andreribeiro87-universidade-de-aveiro/inMotion-exotic-hpo
wandb: 🚀 View run at https://wandb.ai/andreribeiro87-universidade-de-aveiro/inMotion-exotic-hpo/runs/mfzr88ol
wandb: updating run metadata
wandb: uploading output.log; uploading wandb-summary.json
wandb: 
wandb: Run history:
wandb: pretrain/best_probe_mcc ▁
wandb:            pretrain/ema ▁▁▁▁▁▂▂▂▂▂▃▃▃▃▃▄▄▄▄▄▄▄▄▄▅▅▅▆▆▆▆▆▆▆▆▇▇███
wandb:          pretrain/epoch ▁▁▁▁▂▂▂▃▃▃▃▃▃▃▄▄▄▅▅▅▅▅▅▅▅▆▆▆▆▆▆▇▇▇▇▇▇▇██
wandb:             pretrain/lr █████████████▇▇▇▇▇▇▆▆▆▆▅▅▅▅▅▅▅▄▄▄▃▃▂▂▂▁▁
wandb:      pretrain/probe_mcc ███▆▄▅▅▅▄▃▂▃▃▃▁
wandb:     pretrain/train_loss █▃▂▂▂▂▁▁▁▁▁▁▁▁▁▁▁▁▁▁▁▁▁▁▁▁▁▁▁▁▁▁▁▁▁▁▁▁▁▁
wandb:     pretrain/uniformity ▁▁▁▁▁▁▁▅▅▅▅▇▇▇▇▇▇▇▇▇████████████████████
wandb:       pretrain/val_loss ▂▁▁▁▁▂▂▃▃▄▄▄▄▅▅▅▆▆▆▇▇▇▇▇▇▇▇▇▇▇██████████
wandb: 
wandb: Run summary:
wandb: pretrain/best_probe_mcc 0.54147
wandb:            pretrain/ema 0.99298
wandb:          pretrain/epoch 149
wandb:             pretrain/lr 0.00015
wandb:      pretrain/probe_mcc 0.49721
wandb:     pretrain/train_loss 0.1082
wandb:     pretrain/uniformity 3.6973
wandb:       pretrain/val_loss 0.045
wandb: 
wandb: 🚀 View run cf_jepa_pretrain_seed42 at: https://wandb.ai/andreribeiro87-universidade-de-aveiro/inMotion-exotic-hpo/runs/mfzr88ol
wandb: ⭐️ View project at: https://wandb.ai/andreribeiro87-universidade-de-aveiro/inMotion-exotic-hpo
wandb: Synced 5 W&B file(s), 0 media file(s), 0 artifact file(s) and 0 other file(s)
wandb: Find logs at: ./wandb/run-20260823_043648-mfzr88ol/logs
wandb: W&B API key is configured. Use `wandb login --relogin` to force relogin
wandb: setting up run ljjn05we
wandb: Tracking run with wandb version 0.26.0
wandb: Run data is saved locally in /slurm_shared/home/andrepedroribeiro@av.it.pt/inMotion/wandb/run-20260823_055704-ljjn05we
wandb: Run `wandb offline` to turn off syncing.
wandb: Syncing run cf_jepa_ft_seed42_s1
wandb: ⭐️ View project at https://wandb.ai/andreribeiro87-universidade-de-aveiro/inMotion-exotic-hpo
wandb: 🚀 View run at https://wandb.ai/andreribeiro87-universidade-de-aveiro/inMotion-exotic-hpo/runs/ljjn05we
wandb: updating run metadata; uploading artifact run-ljjn05we-final_val_confusion_matrix_table
wandb: uploading artifact run-ljjn05we-final_val_confusion_matrix_table
wandb: uploading history steps 12-12, summary
wandb: 
wandb: Run history:
wandb:                       best_epoch ▁
wandb:                     best_val_mcc ▁
wandb:                            epoch ▁▂▂▃▄▄▅▅▆▇▇█
wandb:                    final_val_acc ▁
wandb:               final_val_f1_macro ▁
wandb:                   final_val_loss ▁
wandb:  final_val_per_class/AA/f1-score ▁
wandb: final_val_per_class/AA/precision ▁
wandb:    final_val_per_class/AA/recall ▁
wandb:   final_val_per_class/AA/support ▁
wandb:                              +25 ...
wandb: 
wandb: Run summary:
wandb:                       best_epoch 10
wandb:                     best_val_mcc 0.61175
wandb:                            epoch 12
wandb:                    final_val_acc 0.70843
wandb:               final_val_f1_macro 0.70888
wandb:                   final_val_loss 0.97766
wandb:  final_val_per_class/AA/f1-score 0.69273
wandb: final_val_per_class/AA/precision 0.67442
wandb:    final_val_per_class/AA/recall 0.71205
wandb:   final_val_per_class/AA/support 896
wandb:                              +25 ...
wandb: 
wandb: 🚀 View run cf_jepa_ft_seed42_s1 at: https://wandb.ai/andreribeiro87-universidade-de-aveiro/inMotion-exotic-hpo/runs/ljjn05we
wandb: ⭐️ View project at: https://wandb.ai/andreribeiro87-universidade-de-aveiro/inMotion-exotic-hpo
wandb: Synced 4 W&B file(s), 1 media file(s), 2 artifact file(s) and 0 other file(s)
wandb: Find logs at: ./wandb/run-20260823_055704-ljjn05we/logs
wandb: setting up run 72xrt618
wandb: Tracking run with wandb version 0.26.0
wandb: Run data is saved locally in /slurm_shared/home/andrepedroribeiro@av.it.pt/inMotion/wandb/run-20260823_055741-72xrt618
wandb: Run `wandb offline` to turn off syncing.
wandb: Syncing run cf_jepa_ft_seed42_s2
wandb: ⭐️ View project at https://wandb.ai/andreribeiro87-universidade-de-aveiro/inMotion-exotic-hpo
wandb: 🚀 View run at https://wandb.ai/andreribeiro87-universidade-de-aveiro/inMotion-exotic-hpo/runs/72xrt618
wandb: updating run metadata; uploading artifact run-72xrt618-final_val_confusion_matrix_table
wandb: uploading artifact run-72xrt618-final_val_confusion_matrix_table
wandb: uploading media/table/final_val_confusion_matrix_table_38_23e23d7775505b7a8e7f.table.json; uploading wandb-summary.json; uploading config.yaml
wandb: uploading wandb-summary.json; uploading config.yaml
wandb: 
wandb: Run history:
wandb:                       best_epoch ▁
wandb:                     best_val_mcc ▁
wandb:                            epoch ▁▁▁▂▂▂▂▂▃▃▃▃▃▃▄▄▄▄▄▅▅▅▅▅▆▆▆▆▆▆▇▇▇▇▇███
wandb:                    final_val_acc ▁
wandb:               final_val_f1_macro ▁
wandb:                   final_val_loss ▁
wandb:  final_val_per_class/AA/f1-score ▁
wandb: final_val_per_class/AA/precision ▁
wandb:    final_val_per_class/AA/recall ▁
wandb:   final_val_per_class/AA/support ▁
wandb:                              +25 ...
wandb: 
wandb: Run summary:
wandb:                       best_epoch 38
wandb:                     best_val_mcc 0.72963
wandb:                            epoch 38
wandb:                    final_val_acc 0.7966
wandb:               final_val_f1_macro 0.79745
wandb:                   final_val_loss 0.83057
wandb:  final_val_per_class/AA/f1-score 0.76079
wandb: final_val_per_class/AA/precision 0.72783
wandb:    final_val_per_class/AA/recall 0.79688
wandb:   final_val_per_class/AA/support 896
wandb:                              +25 ...
wandb: 
wandb: 🚀 View run cf_jepa_ft_seed42_s2 at: https://wandb.ai/andreribeiro87-universidade-de-aveiro/inMotion-exotic-hpo/runs/72xrt618
wandb: ⭐️ View project at: https://wandb.ai/andreribeiro87-universidade-de-aveiro/inMotion-exotic-hpo
wandb: Synced 4 W&B file(s), 1 media file(s), 2 artifact file(s) and 0 other file(s)
wandb: Find logs at: ./wandb/run-20260823_055741-72xrt618/logs

  [Trial 023] MCC=0.8193 params=1.73M
[I 2026-08-23 02:30:26,742] Trial 24 finished with values: [0.8335712094330812, 2337984.0] and parameters: {'d_model': 192, 'nhead': 8, 'num_layers': 4, 'dim_ff': 256, 'pred_dim': 128, 'pred_layers': 3, 'pretrain_lr': 7.21087645427261e-05, 'finetune_lr': 0.0031749883464243815, 'ema_start': 0.9967908858667621}.
  [Trial 024] MCC=0.8336 params=2.34M
[I 2026-08-23 02:41:52,234] Trial 25 finished with values: [0.8249146338033739, 4112320.0] and parameters: {'d_model': 192, 'nhead': 4, 'num_layers': 4, 'dim_ff': 768, 'pred_dim': 128, 'pred_layers': 3, 'pretrain_lr': 0.0001402412507055007, 'finetune_lr': 0.0018351620695519345, 'ema_start': 0.9940360096978049}.
  [Trial 025] MCC=0.8249 params=4.11M
[I 2026-08-23 03:03:32,482] Trial 26 finished with values: [0.7573621036423224, 4557568.0] and parameters: {'d_model': 256, 'nhead': 8, 'num_layers': 4, 'dim_ff': 512, 'pred_dim': 128, 'pred_layers': 2, 'pretrain_lr': 1.714486354167326e-05, 'finetune_lr': 0.00019318943133016047, 'ema_start': 0.9968535956854573}.
  [Trial 026] MCC=0.7574 params=4.56M
[I 2026-08-23 03:40:08,615] Trial 27 finished with values: [0.6205907080228439, 1181760.0] and parameters: {'d_model': 128, 'nhead': 4, 'num_layers': 4, 'dim_ff': 256, 'pred_dim': 64, 'pred_layers': 3, 'pretrain_lr': 0.0007843269804336331, 'finetune_lr': 0.00937566600133442, 'ema_start': 0.9967804036673305}.
  [Trial 027] MCC=0.6206 params=1.18M
[I 2026-08-23 04:13:25,217] Trial 28 finished with values: [0.7801045677467937, 4308928.0] and parameters: {'d_model': 256, 'nhead': 4, 'num_layers': 4, 'dim_ff': 512, 'pred_dim': 64, 'pred_layers': 1, 'pretrain_lr': 0.00019880193364014653, 'finetune_lr': 0.003105201294430152, 'ema_start': 0.9952503188858745}.
  [Trial 028] MCC=0.7801 params=4.31M
