                                                    [I 2026-08-22 22:34:04,011] Trial 0 finished with values: [0.6582154193697737, 1147328.0] and parameters: {'d_model': 192, 'nhead': 4, 'num_layers': 1, 'dim_ff': 512, 'pred_dim': 128, 'pred_layers': 3, 'pretrain_lr': 2.6587543983272695e-05, 'finetune_lr': 0.0002310201887845295, 'ema_start': 0.9916506405886809}.
  [Trial 000] MCC=0.6582 params=1.15M
[I 2026-08-22 22:42:46,642] Trial 1 finished with values: [0.7598483491763548, 1054528.0] and parameters: {'d_model': 192, 'nhead': 8, 'num_layers': 1, 'dim_ff': 768, 'pred_dim': 64, 'pred_layers': 2, 'pretrain_lr': 1.2385137298860926e-05, 'finetune_lr': 0.0016409286730647919, 'ema_start': 0.9915347171131856}.
  [Trial 001] MCC=0.7598 params=1.05M
[I 2026-08-22 22:51:07,176] Trial 2 finished with values: [0.6954227553477346, 966912.0] and parameters: {'d_model': 256, 'nhead': 4, 'num_layers': 1, 'dim_ff': 256, 'pred_dim': 128, 'pred_layers': 1, 'pretrain_lr': 0.00021137059440645722, 'finetune_lr': 0.0004201672054372534, 'ema_start': 0.9946806121906003}.
  [Trial 002] MCC=0.6954 params=0.97M
[I 2026-08-22 23:01:36,704] Trial 3 finished with values: [0.7934921106927343, 4557568.0] and parameters: {'d_model': 256, 'nhead': 8, 'num_layers': 4, 'dim_ff': 512, 'pred_dim': 128, 'pred_layers': 2, 'pretrain_lr': 3.488976654890367e-05, 'finetune_lr': 0.004544383960336014, 'ema_start': 0.9932107799402423}.
  [Trial 003] MCC=0.7935 params=4.56M
[I 2026-08-22 23:12:25,776] Trial 4 finished with values: [0.79556646003982, 2114176.0] and parameters: {'d_model': 192, 'nhead': 4, 'num_layers': 4, 'dim_ff': 256, 'pred_dim': 64, 'pred_layers': 3, 'pretrain_lr': 1.4063366777718176e-05, 'finetune_lr': 0.0005211124595788264, 'ema_start': 0.9910428215357262}.
  [Trial 004] MCC=0.7956 params=2.11M
[I 2026-08-22 23:22:04,380] Trial 5 finished with values: [0.8383942740206789, 1591168.0] and parameters: {'d_model': 128, 'nhead': 8, 'num_layers': 2, 'dim_ff': 768, 'pred_dim': 128, 'pred_layers': 3, 'pretrain_lr': 0.0001326033192269654, 'finetune_lr': 0.003482846706526885, 'ema_start': 0.9944441603672796}.
  [Trial 005] MCC=0.8384 params=1.59M
[I 2026-08-22 23:31:38,424] Trial 6 finished with values: [0.7708208659295492, 1788544.0] and parameters: {'d_model': 128, 'nhead': 4, 'num_layers': 3, 'dim_ff': 768, 'pred_dim': 128, 'pred_layers': 1, 'pretrain_lr': 1.425475704402744e-05, 'finetune_lr': 0.0003797544798678418, 'ema_start': 0.991450991585286}.
  [Trial 006] MCC=0.7708 params=1.79M
[I 2026-08-22 23:40:01,077] Trial 7 finished with values: [0.7750998331590317, 319936.0] and parameters: {'d_model': 128, 'nhead': 4, 'num_layers': 1, 'dim_ff': 256, 'pred_dim': 64, 'pred_layers': 1, 'pretrain_lr': 7.148510793512978e-05, 'finetune_lr': 0.00432543242796456, 'ema_start': 0.9977465752493071}.
  [Trial 007] MCC=0.7751 params=0.32M
[I 2026-08-22 23:49:49,044] Trial 8 finished with values: [0.7988769574535742, 1347008.0] and parameters: {'d_model': 192, 'nhead': 4, 'num_layers': 2, 'dim_ff': 256, 'pred_dim': 128, 'pred_layers': 3, 'pretrain_lr': 3.188339735100187e-05, 'finetune_lr': 0.0009874088417386245, 'ema_start': 0.9927079047883509}.
  [Trial 008] MCC=0.7989 params=1.35M
[I 2026-08-22 23:59:31,695] Trial 9 finished with values: [0.6521135979730915, 1829344.0] and parameters: {'d_model': 256, 'nhead': 4, 'num_layers': 2, 'dim_ff': 256, 'pred_dim': 96, 'pred_layers': 3, 'pretrain_lr': 0.00033361013094697806, 'finetune_lr': 0.00029872741995638395, 'ema_start': 0.9965539471375068}.
  [Trial 009] MCC=0.6521 params=1.83M
[I 2026-08-23 00:09:57,746] Trial 10 finished with values: [0.8270061101986593, 3350016.0] and parameters: {'d_model': 256, 'nhead': 4, 'num_layers': 4, 'dim_ff': 256, 'pred_dim': 96, 'pred_layers': 2, 'pretrain_lr': 2.8378638146176247e-05, 'finetune_lr': 0.0019513967655934471, 'ema_start': 0.9915692978610449}.
  [Trial 010] MCC=0.8270 params=3.35M
[I 2026-08-23 00:18:40,560] Trial 11 finished with values: [0.6639516428912391, 975360.0] and parameters: {'d_model': 256, 'nhead': 8, 'num_layers': 1, 'dim_ff': 256, 'pred_dim': 96, 'pred_layers': 2, 'pretrain_lr': 3.0458224385894053e-05, 'finetune_lr': 0.00015353434324857047, 'ema_start': 0.99807494182158}.
  [Trial 011] MCC=0.6640 params=0.98M
[I 2026-08-23 00:29:08,294] Trial 12 finished with values: [0.6721293894820815, 1297792.0] and parameters: {'d_model': 128, 'nhead': 8, 'num_layers': 4, 'dim_ff': 256, 'pred_dim': 128, 'pred_layers': 2, 'pretrain_lr': 1.0432637161302079e-05, 'finetune_lr': 0.00015956700210656633, 'ema_start': 0.9959715159219725}.
  [Trial 012] MCC=0.6721 params=1.30M
[I 2026-08-23 00:37:59,977] Trial 13 finished with values: [0.6606164073777012, 1066496.0] and parameters: {'d_model': 256, 'nhead': 4, 'num_layers': 1, 'dim_ff': 256, 'pred_dim': 128, 'pred_layers': 2, 'pretrain_lr': 0.00013696739838480054, 'finetune_lr': 0.00015393931002140855, 'ema_start': 0.9933094422275349}.
  [Trial 013] MCC=0.6606 params=1.07M
[I 2026-08-23 00:47:37,131] Trial 14 finished with values: [0.8410488178888961, 2550016.0] and parameters: {'d_model': 256, 'nhead': 8, 'num_layers': 3, 'dim_ff': 256, 'pred_dim': 128, 'pred_layers': 1, 'pretrain_lr': 1.1184895551664498e-05, 'finetune_lr': 0.001954090133022007, 'ema_start': 0.9915939961146635}.
  [Trial 014] MCC=0.8410 params=2.55M
[I 2026-08-23 00:58:36,513] Trial 15 finished with values: [0.7511848169801801, 2952192.0] and parameters: {'d_model': 192, 'nhead': 4, 'num_layers': 4, 'dim_ff': 512, 'pred_dim': 64, 'pred_layers': 3, 'pretrain_lr': 4.303720019143251e-05, 'finetune_lr': 0.00021826570038901196, 'ema_start': 0.9950112113621251}.
  [Trial 015] MCC=0.7512 params=2.95M
[I 2026-08-23 01:09:08,416] Trial 16 finished with values: [0.8251282705424752, 2267008.0] and parameters: {'d_model': 128, 'nhead': 8, 'num_layers': 4, 'dim_ff': 768, 'pred_dim': 64, 'pred_layers': 2, 'pretrain_lr': 3.86530428803215e-05, 'finetune_lr': 0.004156447611486069, 'ema_start': 0.9972910205521126}.
  [Trial 016] MCC=0.8251 params=2.27M
[I 2026-08-23 01:19:25,608] Trial 17 finished with values: [0.8287206453377738, 2937408.0] and parameters: {'d_model': 192, 'nhead': 8, 'num_layers': 3, 'dim_ff': 768, 'pred_dim': 96, 'pred_layers': 2, 'pretrain_lr': 1.1800069021089958e-05, 'finetune_lr': 0.0008534852819566894, 'ema_start': 0.9948838017123682}.
  [Trial 017] MCC=0.8287 params=2.94M
[I 2026-08-23 01:28:43,207] Trial 18 finished with values: [0.812904506434481, 1935840.0] and parameters: {'d_model': 192, 'nhead': 8, 'num_layers': 2, 'dim_ff': 768, 'pred_dim': 96, 'pred_layers': 1, 'pretrain_lr': 0.00011553385460530907, 'finetune_lr': 0.0012057860169848358, 'ema_start': 0.9957368691134838}.
  [Trial 018] MCC=0.8129 params=1.94M
[I 2026-08-23 01:38:15,839] Trial 19 finished with values: [0.7131776152391611, 1089728.0] and parameters: {'d_model': 192, 'nhead': 8, 'num_layers': 2, 'dim_ff': 256, 'pred_dim': 64, 'pred_layers': 2, 'pretrain_lr': 2.2212049883899376e-05, 'finetune_lr': 0.0002055294619639017, 'ema_start': 0.9922521860834813}.
  [Trial 019] MCC=0.7132 params=1.09M
[I 2026-08-23 01:48:43,051] Trial 20 finished with values: [0.6970281695271086, 2267584.0] and parameters: {'d_model': 192, 'nhead': 8, 'num_layers': 3, 'dim_ff': 512, 'pred_dim': 128, 'pred_layers': 1, 'pretrain_lr': 1.706653206390032e-05, 'finetune_lr': 0.00012359624712587392, 'ema_start': 0.9903665592208707}.
  [Trial 020] MCC=0.6970 params=2.27M
[I 2026-08-23 01:58:16,123] Trial 21 finished with values: [0.7923138121285855, 997504.0] and parameters: {'d_model': 128, 'nhead': 8, 'num_layers': 2, 'dim_ff': 512, 'pred_dim': 96, 'pred_layers': 2, 'pretrain_lr': 0.0001785335461982821, 'finetune_lr': 0.0010145478086525616, 'ema_start': 0.9977084085706949}.
  [Trial 021] MCC=0.7923 params=1.00M
[I 2026-08-23 02:08:45,353] Trial 22 finished with values: [0.8002283993840402, 916800.0] and parameters: {'d_model': 128, 'nhead': 4, 'num_layers': 3, 'dim_ff': 256, 'pred_dim': 64, 'pred_layers': 3, 'pretrain_lr': 5.9184131047454885e-05, 'finetune_lr': 0.008363366476207685, 'ema_start': 0.9981481557776045}.
  [Trial 022] MCC=0.8002 params=0.92M
