[I 2026-08-23 04:36:47,811] Trial 29 finished with values: [0.80110595077674, 1757440.0] and parameters: {'d_model': 128, 'nhead': 4, 'num_layers': 4, 'dim_ff': 512, 'pred_dim': 128, 'pred_layers': 1, 'pretrain_lr': 0.00012814703696157852, 'finetune_lr': 0.008681705931439066, 'ema_start': 0.9947078805975313}.
  [Trial 029] MCC=0.8011 params=1.76M

  Pareto frontier (4 points):
    MCC=0.8410  params=2.55M  {'d_model': 256, 'nhead': 8, 'num_layers': 3, 'dim_ff': 256, 'pred_dim': 128, 'pred_layers': 1, 'pretrain_lr': 1.1184895551664498e-05, 'finetune_lr': 0.001954090133022007, 'ema_start': 0.9915939961146635}
    MCC=0.8384  params=1.59M  {'d_model': 128, 'nhead': 8, 'num_layers': 2, 'dim_ff': 768, 'pred_dim': 128, 'pred_layers': 3, 'pretrain_lr': 0.0001326033192269654, 'finetune_lr': 0.003482846706526885, 'ema_start': 0.9944441603672796}
    MCC=0.8002  params=0.92M  {'d_model': 128, 'nhead': 4, 'num_layers': 3, 'dim_ff': 256, 'pred_dim': 64, 'pred_layers': 3, 'pretrain_lr': 5.9184131047454885e-05, 'finetune_lr': 0.008363366476207685, 'ema_start': 0.9981481557776045}
    MCC=0.7751  params=0.32M  {'d_model': 128, 'nhead': 4, 'num_layers': 1, 'dim_ff': 256, 'pred_dim': 64, 'pred_layers': 1, 'pretrain_lr': 7.148510793512978e-05, 'finetune_lr': 0.00432543242796456, 'ema_start': 0.9977465752493071}

============================================================
Phase 1: SSL Pretraining (cf_jepa)
============================================================
Pretraining 300 epochs (cf_jepa)...
  epoch   1/300 | train=0.5310 | val=0.0135 | ema=0.9900
  epoch  10/300 | train=0.1662 | val=0.0069 | ema=0.9900 | probe=0.541
  epoch  20/300 | train=0.1347 | val=0.0106 | ema=0.9901 | probe=0.539
  epoch  21/300 | train=0.1320 | val=0.0108 | ema=0.9901
  epoch  30/300 | train=0.1205 | val=0.0157 | ema=0.9901 | probe=0.540
  epoch  40/300 | train=0.1132 | val=0.0226 | ema=0.9902 | probe=0.528
  epoch  41/300 | train=0.1132 | val=0.0234 | ema=0.9903
  epoch  50/300 | train=0.1133 | val=0.0297 | ema=0.9904 | probe=0.516
  epoch  60/300 | train=0.1121 | val=0.0338 | ema=0.9906 | probe=0.524
  epoch  61/300 | train=0.1123 | val=0.0338 | ema=0.9906
  epoch  70/300 | train=0.1117 | val=0.0365 | ema=0.9908 | probe=0.521
  epoch  80/300 | train=0.1118 | val=0.0397 | ema=0.9910 | probe=0.519
  epoch  81/300 | train=0.1123 | val=0.0399 | ema=0.9910
  epoch  90/300 | train=0.1114 | val=0.0415 | ema=0.9912 | probe=0.515
  epoch 100/300 | train=0.1098 | val=0.0421 | ema=0.9915 | probe=0.513
  epoch 101/300 | train=0.1104 | val=0.0425 | ema=0.9915
  epoch 110/300 | train=0.1101 | val=0.0431 | ema=0.9918 | probe=0.505
  epoch 120/300 | train=0.1089 | val=0.0436 | ema=0.9921 | probe=0.510
  epoch 121/300 | train=0.1091 | val=0.0438 | ema=0.9921
  epoch 130/300 | train=0.1087 | val=0.0443 | ema=0.9924 | probe=0.513
  epoch 140/300 | train=0.1092 | val=0.0447 | ema=0.9927 | probe=0.510
  epoch 141/300 | train=0.1084 | val=0.0446 | ema=0.9927
  epoch 150/300 | train=0.1082 | val=0.0450 | ema=0.9930 | probe=0.497
  Early stopping at epoch 150 (probe MCC not improving, best=0.5415)
Pretraining done in 4812s. Best probe MCC: 0.5415
Checkpoint: 20-aug/models/exotic/normal-new-ds/cf_jepa_pretrain_best.pt
Visualization summary: models/exotic/viz/cf_jepa_seed42/pretrain_summary.png

============================================================
Phase 2: Fine-tuning (cf_jepa)
============================================================
Stage 1: Training classification head (encoder frozen)...
  Stage 1 best val MCC: 0.6117 (37s)
Stage 2: Full fine-tuning (encoder unfrozen)...
Fine-tuning done in 204s.
  Best val MCC: 0.7296
  Test MCC:     0.7282170552472171

Results appended to 20-aug/results/exotic/normal-new-ds/exotic_results.csv
