[I 2026-08-22 22:24:57,651] A new study created in RDB with name: exotic_cf_jepa_pareto
Device: cuda:0
Model:  cf_jepa
Data:   dataset_augmented3.csv
Seed:   42

============================================================
HPO: cf_jepa — 30 trials
  Train: 28671 samples, Val: 7168 samples
============================================================
  0%|          | 0/30 [00:00<?, ?it/s]wandb: [wandb.login()] Loaded credentials for https://api.wandb.ai from WANDB_API_KEY.
wandb: Currently logged in as: andreribeiro87 (andreribeiro87-universidade-de-aveiro) to https://api.wandb.ai. Use `wandb login --relogin` to force relogin
wandb: WARNING Using a boolean value for 'reinit' is deprecated. Use 'return_previous' or 'finish_previous' instead.
wandb: setting up run 673cipte
wandb: Tracking run with wandb version 0.26.0
wandb: Run data is saved locally in /slurm_shared/home/andrepedroribeiro@av.it.pt/inMotion/wandb/run-20260822_222500-673cipte
wandb: Run `wandb offline` to turn off syncing.
wandb: Syncing run hpo_cf_jepa_trial000
wandb: ⭐️ View project at https://wandb.ai/andreribeiro87-universidade-de-aveiro/inMotion-exotic-hpo
wandb: 🚀 View run at https://wandb.ai/andreribeiro87-universidade-de-aveiro/inMotion-exotic-hpo/runs/673cipte
wandb: updating run metadata
wandb: uploading wandb-summary.json; uploading config.yaml
wandb: uploading history steps 61-70, summary
wandb: 
wandb: Run history:
wandb:   ft/stage1_epoch ▁▂▃▃▄▅▆▆▇█
wandb: ft/stage1_val_mcc ▁▃▅▆▆▇▇▇█▇
wandb:   ft/stage2_epoch ▁▂▃▃▄▅▆▆▇█
wandb: ft/stage2_val_mcc ▁▂▃▅▄▅▆▇▇█
wandb:      pretrain/ema ▁▁▁▁▁▁▁▁▂▂▂▂▂▃▃▃▄▄▄▄▅▅▅▅▅▆▆▆▇▇▇▇▇███████
wandb:    pretrain/epoch ▁▁▁▁▂▂▂▂▂▂▃▃▃▃▃▄▄▄▄▄▄▅▅▅▅▅▅▆▆▆▆▆▇▇▇▇▇▇██
wandb:     pretrain/loss █▆▅▄▄▄▄▃▃▃▃▃▃▃▃▂▂▂▂▂▂▂▂▂▂▂▂▂▁▂▁▁▁▁▁▁▁▁▁▁
wandb:  trial_efficiency ▁
wandb:         trial_mcc ▁
wandb:    trial_n_params ▁
wandb:                +1 ...
wandb: 
wandb: Run summary:
wandb:   ft/stage1_epoch 9
wandb: ft/stage1_val_mcc 0.61951
wandb:   ft/stage2_epoch 9
wandb: ft/stage2_val_mcc 0.65822
wandb:      pretrain/ema 0.999
wandb:    pretrain/epoch 49
wandb:     pretrain/loss 0.23205
wandb:  trial_efficiency 573.6942
wandb:         trial_mcc 0.65822
wandb:    trial_n_params 1147328
wandb:                +1 ...
wandb: 
wandb: 🚀 View run hpo_cf_jepa_trial000 at: https://wandb.ai/andreribeiro87-universidade-de-aveiro/inMotion-exotic-hpo/runs/673cipte
wandb: ⭐️ View project at: https://wandb.ai/andreribeiro87-universidade-de-aveiro/inMotion-exotic-hpo
wandb: Synced 4 W&B file(s), 0 media file(s), 0 artifact file(s) and 0 other file(s)
wandb: Find logs at: ./wandb/run-20260822_222500-673cipte/logs
                                        0%|          | 0/30 [09:06<?, ?it/s]  3%|▎         | 1/30 [09:06<4:24:04, 546.36s/it]wandb: setting up run saysz0cr
wandb: Tracking run with wandb version 0.26.0
wandb: Run data is saved locally in /slurm_shared/home/andrepedroribeiro@av.it.pt/inMotion/wandb/run-20260822_223405-saysz0cr
wandb: Run `wandb offline` to turn off syncing.
wandb: Syncing run hpo_cf_jepa_trial001
wandb: ⭐️ View project at https://wandb.ai/andreribeiro87-universidade-de-aveiro/inMotion-exotic-hpo
wandb: 🚀 View run at https://wandb.ai/andreribeiro87-universidade-de-aveiro/inMotion-exotic-hpo/runs/saysz0cr
wandb: updating run metadata
wandb: uploading config.yaml
wandb: 
wandb: Run history:
wandb:   ft/stage1_epoch ▁▂▃▃▄▅▆▆▇█
wandb: ft/stage1_val_mcc ▁▂▃▂▆▅▆▆██
wandb:   ft/stage2_epoch ▁▂▃▃▄▅▆▆▇█
wandb: ft/stage2_val_mcc ▁▂▃▄▄▅▆▇██
wandb:      pretrain/ema ▁▁▁▁▁▁▁▂▂▂▂▂▂▃▃▃▄▄▄▄▅▅▅▅▅▆▆▆▇▇▇▇▇▇██████
wandb:    pretrain/epoch ▁▁▁▁▂▂▂▂▂▂▃▃▃▃▃▄▄▄▄▄▄▅▅▅▅▅▅▆▆▆▆▆▇▇▇▇▇▇██
wandb:     pretrain/loss █▆▅▅▄▃▃▃▃▃▃▃▂▂▂▂▂▂▂▂▂▂▂▂▂▂▂▂▁▁▁▁▁▁▁▁▁▁▁▁
wandb:  trial_efficiency ▁
wandb:         trial_mcc ▁
wandb:    trial_n_params ▁
wandb:                +1 ...
wandb: 
wandb: Run summary:
wandb:   ft/stage1_epoch 9
wandb: ft/stage1_val_mcc 0.66013
wandb:   ft/stage2_epoch 9
wandb: ft/stage2_val_mcc 0.75985
wandb:      pretrain/ema 0.999
wandb:    pretrain/epoch 49
wandb:     pretrain/loss 0.36874
wandb:  trial_efficiency 720.55777
wandb:         trial_mcc 0.75985
wandb:    trial_n_params 1054528
wandb:                +1 ...
wandb: 
wandb: 🚀 View run hpo_cf_jepa_trial001 at: https://wandb.ai/andreribeiro87-universidade-de-aveiro/inMotion-exotic-hpo/runs/saysz0cr
wandb: ⭐️ View project at: https://wandb.ai/andreribeiro87-universidade-de-aveiro/inMotion-exotic-hpo
wandb: Synced 4 W&B file(s), 0 media file(s), 0 artifact file(s) and 0 other file(s)
wandb: Find logs at: ./wandb/run-20260822_223405-saysz0cr/logs
                                                   3%|▎         | 1/30 [17:48<4:24:04, 546.36s/it]  7%|▋         | 2/30 [17:48<4:08:27, 532.40s/it]wandb: setting up run d4ap4kfs
wandb: Tracking run with wandb version 0.26.0
wandb: Run data is saved locally in /slurm_shared/home/andrepedroribeiro@av.it.pt/inMotion/wandb/run-20260822_224248-d4ap4kfs
wandb: Run `wandb offline` to turn off syncing.
wandb: Syncing run hpo_cf_jepa_trial002
wandb: ⭐️ View project at https://wandb.ai/andreribeiro87-universidade-de-aveiro/inMotion-exotic-hpo
wandb: 🚀 View run at https://wandb.ai/andreribeiro87-universidade-de-aveiro/inMotion-exotic-hpo/runs/d4ap4kfs
wandb: updating run metadata
wandb: uploading history steps 60-70, summary
wandb: 
wandb: Run history:
wandb:   ft/stage1_epoch ▁▂▃▃▄▅▆▆▇█
wandb: ft/stage1_val_mcc ▁▃▄▅▆▆▆▇▇█
wandb:   ft/stage2_epoch ▁▂▃▃▄▅▆▆▇█
wandb: ft/stage2_val_mcc ▁▂▃▃▄▅▅▇██
wandb:      pretrain/ema ▁▁▁▁▁▁▁▁▂▂▂▂▂▂▃▃▃▄▄▄▅▅▅▅▅▆▆▆▇▇▇▇▇▇██████
wandb:    pretrain/epoch ▁▁▁▁▂▂▂▂▂▃▃▃▃▃▃▄▄▄▄▄▅▅▅▅▅▆▆▆▆▆▆▇▇▇▇▇▇███
wandb:     pretrain/loss █▅▄▄▃▂▂▂▂▂▂▂▂▁▁▁▁▁▁▁▁▁▁▁▁▁▁▁▁▁▁▁▁▁▁▁▁▁▁▁
wandb:  trial_efficiency ▁
wandb:         trial_mcc ▁
wandb:    trial_n_params ▁
wandb:                +1 ...
wandb: 
wandb: Run summary:
wandb:   ft/stage1_epoch 9
wandb: ft/stage1_val_mcc 0.65836
wandb:   ft/stage2_epoch 9
wandb: ft/stage2_val_mcc 0.69542
wandb:      pretrain/ema 0.999
wandb:    pretrain/epoch 49
wandb:     pretrain/loss 0.12502
wandb:  trial_efficiency 719.22032
wandb:         trial_mcc 0.69542
wandb:    trial_n_params 966912
wandb:                +1 ...
wandb: 
wandb: 🚀 View run hpo_cf_jepa_trial002 at: https://wandb.ai/andreribeiro87-universidade-de-aveiro/inMotion-exotic-hpo/runs/d4ap4kfs
wandb: ⭐️ View project at: https://wandb.ai/andreribeiro87-universidade-de-aveiro/inMotion-exotic-hpo
wandb: Synced 4 W&B file(s), 0 media file(s), 0 artifact file(s) and 0 other file(s)
wandb: Find logs at: ./wandb/run-20260822_224248-d4ap4kfs/logs
                                                   7%|▋         | 2/30 [26:09<4:08:27, 532.40s/it] 10%|█         | 3/30 [26:09<3:53:01, 517.85s/it]wandb: setting up run 3qpn5465
wandb: Tracking run with wandb version 0.26.0
wandb: Run data is saved locally in /slurm_shared/home/andrepedroribeiro@av.it.pt/inMotion/wandb/run-20260822_225108-3qpn5465
wandb: Run `wandb offline` to turn off syncing.
wandb: Syncing run hpo_cf_jepa_trial003
wandb: ⭐️ View project at https://wandb.ai/andreribeiro87-universidade-de-aveiro/inMotion-exotic-hpo
wandb: 🚀 View run at https://wandb.ai/andreribeiro87-universidade-de-aveiro/inMotion-exotic-hpo/runs/3qpn5465
wandb: updating run metadata
wandb: uploading wandb-summary.json; uploading config.yaml
wandb: 
wandb: Run history:
wandb:   ft/stage1_epoch ▁▂▃▃▄▅▆▆▇█
wandb: ft/stage1_val_mcc ▁▁▂▃▅▅▆▇▇█
wandb:   ft/stage2_epoch ▁▂▃▃▄▅▆▆▇█
wandb: ft/stage2_val_mcc ▁▃▄▅▆▇▇███
wandb:      pretrain/ema ▁▁▁▁▁▁▁▁▂▂▂▂▂▂▃▃▃▄▄▄▄▅▅▅▅▆▆▆▆▇▇▇▇▇██████
wandb:    pretrain/epoch ▁▁▁▁▂▂▂▂▂▂▃▃▃▃▃▄▄▄▄▄▅▅▅▅▅▆▆▆▆▆▆▇▇▇▇▇▇███
wandb:     pretrain/loss █▆▅▅▅▄▄▄▄▄▄▃▃▃▃▃▃▃▃▃▂▂▂▂▂▂▂▂▂▂▁▁▁▁▁▁▁▁▁▁
wandb:  trial_efficiency ▁
wandb:         trial_mcc ▁
wandb:    trial_n_params ▁
wandb:                +1 ...
wandb: 
wandb: Run summary:
wandb:   ft/stage1_epoch 9
wandb: ft/stage1_val_mcc 0.71196
wandb:   ft/stage2_epoch 9
wandb: ft/stage2_val_mcc 0.79349
wandb:      pretrain/ema 0.999
wandb:    pretrain/epoch 49
wandb:     pretrain/loss 0.16523
wandb:  trial_efficiency 174.10428
wandb:         trial_mcc 0.79349
wandb:    trial_n_params 4557568
wandb:                +1 ...
wandb: 
wandb: 🚀 View run hpo_cf_jepa_trial003 at: https://wandb.ai/andreribeiro87-universidade-de-aveiro/inMotion-exotic-hpo/runs/3qpn5465
wandb: ⭐️ View project at: https://wandb.ai/andreribeiro87-universidade-de-aveiro/inMotion-exotic-hpo
wandb: Synced 4 W&B file(s), 0 media file(s), 0 artifact file(s) and 0 other file(s)
wandb: Find logs at: ./wandb/run-20260822_225108-3qpn5465/logs
                                                  10%|█         | 3/30 [36:39<3:53:01, 517.85s/it] 13%|█▎        | 4/30 [36:39<4:03:30, 561.94s/it]wandb: setting up run h52xn0qm
wandb: Tracking run with wandb version 0.26.0
wandb: Run data is saved locally in /slurm_shared/home/andrepedroribeiro@av.it.pt/inMotion/wandb/run-20260822_230138-h52xn0qm
wandb: Run `wandb offline` to turn off syncing.
wandb: Syncing run hpo_cf_jepa_trial004
wandb: ⭐️ View project at https://wandb.ai/andreribeiro87-universidade-de-aveiro/inMotion-exotic-hpo
wandb: 🚀 View run at https://wandb.ai/andreribeiro87-universidade-de-aveiro/inMotion-exotic-hpo/runs/h52xn0qm
wandb: updating run metadata
wandb: uploading wandb-summary.json; uploading config.yaml
wandb: uploading history steps 66-70, summary
wandb: 
wandb: Run history:
wandb:   ft/stage1_epoch ▁▂▃▃▄▅▆▆▇█
wandb: ft/stage1_val_mcc ▁▂▄▄▅▅▇▇▇█
wandb:   ft/stage2_epoch ▁▂▃▃▄▅▆▆▇█
wandb: ft/stage2_val_mcc ▁▂▂▃▄▅▆▇▇█
wandb:      pretrain/ema ▁▁▁▁▁▁▁▁▂▂▂▂▂▂▃▃▃▄▄▄▅▅▅▅▅▆▆▆▇▇▇▇▇▇██████
wandb:    pretrain/epoch ▁▁▁▁▂▂▂▂▂▂▃▃▃▃▄▄▄▄▄▄▅▅▅▅▅▆▆▆▆▆▆▇▇▇▇▇▇███
wandb:     pretrain/loss █▅▅▄▄▄▄▃▃▃▃▃▃▃▃▂▂▂▂▂▂▂▂▂▂▂▂▂▂▂▁▁▁▁▁▁▁▁▁▁
wandb:  trial_efficiency ▁
wandb:         trial_mcc ▁
wandb:    trial_n_params ▁
wandb:                +1 ...
wandb: 
wandb: Run summary:
wandb:   ft/stage1_epoch 9
wandb: ft/stage1_val_mcc 0.66293
wandb:   ft/stage2_epoch 9
wandb: ft/stage2_val_mcc 0.79557
wandb:      pretrain/ema 0.999
wandb:    pretrain/epoch 49
wandb:     pretrain/loss 0.3406
wandb:  trial_efficiency 376.30096
wandb:         trial_mcc 0.79557
wandb:    trial_n_params 2114176
wandb:                +1 ...
wandb: 
wandb: 🚀 View run hpo_cf_jepa_trial004 at: https://wandb.ai/andreribeiro87-universidade-de-aveiro/inMotion-exotic-hpo/runs/h52xn0qm
wandb: ⭐️ View project at: https://wandb.ai/andreribeiro87-universidade-de-aveiro/inMotion-exotic-hpo
wandb: Synced 4 W&B file(s), 0 media file(s), 0 artifact file(s) and 0 other file(s)
wandb: Find logs at: ./wandb/run-20260822_230138-h52xn0qm/logs
                                                  13%|█▎        | 4/30 [47:28<4:03:30, 561.94s/it] 17%|█▋        | 5/30 [47:28<4:07:14, 593.36s/it]wandb: setting up run bnr6ilj3
wandb: Tracking run with wandb version 0.26.0
wandb: Run data is saved locally in /slurm_shared/home/andrepedroribeiro@av.it.pt/inMotion/wandb/run-20260822_231227-bnr6ilj3
wandb: Run `wandb offline` to turn off syncing.
wandb: Syncing run hpo_cf_jepa_trial005
wandb: ⭐️ View project at https://wandb.ai/andreribeiro87-universidade-de-aveiro/inMotion-exotic-hpo
wandb: 🚀 View run at https://wandb.ai/andreribeiro87-universidade-de-aveiro/inMotion-exotic-hpo/runs/bnr6ilj3
wandb: updating run metadata
wandb: uploading config.yaml
wandb: 
wandb: Run history:
wandb:   ft/stage1_epoch ▁▂▃▃▄▅▆▆▇█
wandb: ft/stage1_val_mcc ▁▂▃▅▅▅▆▇▇█
wandb:   ft/stage2_epoch ▁▂▃▃▄▅▆▆▇█
wandb: ft/stage2_val_mcc ▁▃▄▅▆▇▇███
wandb:      pretrain/ema ▁▁▁▁▁▁▁▁▂▂▂▂▂▃▃▃▄▄▄▄▅▅▅▅▆▆▆▇▇▇▇▇▇███████
wandb:    pretrain/epoch ▁▁▁▁▂▂▂▂▂▃▃▃▃▃▃▄▄▄▄▄▅▅▅▅▅▅▆▆▆▆▆▇▇▇▇▇▇███
wandb:     pretrain/loss █▆▅▅▄▃▂▂▂▂▂▂▂▂▁▁▁▁▁▁▁▁▁▁▁▁▁▁▁▁▁▁▁▁▁▁▁▁▁▁
wandb:  trial_efficiency ▁
wandb:         trial_mcc ▁
wandb:    trial_n_params ▁
wandb:                +1 ...
wandb: 
wandb: Run summary:
wandb:   ft/stage1_epoch 9
wandb: ft/stage1_val_mcc 0.72292
wandb:   ft/stage2_epoch 9
wandb: ft/stage2_val_mcc 0.83839
wandb:      pretrain/ema 0.999
wandb:    pretrain/epoch 49
wandb:     pretrain/loss 0.1144
wandb:  trial_efficiency 526.90494
wandb:         trial_mcc 0.83839
wandb:    trial_n_params 1591168
wandb:                +1 ...
wandb: 
wandb: 🚀 View run hpo_cf_jepa_trial005 at: https://wandb.ai/andreribeiro87-universidade-de-aveiro/inMotion-exotic-hpo/runs/bnr6ilj3
wandb: ⭐️ View project at: https://wandb.ai/andreribeiro87-universidade-de-aveiro/inMotion-exotic-hpo
wandb: Synced 4 W&B file(s), 0 media file(s), 0 artifact file(s) and 0 other file(s)
wandb: Find logs at: ./wandb/run-20260822_231227-bnr6ilj3/logs
                                                  17%|█▋        | 5/30 [57:06<4:07:14, 593.36s/it] 20%|██        | 6/30 [57:06<3:55:20, 588.34s/it]wandb: setting up run vmu2nt54
wandb: Tracking run with wandb version 0.26.0
wandb: Run data is saved locally in /slurm_shared/home/andrepedroribeiro@av.it.pt/inMotion/wandb/run-20260822_232206-vmu2nt54
wandb: Run `wandb offline` to turn off syncing.
wandb: Syncing run hpo_cf_jepa_trial006
wandb: ⭐️ View project at https://wandb.ai/andreribeiro87-universidade-de-aveiro/inMotion-exotic-hpo
wandb: 🚀 View run at https://wandb.ai/andreribeiro87-universidade-de-aveiro/inMotion-exotic-hpo/runs/vmu2nt54
wandb: updating run metadata
wandb: uploading wandb-summary.json; uploading config.yaml
wandb: uploading history steps 66-70, summary
wandb: 
wandb: Run history:
wandb:   ft/stage1_epoch ▁▂▃▃▄▅▆▆▇█
wandb: ft/stage1_val_mcc ▁▄▅▆▆█▇███
wandb:   ft/stage2_epoch ▁▂▃▃▄▅▆▆▇█
wandb: ft/stage2_val_mcc ▁▂▃▃▄▅▆▆▇█
wandb:      pretrain/ema ▁▁▁▁▁▁▁▂▂▂▂▂▂▃▃▄▄▄▄▄▅▅▅▅▆▆▆▇▇▇▇▇▇███████
wandb:    pretrain/epoch ▁▁▁▁▂▂▂▂▂▂▃▃▃▃▃▄▄▄▄▄▅▅▅▅▅▅▆▆▆▆▆▆▇▇▇▇▇███
wandb:     pretrain/loss █▆▅▄▄▄▄▃▃▃▃▃▃▃▃▃▂▂▂▂▂▂▂▂▂▂▂▂▂▂▂▂▂▁▁▁▁▁▁▁
wandb:  trial_efficiency ▁
wandb:         trial_mcc ▁
wandb:    trial_n_params ▁
wandb:                +1 ...
wandb: 
wandb: Run summary:
wandb:   ft/stage1_epoch 9
wandb: ft/stage1_val_mcc 0.63411
wandb:   ft/stage2_epoch 9
wandb: ft/stage2_val_mcc 0.77082
wandb:      pretrain/ema 0.999
wandb:    pretrain/epoch 49
wandb:     pretrain/loss 0.32741
wandb:  trial_efficiency 430.97674
wandb:         trial_mcc 0.77082
wandb:    trial_n_params 1788544
wandb:                +1 ...
wandb: 
wandb: 🚀 View run hpo_cf_jepa_trial006 at: https://wandb.ai/andreribeiro87-universidade-de-aveiro/inMotion-exotic-hpo/runs/vmu2nt54
wandb: ⭐️ View project at: https://wandb.ai/andreribeiro87-universidade-de-aveiro/inMotion-exotic-hpo
wandb: Synced 4 W&B file(s), 0 media file(s), 0 artifact file(s) and 0 other file(s)
wandb: Find logs at: ./wandb/run-20260822_232206-vmu2nt54/logs
                                                  20%|██        | 6/30 [1:06:40<3:55:20, 588.34s/it] 23%|██▎       | 7/30 [1:06:40<3:43:44, 583.67s/it]wandb: setting up run swvmut3q
wandb: Tracking run with wandb version 0.26.0
wandb: Run data is saved locally in /slurm_shared/home/andrepedroribeiro@av.it.pt/inMotion/wandb/run-20260822_233140-swvmut3q
wandb: Run `wandb offline` to turn off syncing.
wandb: Syncing run hpo_cf_jepa_trial007
wandb: ⭐️ View project at https://wandb.ai/andreribeiro87-universidade-de-aveiro/inMotion-exotic-hpo
wandb: 🚀 View run at https://wandb.ai/andreribeiro87-universidade-de-aveiro/inMotion-exotic-hpo/runs/swvmut3q
wandb: updating run metadata
wandb: uploading wandb-summary.json; uploading config.yaml
wandb: uploading history steps 57-70, summary
wandb: 
wandb: Run history:
wandb:   ft/stage1_epoch ▁▂▃▃▄▅▆▆▇█
wandb: ft/stage1_val_mcc ▁▂▄▄▅▅▇███
wandb:   ft/stage2_epoch ▁▂▃▃▄▅▆▆▇█
wandb: ft/stage2_val_mcc ▁▃▃▄▆▆▇▇██
wandb:      pretrain/ema ▁▁▁▁▁▁▁▂▂▂▂▂▂▃▃▃▄▄▄▄▅▅▅▅▅▆▆▆▇▇▇▇▇███████
wandb:    pretrain/epoch ▁▁▁▁▂▂▂▂▂▂▃▃▃▃▃▄▄▄▄▄▄▅▅▅▅▆▆▆▆▆▆▇▇▇▇▇▇███
wandb:     pretrain/loss █▅▅▄▄▃▃▃▃▃▃▂▂▂▂▂▂▂▂▂▁▁▁▁▁▁▁▁▁▁▁▁▁▁▁▁▁▁▁▁
wandb:  trial_efficiency ▁
wandb:         trial_mcc ▁
wandb:    trial_n_params ▁
wandb:                +1 ...
wandb: 
wandb: Run summary:
wandb:   ft/stage1_epoch 9
wandb: ft/stage1_val_mcc 0.66995
wandb:   ft/stage2_epoch 9
wandb: ft/stage2_val_mcc 0.77243
wandb:      pretrain/ema 0.999
wandb:    pretrain/epoch 49
wandb:     pretrain/loss 0.13705
wandb:  trial_efficiency 2422.67151
wandb:         trial_mcc 0.7751
wandb:    trial_n_params 319936
wandb:                +1 ...
wandb: 
wandb: 🚀 View run hpo_cf_jepa_trial007 at: https://wandb.ai/andreribeiro87-universidade-de-aveiro/inMotion-exotic-hpo/runs/swvmut3q
wandb: ⭐️ View project at: https://wandb.ai/andreribeiro87-universidade-de-aveiro/inMotion-exotic-hpo
wandb: Synced 4 W&B file(s), 0 media file(s), 0 artifact file(s) and 0 other file(s)
wandb: Find logs at: ./wandb/run-20260822_233140-swvmut3q/logs
                                                    23%|██▎       | 7/30 [1:15:03<3:43:44, 583.67s/it] 27%|██▋       | 8/30 [1:15:03<3:24:33, 557.88s/it]wandb: setting up run bfqs3qrk
wandb: Tracking run with wandb version 0.26.0
wandb: Run data is saved locally in /slurm_shared/home/andrepedroribeiro@av.it.pt/inMotion/wandb/run-20260822_234002-bfqs3qrk
wandb: Run `wandb offline` to turn off syncing.
wandb: Syncing run hpo_cf_jepa_trial008
wandb: ⭐️ View project at https://wandb.ai/andreribeiro87-universidade-de-aveiro/inMotion-exotic-hpo
wandb: 🚀 View run at https://wandb.ai/andreribeiro87-universidade-de-aveiro/inMotion-exotic-hpo/runs/bfqs3qrk
wandb: updating run metadata
wandb: uploading wandb-summary.json; uploading config.yaml
wandb: uploading history steps 64-70, summary
wandb: 
wandb: Run history:
wandb:   ft/stage1_epoch ▁▂▃▃▄▅▆▆▇█
wandb: ft/stage1_val_mcc ▁▂▄▅▅▆▇▇██
wandb:   ft/stage2_epoch ▁▂▃▃▄▅▆▆▇█
wandb: ft/stage2_val_mcc ▁▂▄▅▅▆▇▇██
wandb:      pretrain/ema ▁▁▁▁▁▁▁▁▂▂▂▂▂▂▃▃▄▄▄▄▅▅▅▅▅▆▆▆▇▇▇▇▇▇██████
wandb:    pretrain/epoch ▁▁▁▂▂▂▂▂▂▃▃▃▃▃▃▄▄▄▄▄▅▅▅▅▅▅▆▆▆▆▆▇▇▇▇▇▇███
wandb:     pretrain/loss █▆▅▅▄▄▄▄▄▃▃▃▃▃▃▃▃▃▂▂▂▂▂▂▂▂▂▂▂▁▁▁▁▁▁▁▁▁▁▁
wandb:  trial_efficiency ▁
wandb:         trial_mcc ▁
wandb:    trial_n_params ▁
wandb:                +1 ...
wandb: 
wandb: Run summary:
wandb:   ft/stage1_epoch 9
wandb: ft/stage1_val_mcc 0.68368
wandb:   ft/stage2_epoch 9
wandb: ft/stage2_val_mcc 0.79888
wandb:      pretrain/ema 0.999
wandb:    pretrain/epoch 49
wandb:     pretrain/loss 0.19355
wandb:  trial_efficiency 593.07514
wandb:         trial_mcc 0.79888
wandb:    trial_n_params 1347008
wandb:                +1 ...
wandb: 
wandb: 🚀 View run hpo_cf_jepa_trial008 at: https://wandb.ai/andreribeiro87-universidade-de-aveiro/inMotion-exotic-hpo/runs/bfqs3qrk
wandb: ⭐️ View project at: https://wandb.ai/andreribeiro87-universidade-de-aveiro/inMotion-exotic-hpo
wandb: Synced 4 W&B file(s), 0 media file(s), 0 artifact file(s) and 0 other file(s)
wandb: Find logs at: ./wandb/run-20260822_234002-bfqs3qrk/logs
                                                    27%|██▋       | 8/30 [1:24:51<3:24:33, 557.88s/it] 30%|███       | 9/30 [1:24:51<3:18:32, 567.28s/it]wandb: setting up run 7cncqjs9
wandb: Tracking run with wandb version 0.26.0
wandb: Run data is saved locally in /slurm_shared/home/andrepedroribeiro@av.it.pt/inMotion/wandb/run-20260822_234950-7cncqjs9
wandb: Run `wandb offline` to turn off syncing.
wandb: Syncing run hpo_cf_jepa_trial009
wandb: ⭐️ View project at https://wandb.ai/andreribeiro87-universidade-de-aveiro/inMotion-exotic-hpo
wandb: 🚀 View run at https://wandb.ai/andreribeiro87-universidade-de-aveiro/inMotion-exotic-hpo/runs/7cncqjs9
wandb: updating run metadata
wandb: uploading wandb-summary.json; uploading config.yaml
wandb: uploading history steps 67-70, summary
wandb: 
wandb: Run history:
wandb:   ft/stage1_epoch ▁▂▃▃▄▅▆▆▇█
wandb: ft/stage1_val_mcc ▁▃▄▅▆▆▇▇██
wandb:   ft/stage2_epoch ▁▂▃▃▄▅▆▆▇█
wandb: ft/stage2_val_mcc ▁▂▃▄▅▆▇▇██
wandb:      pretrain/ema ▁▁▁▁▁▁▁▁▂▂▂▂▂▂▃▃▃▄▄▄▄▅▅▅▅▆▆▆▆▇▇▇▇███████
wandb:    pretrain/epoch ▁▁▁▁▂▂▂▂▂▂▃▃▃▃▃▄▄▄▄▄▅▅▅▅▅▆▆▆▆▆▆▇▇▇▇▇▇███
wandb:     pretrain/loss █▅▄▃▃▂▂▂▂▁▁▁▁▁▁▁▁▁▁▁▁▁▁▁▁▁▁▁▁▁▁▁▁▁▁▁▁▁▁▁
wandb:  trial_efficiency ▁
wandb:         trial_mcc ▁
wandb:    trial_n_params ▁
wandb:                +1 ...
wandb: 
wandb: Run summary:
wandb:   ft/stage1_epoch 9
wandb: ft/stage1_val_mcc 0.6097
wandb:   ft/stage2_epoch 9
wandb: ft/stage2_val_mcc 0.65211
wandb:      pretrain/ema 0.999
wandb:    pretrain/epoch 49
wandb:     pretrain/loss 0.12624
wandb:  trial_efficiency 356.47401
wandb:         trial_mcc 0.65211
wandb:    trial_n_params 1829344
wandb:                +1 ...
wandb: 
wandb: 🚀 View run hpo_cf_jepa_trial009 at: https://wandb.ai/andreribeiro87-universidade-de-aveiro/inMotion-exotic-hpo/runs/7cncqjs9
wandb: ⭐️ View project at: https://wandb.ai/andreribeiro87-universidade-de-aveiro/inMotion-exotic-hpo
wandb: Synced 4 W&B file(s), 0 media file(s), 0 artifact file(s) and 0 other file(s)
wandb: Find logs at: ./wandb/run-20260822_234950-7cncqjs9/logs
                                                    30%|███       | 9/30 [1:34:34<3:18:32, 567.28s/it] 33%|███▎      | 10/30 [1:34:34<3:10:40, 572.03s/it]wandb: setting up run wvheroph
wandb: Tracking run with wandb version 0.26.0
wandb: Run data is saved locally in /slurm_shared/home/andrepedroribeiro@av.it.pt/inMotion/wandb/run-20260822_235933-wvheroph
wandb: Run `wandb offline` to turn off syncing.
wandb: Syncing run hpo_cf_jepa_trial010
wandb: ⭐️ View project at https://wandb.ai/andreribeiro87-universidade-de-aveiro/inMotion-exotic-hpo
wandb: 🚀 View run at https://wandb.ai/andreribeiro87-universidade-de-aveiro/inMotion-exotic-hpo/runs/wvheroph
wandb: updating run metadata
wandb: uploading history steps 69-70, summary
wandb: 
wandb: Run history:
wandb:   ft/stage1_epoch ▁▂▃▃▄▅▆▆▇█
wandb: ft/stage1_val_mcc ▁▃▄▅▆▆▇█▇█
wandb:   ft/stage2_epoch ▁▂▃▃▄▅▆▆▇█
wandb: ft/stage2_val_mcc ▁▂▃▅▆▇▇███
wandb:      pretrain/ema ▁▁▁▁▁▁▁▁▂▂▂▂▂▃▃▃▄▄▄▄▅▅▅▅▅▆▆▆▇▇▇▇▇▇██████
wandb:    pretrain/epoch ▁▁▁▁▂▂▂▂▂▂▃▃▃▃▃▄▄▄▄▄▅▅▅▅▅▅▆▆▆▆▆▆▇▇▇▇▇███
wandb:     pretrain/loss █▆▅▅▅▄▄▄▄▄▄▃▃▃▃▃▃▃▃▃▂▂▂▂▂▂▂▂▂▂▂▂▂▁▁▁▁▁▁▁
wandb:  trial_efficiency ▁
wandb:         trial_mcc ▁
wandb:    trial_n_params ▁
wandb:                +1 ...
wandb: 
wandb: Run summary:
wandb:   ft/stage1_epoch 9
wandb: ft/stage1_val_mcc 0.68969
wandb:   ft/stage2_epoch 9
wandb: ft/stage2_val_mcc 0.82701
wandb:      pretrain/ema 0.999
wandb: