[I 2026-08-22 20:31:06,229] A new study created in RDB with name: exotic_lejepa_pareto
Device: cuda:0
Model:  lejepa
Data:   dataset_augmented3.csv
Seed:   42

============================================================
HPO: lejepa — 30 trials
  Train: 28671 samples, Val: 7168 samples
============================================================
  0%|          | 0/30 [00:00<?, ?it/s]wandb: [wandb.login()] Loaded credentials for https://api.wandb.ai from WANDB_API_KEY.
wandb: Currently logged in as: andreribeiro87 (andreribeiro87-universidade-de-aveiro) to https://api.wandb.ai. Use `wandb login --relogin` to force relogin
wandb: WARNING Using a boolean value for 'reinit' is deprecated. Use 'return_previous' or 'finish_previous' instead.
wandb: setting up run y2xlp9nn
wandb: Tracking run with wandb version 0.26.0
wandb: Run data is saved locally in /slurm_shared/home/andrepedroribeiro@av.it.pt/inMotion/wandb/run-20260822_203108-y2xlp9nn
wandb: Run `wandb offline` to turn off syncing.
wandb: Syncing run hpo_lejepa_trial000
wandb: ⭐️ View project at https://wandb.ai/andreribeiro87-universidade-de-aveiro/inMotion-exotic-hpo
wandb: 🚀 View run at https://wandb.ai/andreribeiro87-universidade-de-aveiro/inMotion-exotic-hpo/runs/y2xlp9nn
wandb: updating run metadata
wandb: uploading wandb-summary.json; uploading config.yaml
wandb: 
wandb: Run history:
wandb:   ft/stage1_epoch ▁▂▃▃▄▅▆▆▇█
wandb: ft/stage1_val_mcc ▁▄▅▅▆▆▇▇██
wandb:   ft/stage2_epoch ▁▂▃▃▄▅▆▆▇█
wandb: ft/stage2_val_mcc ▁▂▃▃▅▅▄▇▆█
wandb:      pretrain/ema ▁▁▁▁▁▁▁▁▁▁▁▁▁▁▁▁▁▁▁▁▁▁▁▁▁▁▁▁▁▁▁▁▁▁▁▁▁▁▁▁
wandb:    pretrain/epoch ▁▁▁▁▂▂▂▂▂▂▃▃▃▃▃▄▄▄▄▄▅▅▅▅▅▅▆▆▆▆▆▆▇▇▇▇▇███
wandb:     pretrain/loss █▅▄▄▃▃▂▂▂▂▂▂▂▂▂▁▁▁▁▁▁▁▁▁▁▁▁▁▁▁▁▁▁▁▁▁▁▁▁▁
wandb:  trial_efficiency ▁
wandb:         trial_mcc ▁
wandb:    trial_n_params ▁
wandb:                +1 ...
wandb: 
wandb: Run summary:
wandb:   ft/stage1_epoch 9
wandb: ft/stage1_val_mcc 0.67329
wandb:   ft/stage2_epoch 9
wandb: ft/stage2_val_mcc 0.7022
wandb:      pretrain/ema 0
wandb:    pretrain/epoch 49
wandb:     pretrain/loss 0.34261
wandb:  trial_efficiency 372.26614
wandb:         trial_mcc 0.7022
wandb:    trial_n_params 1886272
wandb:                +1 ...
wandb: 
wandb: 🚀 View run hpo_lejepa_trial000 at: https://wandb.ai/andreribeiro87-universidade-de-aveiro/inMotion-exotic-hpo/runs/y2xlp9nn
wandb: ⭐️ View project at: https://wandb.ai/andreribeiro87-universidade-de-aveiro/inMotion-exotic-hpo
wandb: Synced 4 W&B file(s), 0 media file(s), 0 artifact file(s) and 0 other file(s)
wandb: Find logs at: ./wandb/run-20260822_203108-y2xlp9nn/logs
                                        0%|          | 0/30 [02:48<?, ?it/s]  3%|▎         | 1/30 [02:48<1:21:25, 168.47s/it]wandb: setting up run 5f5eblv0
wandb: Tracking run with wandb version 0.26.0
wandb: Run data is saved locally in /slurm_shared/home/andrepedroribeiro@av.it.pt/inMotion/wandb/run-20260822_203356-5f5eblv0
wandb: Run `wandb offline` to turn off syncing.
wandb: Syncing run hpo_lejepa_trial001
wandb: ⭐️ View project at https://wandb.ai/andreribeiro87-universidade-de-aveiro/inMotion-exotic-hpo
wandb: 🚀 View run at https://wandb.ai/andreribeiro87-universidade-de-aveiro/inMotion-exotic-hpo/runs/5f5eblv0
wandb: updating run metadata
wandb: uploading wandb-summary.json; uploading config.yaml
wandb: uploading history steps 66-70, summary
wandb: 
wandb: Run history:
wandb:   ft/stage1_epoch ▁▂▃▃▄▅▆▆▇█
wandb: ft/stage1_val_mcc ▁▂▃▄▅▆▆▇▇█
wandb:   ft/stage2_epoch ▁▂▃▃▄▅▆▆▇█
wandb: ft/stage2_val_mcc ▁▂▂▃▄▅▅▆▆█
wandb:      pretrain/ema ▁▁▁▁▁▁▁▁▁▁▁▁▁▁▁▁▁▁▁▁▁▁▁▁▁▁▁▁▁▁▁▁▁▁▁▁▁▁▁▁
wandb:    pretrain/epoch ▁▁▁▁▂▂▂▂▂▃▃▃▃▃▄▄▄▄▄▄▅▅▅▅▅▆▆▆▆▆▆▇▇▇▇▇▇███
wandb:     pretrain/loss █▅▄▄▃▃▃▂▂▂▂▂▂▂▂▂▂▁▁▁▁▁▁▁▁▁▁▁▁▁▁▁▁▁▁▁▁▁▁▁
wandb:  trial_efficiency ▁
wandb:         trial_mcc ▁
wandb:    trial_n_params ▁
wandb:                +1 ...
wandb: 
wandb: Run summary:
wandb:   ft/stage1_epoch 9
wandb: ft/stage1_val_mcc 0.70498
wandb:   ft/stage2_epoch 9
wandb: ft/stage2_val_mcc 0.76696
wandb:      pretrain/ema 0
wandb:    pretrain/epoch 49
wandb:     pretrain/loss 0.44946
wandb:  trial_efficiency 396.52473
wandb:         trial_mcc 0.76696
wandb:    trial_n_params 1934208
wandb:                +1 ...
wandb: 
wandb: 🚀 View run hpo_lejepa_trial001 at: https://wandb.ai/andreribeiro87-universidade-de-aveiro/inMotion-exotic-hpo/runs/5f5eblv0
wandb: ⭐️ View project at: https://wandb.ai/andreribeiro87-universidade-de-aveiro/inMotion-exotic-hpo
wandb: Synced 4 W&B file(s), 0 media file(s), 0 artifact file(s) and 0 other file(s)
wandb: Find logs at: ./wandb/run-20260822_203356-5f5eblv0/logs
                                                   3%|▎         | 1/30 [05:13<1:21:25, 168.47s/it]  7%|▋         | 2/30 [05:13<1:12:16, 154.86s/it]wandb: setting up run u8cpq2ha
wandb: Tracking run with wandb version 0.26.0
wandb: Run data is saved locally in /slurm_shared/home/andrepedroribeiro@av.it.pt/inMotion/wandb/run-20260822_203621-u8cpq2ha
wandb: Run `wandb offline` to turn off syncing.
wandb: Syncing run hpo_lejepa_trial002
wandb: ⭐️ View project at https://wandb.ai/andreribeiro87-universidade-de-aveiro/inMotion-exotic-hpo
wandb: 🚀 View run at https://wandb.ai/andreribeiro87-universidade-de-aveiro/inMotion-exotic-hpo/runs/u8cpq2ha
wandb: updating run metadata
wandb: uploading wandb-summary.json; uploading config.yaml
wandb: 
wandb: Run history:
wandb:   ft/stage1_epoch ▁▂▃▃▄▅▆▆▇█
wandb: ft/stage1_val_mcc ▁▃▄▄▅▆▇▇▇█
wandb:   ft/stage2_epoch ▁▂▃▃▄▅▆▆▇█
wandb: ft/stage2_val_mcc ▁▃▄▄▅▆▆▇▇█
wandb:      pretrain/ema ▁▁▁▁▁▁▁▁▁▁▁▁▁▁▁▁▁▁▁▁▁▁▁▁▁▁▁▁▁▁▁▁▁▁▁▁▁▁▁▁
wandb:    pretrain/epoch ▁▁▁▁▂▂▂▂▃▃▃▃▃▃▄▄▄▄▄▄▅▅▅▅▅▆▆▆▆▆▆▇▇▇▇▇▇███
wandb:     pretrain/loss █▄▃▂▂▂▂▂▂▁▁▁▁▁▁▁▁▁▁▁▁▁▁▁▁▁▁▁▁▁▁▁▁▁▁▁▁▁▁▁
wandb:  trial_efficiency ▁
wandb:         trial_mcc ▁
wandb:    trial_n_params ▁
wandb:                +1 ...
wandb: 
wandb: Run summary:
wandb:   ft/stage1_epoch 9
wandb: ft/stage1_val_mcc 0.67767
wandb:   ft/stage2_epoch 9
wandb: ft/stage2_val_mcc 0.7449
wandb:      pretrain/ema 0
wandb:    pretrain/epoch 49
wandb:     pretrain/loss 0.11352
wandb:  trial_efficiency 510.48383
wandb:         trial_mcc 0.7449
wandb:    trial_n_params 1459200
wandb:                +1 ...
wandb: 
wandb: 🚀 View run hpo_lejepa_trial002 at: https://wandb.ai/andreribeiro87-universidade-de-aveiro/inMotion-exotic-hpo/runs/u8cpq2ha
wandb: ⭐️ View project at: https://wandb.ai/andreribeiro87-universidade-de-aveiro/inMotion-exotic-hpo
wandb: Synced 4 W&B file(s), 0 media file(s), 0 artifact file(s) and 0 other file(s)
wandb: Find logs at: ./wandb/run-20260822_203621-u8cpq2ha/logs
                                                   7%|▋         | 2/30 [07:13<1:12:16, 154.86s/it] 10%|█         | 3/30 [07:13<1:02:25, 138.71s/it]wandb: setting up run ni0mo8rd
wandb: Tracking run with wandb version 0.26.0
wandb: Run data is saved locally in /slurm_shared/home/andrepedroribeiro@av.it.pt/inMotion/wandb/run-20260822_203821-ni0mo8rd
wandb: Run `wandb offline` to turn off syncing.
wandb: Syncing run hpo_lejepa_trial003
wandb: ⭐️ View project at https://wandb.ai/andreribeiro87-universidade-de-aveiro/inMotion-exotic-hpo
wandb: 🚀 View run at https://wandb.ai/andreribeiro87-universidade-de-aveiro/inMotion-exotic-hpo/runs/ni0mo8rd
wandb: updating run metadata
wandb: uploading wandb-summary.json
wandb: uploading history steps 65-70, summary
wandb: 
wandb: Run history:
wandb:   ft/stage1_epoch ▁▂▃▃▄▅▆▆▇█
wandb: ft/stage1_val_mcc ▁▂▄▄▅▆▆▇▇█
wandb:   ft/stage2_epoch ▁▂▃▃▄▅▆▆▇█
wandb: ft/stage2_val_mcc ▁▂▃▃▄▆▆███
wandb:      pretrain/ema ▁▁▁▁▁▁▁▁▁▁▁▁▁▁▁▁▁▁▁▁▁▁▁▁▁▁▁▁▁▁▁▁▁▁▁▁▁▁▁▁
wandb:    pretrain/epoch ▁▁▁▁▂▂▂▂▂▂▃▃▃▃▃▄▄▄▄▄▅▅▅▅▅▅▆▆▆▆▆▇▇▇▇▇▇███
wandb:     pretrain/loss █▅▄▃▃▂▂▂▂▂▂▂▂▂▂▂▂▂▁▁▁▁▁▁▁▁▁▁▁▁▁▁▁▁▁▁▁▁▁▁
wandb:  trial_efficiency ▁
wandb:         trial_mcc ▁
wandb:    trial_n_params ▁
wandb:                +1 ...
wandb: 
wandb: Run summary:
wandb:   ft/stage1_epoch 9
wandb: ft/stage1_val_mcc 0.77732
wandb:   ft/stage2_epoch 9
wandb: ft/stage2_val_mcc 0.77812
wandb:      pretrain/ema 0
wandb:    pretrain/epoch 49
wandb:     pretrain/loss 0.20347
wandb:  trial_efficiency 140.38112
wandb:         trial_mcc 0.77812
wandb:    trial_n_params 5542912
wandb:                +1 ...
wandb: 
wandb: 🚀 View run hpo_lejepa_trial003 at: https://wandb.ai/andreribeiro87-universidade-de-aveiro/inMotion-exotic-hpo/runs/ni0mo8rd
wandb: ⭐️ View project at: https://wandb.ai/andreribeiro87-universidade-de-aveiro/inMotion-exotic-hpo
wandb: Synced 4 W&B file(s), 0 media file(s), 0 artifact file(s) and 0 other file(s)
wandb: Find logs at: ./wandb/run-20260822_203821-ni0mo8rd/logs
                                                  10%|█         | 3/30 [11:03<1:02:25, 138.71s/it] 13%|█▎        | 4/30 [11:03<1:15:44, 174.78s/it]wandb: setting up run 5w6o1bk1
wandb: Tracking run with wandb version 0.26.0
wandb: Run data is saved locally in /slurm_shared/home/andrepedroribeiro@av.it.pt/inMotion/wandb/run-20260822_204211-5w6o1bk1
wandb: Run `wandb offline` to turn off syncing.
wandb: Syncing run hpo_lejepa_trial004
wandb: ⭐️ View project at https://wandb.ai/andreribeiro87-universidade-de-aveiro/inMotion-exotic-hpo
wandb: 🚀 View run at https://wandb.ai/andreribeiro87-universidade-de-aveiro/inMotion-exotic-hpo/runs/5w6o1bk1
wandb: updating run metadata
wandb: uploading wandb-summary.json; uploading config.yaml
wandb: 
wandb: Run history:
wandb:   ft/stage1_epoch ▁▂▃▃▄▅▆▆▇█
wandb: ft/stage1_val_mcc ▁▂▄▄▅▅▇▇██
wandb:   ft/stage2_epoch ▁▂▃▃▄▅▆▆▇█
wandb: ft/stage2_val_mcc ▁▂▂▃▄▅▆▇▇█
wandb:      pretrain/ema ▁▁▁▁▁▁▁▁▁▁▁▁▁▁▁▁▁▁▁▁▁▁▁▁▁▁▁▁▁▁▁▁▁▁▁▁▁▁▁▁
wandb:    pretrain/epoch ▁▁▁▁▂▂▂▂▂▂▃▃▃▃▃▄▄▄▄▄▄▅▅▅▅▅▅▆▆▆▆▆▆▇▇▇▇▇██
wandb:     pretrain/loss █▅▄▃▃▃▃▂▂▂▂▂▂▂▂▂▂▂▂▂▁▁▁▁▁▁▁▁▁▁▁▁▁▁▁▁▁▁▁▁
wandb:  trial_efficiency ▁
wandb:         trial_mcc ▁
wandb:    trial_n_params ▁
wandb:                +1 ...
wandb: 
wandb: Run summary:
wandb:   ft/stage1_epoch 9
wandb: ft/stage1_val_mcc 0.68414
wandb:   ft/stage2_epoch 9
wandb: ft/stage2_val_mcc 0.76657
wandb:      pretrain/ema 0
wandb:    pretrain/epoch 49
wandb:     pretrain/loss 0.37264
wandb:  trial_efficiency 266.17653
wandb:         trial_mcc 0.76657
wandb:    trial_n_params 2879936
wandb:                +1 ...
wandb: 
wandb: 🚀 View run hpo_lejepa_trial004 at: https://wandb.ai/andreribeiro87-universidade-de-aveiro/inMotion-exotic-hpo/runs/5w6o1bk1
wandb: ⭐️ View project at: https://wandb.ai/andreribeiro87-universidade-de-aveiro/inMotion-exotic-hpo
wandb: Synced 4 W&B file(s), 0 media file(s), 0 artifact file(s) and 0 other file(s)
wandb: Find logs at: ./wandb/run-20260822_204211-5w6o1bk1/logs
                                                  13%|█▎        | 4/30 [15:12<1:15:44, 174.78s/it] 17%|█▋        | 5/30 [15:12<1:23:58, 201.55s/it]wandb: Tracking run with wandb version 0.26.0
wandb: Run data is saved locally in /slurm_shared/home/andrepedroribeiro@av.it.pt/inMotion/wandb/run-20260822_204620-94qdo4cf
wandb: Run `wandb offline` to turn off syncing.
wandb: Syncing run hpo_lejepa_trial005
wandb: ⭐️ View project at https://wandb.ai/andreribeiro87-universidade-de-aveiro/inMotion-exotic-hpo
wandb: 🚀 View run at https://wandb.ai/andreribeiro87-universidade-de-aveiro/inMotion-exotic-hpo/runs/94qdo4cf
wandb: updating run metadata
wandb: uploading wandb-summary.json; uploading config.yaml
wandb: uploading config.yaml
wandb: 
wandb: Run history:
wandb:   ft/stage1_epoch ▁▂▃▃▄▅▆▆▇█
wandb: ft/stage1_val_mcc ▁▂▃▄▅▅▆▇▇█
wandb:   ft/stage2_epoch ▁▂▃▃▄▅▆▆▇█
wandb: ft/stage2_val_mcc ▁▁▂▅▅▆▇███
wandb:      pretrain/ema ▁▁▁▁▁▁▁▁▁▁▁▁▁▁▁▁▁▁▁▁▁▁▁▁▁▁▁▁▁▁▁▁▁▁▁▁▁▁▁▁
wandb:    pretrain/epoch ▁▁▁▂▂▂▂▂▂▃▃▃▃▃▄▄▄▄▄▄▅▅▅▅▅▆▆▆▆▆▆▇▇▇▇▇▇███
wandb:     pretrain/loss █▄▃▃▂▂▂▂▂▂▂▂▁▁▁▁▁▁▁▁▁▁▁▁▁▁▁▁▁▁▁▁▁▁▁▁▁▁▁▁
wandb:  trial_efficiency ▁
wandb:         trial_mcc ▁
wandb:    trial_n_params ▁
wandb:                +1 ...
wandb: 
wandb: Run summary:
wandb:   ft/stage1_epoch 9
wandb: ft/stage1_val_mcc 0.76221
wandb:   ft/stage2_epoch 9
wandb: ft/stage2_val_mcc 0.82336
wandb:      pretrain/ema 0
wandb:    pretrain/epoch 49
wandb:     pretrain/loss 0.12438
wandb:  trial_efficiency 429.08831
wandb:         trial_mcc 0.82336
wandb:    trial_n_params 1918848
wandb:                +1 ...
wandb: 
wandb: 🚀 View run hpo_lejepa_trial005 at: https://wandb.ai/andreribeiro87-universidade-de-aveiro/inMotion-exotic-hpo/runs/94qdo4cf
wandb: ⭐️ View project at: https://wandb.ai/andreribeiro87-universidade-de-aveiro/inMotion-exotic-hpo
wandb: Synced 4 W&B file(s), 0 media file(s), 0 artifact file(s) and 0 other file(s)
wandb: Find logs at: ./wandb/run-20260822_204620-94qdo4cf/logs
                                                  17%|█▋        | 5/30 [18:33<1:23:58, 201.55s/it] 20%|██        | 6/30 [18:33<1:20:31, 201.33s/it]wandb: Tracking run with wandb version 0.26.0
wandb: Run data is saved locally in /slurm_shared/home/andrepedroribeiro@av.it.pt/inMotion/wandb/run-20260822_204941-sfqz9l18
wandb: Run `wandb offline` to turn off syncing.
wandb: Syncing run hpo_lejepa_trial006
wandb: ⭐️ View project at https://wandb.ai/andreribeiro87-universidade-de-aveiro/inMotion-exotic-hpo
wandb: 🚀 View run at https://wandb.ai/andreribeiro87-universidade-de-aveiro/inMotion-exotic-hpo/runs/sfqz9l18
wandb: updating run metadata
wandb: uploading wandb-summary.json; uploading config.yaml
wandb: 
wandb: Run history:
wandb:   ft/stage1_epoch ▁▂▃▃▄▅▆▆▇█
wandb: ft/stage1_val_mcc ▁▂▄▅▅▇▇▇██
wandb:   ft/stage2_epoch ▁▂▃▃▄▅▆▆▇█
wandb: ft/stage2_val_mcc ▁▂▂▄▄▅▆▆▇█
wandb:      pretrain/ema ▁▁▁▁▁▁▁▁▁▁▁▁▁▁▁▁▁▁▁▁▁▁▁▁▁▁▁▁▁▁▁▁▁▁▁▁▁▁▁▁
wandb:    pretrain/epoch ▁▁▁▁▂▂▂▂▂▃▃▃▃▃▄▄▄▄▄▄▅▅▅▅▅▆▆▆▆▆▆▇▇▇▇▇▇███
wandb:     pretrain/loss █▅▄▄▃▃▃▂▂▂▂▂▂▂▂▂▂▂▂▁▁▁▁▁▁▁▁▁▁▁▁▁▁▁▁▁▁▁▁▁
wandb:  trial_efficiency ▁
wandb:         trial_mcc ▁
wandb:    trial_n_params ▁
wandb:                +1 ...
wandb: 
wandb: Run summary:
wandb:   ft/stage1_epoch 9
wandb: ft/stage1_val_mcc 0.66231
wandb:   ft/stage2_epoch 9
wandb: ft/stage2_val_mcc 0.73251
wandb:      pretrain/ema 0
wandb:    pretrain/epoch 49
wandb:     pretrain/loss 0.38204
wandb:  trial_efficiency 381.74495
wandb:         trial_mcc 0.73251
wandb:    trial_n_params 1918848
wandb:                +1 ...
wandb: 
wandb: 🚀 View run hpo_lejepa_trial006 at: https://wandb.ai/andreribeiro87-universidade-de-aveiro/inMotion-exotic-hpo/runs/sfqz9l18
wandb: ⭐️ View project at: https://wandb.ai/andreribeiro87-universidade-de-aveiro/inMotion-exotic-hpo
wandb: Synced 4 W&B file(s), 0 media file(s), 0 artifact file(s) and 0 other file(s)
wandb: Find logs at: ./wandb/run-20260822_204941-sfqz9l18/logs
                                                  20%|██        | 6/30 [21:31<1:20:31, 201.33s/it] 23%|██▎       | 7/30 [21:31<1:14:20, 193.92s/it]wandb: Tracking run with wandb version 0.26.0
wandb: Run data is saved locally in /slurm_shared/home/andrepedroribeiro@av.it.pt/inMotion/wandb/run-20260822_205239-8gjddeac
wandb: Run `wandb offline` to turn off syncing.
wandb: Syncing run hpo_lejepa_trial007
wandb: ⭐️ View project at https://wandb.ai/andreribeiro87-universidade-de-aveiro/inMotion-exotic-hpo
wandb: 🚀 View run at https://wandb.ai/andreribeiro87-universidade-de-aveiro/inMotion-exotic-hpo/runs/8gjddeac
wandb: updating run metadata
wandb: uploading wandb-summary.json; uploading config.yaml
wandb: 
wandb: Run history:
wandb:   ft/stage1_epoch ▁▂▃▃▄▅▆▆▇█
wandb: ft/stage1_val_mcc ▁▃▄▅▆▆▇▇██
wandb:   ft/stage2_epoch ▁▂▃▃▄▅▆▆▇█
wandb: ft/stage2_val_mcc ▁▄▃▅▆▆▆███
wandb:      pretrain/ema ▁▁▁▁▁▁▁▁▁▁▁▁▁▁▁▁▁▁▁▁▁▁▁▁▁▁▁▁▁▁▁▁▁▁▁▁▁▁▁▁
wandb:    pretrain/epoch ▁▁▁▁▂▂▂▂▂▂▃▃▃▃▃▄▄▄▄▄▅▅▅▅▅▅▆▆▆▆▆▇▇▇▇▇▇███
wandb:     pretrain/loss █▅▄▃▃▂▂▂▂▂▁▁▁▁▁▁▁▁▁▁▁▁▁▁▁▁▁▁▁▁▁▁▁▁▁▁▁▁▁▁
wandb:  trial_efficiency ▁
wandb:         trial_mcc ▁
wandb:    trial_n_params ▁
wandb:                +1 ...
wandb: 
wandb: Run summary:
wandb:   ft/stage1_epoch 9
wandb: ft/stage1_val_mcc 0.73738
wandb:   ft/stage2_epoch 9
wandb: ft/stage2_val_mcc 0.78548
wandb:      pretrain/ema 0
wandb:    pretrain/epoch 49
wandb:     pretrain/loss 0.22582
wandb:  trial_efficiency 1689.85531
wandb:         trial_mcc 0.79058
wandb:    trial_n_params 467840
wandb:                +1 ...
wandb: 
wandb: 🚀 View run hpo_lejepa_trial007 at: https://wandb.ai/andreribeiro87-universidade-de-aveiro/inMotion-exotic-hpo/runs/8gjddeac
wandb: ⭐️ View project at: https://wandb.ai/andreribeiro87-universidade-de-aveiro/inMotion-exotic-hpo
wandb: Synced 4 W&B file(s), 0 media file(s), 0 artifact file(s) and 0 other file(s)
wandb: Find logs at: ./wandb/run-20260822_205239-8gjddeac/logs
                                                  23%|██▎       | 7/30 [23:31<1:14:20, 193.92s/it] 27%|██▋       | 8/30 [23:31<1:02:27, 170.35s/it]wandb: setting up run ccrppgby
wandb: Tracking run with wandb version 0.26.0
wandb: Run data is saved locally in /slurm_shared/home/andrepedroribeiro@av.it.pt/inMotion/wandb/run-20260822_205439-ccrppgby
wandb: Run `wandb offline` to turn off syncing.
wandb: Syncing run hpo_lejepa_trial008
wandb: ⭐️ View project at https://wandb.ai/andreribeiro87-universidade-de-aveiro/inMotion-exotic-hpo
wandb: 🚀 View run at https://wandb.ai/andreribeiro87-universidade-de-aveiro/inMotion-exotic-hpo/runs/ccrppgby
wandb: updating run metadata
wandb: uploading wandb-summary.json; uploading config.yaml
wandb: uploading history steps 64-70, summary
wandb: 
wandb: Run history:
wandb:   ft/stage1_epoch ▁▂▃▃▄▅▆▆▇█
wandb: ft/stage1_val_mcc ▁▃▃▄▅▆▆▇▇█
wandb:   ft/stage2_epoch ▁▂▃▃▄▅▆▆▇█
wandb: ft/stage2_val_mcc ▁▂▃▄▄▅▆▇▇█
wandb:      pretrain/ema ▁▁▁▁▁▁▁▁▁▁▁▁▁▁▁▁▁▁▁▁▁▁▁▁▁▁▁▁▁▁▁▁▁▁▁▁▁▁▁▁
wandb:    pretrain/epoch ▁▁▁▁▂▂▂▂▂▂▃▃▃▃▃▄▄▄▄▄▅▅▅▅▅▅▆▆▆▆▆▇▇▇▇▇▇███
wandb:     pretrain/loss █▅▃▃▃▂▂▂▂▂▂▂▂▂▂▁▁▁▁▁▁▁▁▁▁▁▁▁▁▁▁▁▁▁▁▁▁▁▁▁
wandb:  trial_efficiency ▁
wandb:         trial_mcc ▁
wandb:    trial_n_params ▁
wandb:                +1 ...
wandb: 
wandb: Run summary:
wandb:   ft/stage1_epoch 9
wandb: ft/stage1_val_mcc 0.71757
wandb:   ft/stage2_epoch 9
wandb: ft/stage2_val_mcc 0.78584
wandb:      pretrain/ema 0
wandb:    pretrain/epoch 49
wandb:     pretrain/loss 0.28396
wandb:  trial_efficiency 416.01832
wandb:         trial_mcc 0.78584
wandb:    trial_n_params 1888960
wandb:                +1 ...
wandb: 
wandb: 🚀 View run hpo_lejepa_trial008 at: https://wandb.ai/andreribeiro87-universidade-de-aveiro/inMotion-exotic-hpo/runs/ccrppgby
wandb: ⭐️ View project at: https://wandb.ai/andreribeiro87-universidade-de-aveiro/inMotion-exotic-hpo
wandb: Synced 4 W&B file(s), 0 media file(s), 0 artifact file(s) and 0 other file(s)
wandb: Find logs at: ./wandb/run-20260822_205439-ccrppgby/logs
                                                  27%|██▋       | 8/30 [26:49<1:02:27, 170.35s/it] 30%|███       | 9/30 [26:49<1:02:39, 179.02s/it]wandb: setting up run hckq30f5
wandb: Tracking run with wandb version 0.26.0
wandb: Run data is saved locally in /slurm_shared/home/andrepedroribeiro@av.it.pt/inMotion/wandb/run-20260822_205757-hckq30f5
wandb: Run `wandb offline` to turn off syncing.
wandb: Syncing run hpo_lejepa_trial009
wandb: ⭐️ View project at https://wandb.ai/andreribeiro87-universidade-de-aveiro/inMotion-exotic-hpo
wandb: 🚀 View run at https://wandb.ai/andreribeiro87-universidade-de-aveiro/inMotion-exotic-hpo/runs/hckq30f5
wandb: updating run metadata
wandb: uploading wandb-summary.json; uploading config.yaml
wandb: 
wandb: Run history:
wandb:   ft/stage1_epoch ▁▂▃▃▄▅▆▆▇█
wandb: ft/stage1_val_mcc ▁▃▅▆▆▇▇▇██
wandb:   ft/stage2_epoch ▁▂▃▃▄▅▆▆▇█
wandb: ft/stage2_val_mcc ▁▂▃▄▄▅▆▇▇█
wandb:      pretrain/ema ▁▁▁▁▁▁▁▁▁▁▁▁▁▁▁▁▁▁▁▁▁▁▁▁▁▁▁▁▁▁▁▁▁▁▁▁▁▁▁▁
wandb:    pretrain/epoch ▁▁▁▁▂▂▂▂▂▂▃▃▃▃▃▄▄▄▄▄▅▅▅▅▅▅▆▆▆▆▆▆▇▇▇▇▇▇██
wandb:     pretrain/loss █▄▃▃▂▂▂▂▂▂▁▁▁▁▁▁▁▁▁▁▁▁▁▁▁▁▁▁▁▁▁▁▁▁▁▁▁▁▁▁
wandb:  trial_efficiency ▁
wandb:         trial_mcc ▁
wandb:    trial_n_params ▁
wandb:                +1 ...
wandb: 
wandb: Run summary:
wandb:   ft/stage1_epoch 9
wandb: ft/stage1_val_mcc 0.65712
wandb:   ft/stage2_epoch 9
wandb: ft/stage2_val_mcc 0.75846
wandb:      pretrain/ema 0
wandb:    pretrain/epoch 49
wandb:     pretrain/loss 0.08325
wandb:  trial_efficiency 249.304
wandb:         trial_mcc 0.75846
wandb:    trial_n_params 3042304
wandb:                +1 ...
wandb: 
wandb: 🚀 View run hpo_lejepa_trial009 at: https://wandb.ai/andreribeiro87-universidade-de-aveiro/inMotion-exotic-hpo/runs/hckq30f5
wandb: ⭐️ View project at: https://wandb.ai/andreribeiro87-universidade-de-aveiro/inMotion-exotic-hpo
wandb: Synced 4 W&B file(s), 0 media file(s), 0 artifact file(s) and 0 other file(s)
wandb: Find logs at: ./wandb/run-20260822_205757-hckq30f5/logs
                                                  30%|███       | 9/30 [30:06<1:02:39, 179.02s/it] 33%|███▎      | 10/30 [30:06<1:01:27, 184.37s/it]wandb: setting up run s67znso3
wandb: Tracking run with wandb version 0.26.0
wandb: Run data is saved locally in /slurm_shared/home/andrepedroribeiro@av.it.pt/inMotion/wandb/run-20260822_210114-s67znso3
wandb: Run `wandb offline` to turn off syncing.
wandb: Syncing run hpo_lejepa_trial010
wandb: ⭐️ View project at https://wandb.ai/andreribeiro87-universidade-de-aveiro/inMotion-exotic-hpo
wandb: 🚀 View run at https://wandb.ai/andreribeiro87-universidade-de-aveiro/inMotion-exotic-hpo/runs/s67znso3
wandb: updating run metadata
wandb: uploading history steps 64-70, summary
wandb: 
wandb: Run history:
wandb:   ft/stage1_epoch ▁▂▃▃▄▅▆▆▇█
wandb: ft/stage1_val_mcc ▁▂▄▄▅▆▇▇██
wandb:   ft/stage2_epoch ▁▂▃▃▄▅▆▆▇█
wandb: ft/stage2_val_mcc ▁▂▄▄▅▆▆▇▇█
wandb:      pretrain/ema ▁▁▁▁▁▁▁▁▁▁▁▁▁▁▁▁▁▁▁▁▁▁▁▁▁▁▁▁▁▁▁▁▁▁▁▁▁▁▁▁
wandb:    pretrain/epoch ▁▁▁▁▂▂▂▂▂▃▃▃▃▃▃▄▄▄▄▄▅▅▅▅▅▅▆▆▆▆▆▆▇▇▇▇▇███
wandb:     pretrain/loss █▅▄▃▃▃▂▂▂▂▂▂▂▂▂▂▂▂▂▁▁▁▁▁▁▁▁▁▁▁▁▁▁▁▁▁▁▁▁▁
wandb:  trial_efficiency ▁
wandb:         trial_mcc ▁
wandb:    trial_n_params ▁
wandb:                +1 ...
wandb: 
wandb: Run summary:
wandb:   ft/stage1_epoch 9
wandb: ft/stage1_val_mcc 0.74246
wandb:   ft/stage2_epoch 9
wandb: ft/stage2_val_mcc 0.81279
wandb:      pretrain/ema 0
wandb:    pretrain/epoch 49
wandb:     pretrain/loss 0.23965
wandb:  trial_efficiency 192.16514
wandb:         trial_mcc 0.81279
wandb:    trial_n_params 4229632
wandb:                +1 ...
wandb: 
wandb: 🚀 View run hpo_lejepa_trial010 at: https:/