[I 2026-08-22 22:10:03,507] Trial 29 finished with values: [0.783209480361202, 1854848.0] and parameters: {'d_model': 128, 'nhead': 4, 'num_layers': 4, 'dim_ff': 512, 'pred_dim': 128, 'pred_layers': 1, 'pretrain_lr': 0.00012814703696157852, 'finetune_lr': 0.008681705931439066, 'ema_start': 0.9947078805975313}.
  [Trial 029] MCC=0.7832 params=1.85M

  Pareto frontier (3 points):
    MCC=0.8409  params=1.53M  {'d_model': 128, 'nhead': 4, 'num_layers': 4, 'dim_ff': 256, 'pred_dim': 64, 'pred_layers': 3, 'pretrain_lr': 0.0007843269804336331, 'finetune_lr': 0.00937566600133442, 'ema_start': 0.9967804036673305}
    MCC=0.8043  params=1.26M  {'d_model': 128, 'nhead': 8, 'num_layers': 2, 'dim_ff': 512, 'pred_dim': 96, 'pred_layers': 2, 'pretrain_lr': 0.0001785335461982821, 'finetune_lr': 0.0010145478086525616, 'ema_start': 0.9977084085706949}
    MCC=0.7906  params=0.47M  {'d_model': 128, 'nhead': 4, 'num_layers': 1, 'dim_ff': 256, 'pred_dim': 64, 'pred_layers': 1, 'pretrain_lr': 7.148510793512978e-05, 'finetune_lr': 0.00432543242796456, 'ema_start': 0.9977465752493071}

============================================================
Phase 1: SSL Pretraining (lejepa)
============================================================
Pretraining 300 epochs (lejepa)...
  epoch   1/300 | train=0.8915 | val=0.3549 | ema=0.0000
  epoch  10/300 | train=0.1808 | val=0.0327 | ema=0.0000 | probe=0.589
  epoch  20/300 | train=0.1409 | val=0.0201 | ema=0.0000 | probe=0.591
  epoch  21/300 | train=0.1391 | val=0.0216 | ema=0.0000
  epoch  30/300 | train=0.1240 | val=0.0161 | ema=0.0000 | probe=0.591
  epoch  40/300 | train=0.1132 | val=0.0144 | ema=0.0000 | probe=0.591
  epoch  41/300 | train=0.1112 | val=0.0149 | ema=0.0000
  epoch  50/300 | train=0.1056 | val=0.0135 | ema=0.0000 | probe=0.586
  epoch  60/300 | train=0.1002 | val=0.0114 | ema=0.0000 | probe=0.576
  epoch  61/300 | train=0.0996 | val=0.0113 | ema=0.0000
  epoch  70/300 | train=0.0964 | val=0.0108 | ema=0.0000 | probe=0.578
  epoch  80/300 | train=0.0926 | val=0.0096 | ema=0.0000 | probe=0.583
  epoch  81/300 | train=0.0925 | val=0.0094 | ema=0.0000
  epoch  90/300 | train=0.0900 | val=0.0094 | ema=0.0000 | probe=0.575
  epoch 100/300 | train=0.0868 | val=0.0087 | ema=0.0000 | probe=0.565
  epoch 101/300 | train=0.0866 | val=0.0094 | ema=0.0000
  epoch 110/300 | train=0.0834 | val=0.0086 | ema=0.0000 | probe=0.574
  epoch 120/300 | train=0.0817 | val=0.0075 | ema=0.0000 | probe=0.583
  epoch 121/300 | train=0.0822 | val=0.0080 | ema=0.0000
  epoch 130/300 | train=0.0796 | val=0.0077 | ema=0.0000 | probe=0.569
  epoch 140/300 | train=0.0776 | val=0.0067 | ema=0.0000 | probe=0.562
  epoch 141/300 | train=0.0779 | val=0.0068 | ema=0.0000
  epoch 150/300 | train=0.0767 | val=0.0066 | ema=0.0000 | probe=0.574
  Early stopping at epoch 150 (probe MCC not improving, best=0.5913)
Pretraining done in 647s. Best probe MCC: 0.5913
Checkpoint: 20-aug/models/exotic/normal-new-ds/lejepa_pretrain_best.pt
Visualization summary: models/exotic/viz/lejepa_seed42/pretrain_summary.png

============================================================
Phase 2: Fine-tuning (lejepa)
============================================================
Stage 1: Training classification head (encoder frozen)...
  Stage 1 best val MCC: 0.6389 (26s)
Stage 2: Full fine-tuning (encoder unfrozen)...
Fine-tuning done in 152s.
  Best val MCC: 0.8074
  Test MCC:     0.8093065829603651

Results appended to 20-aug/results/exotic/normal-new-ds/exotic_results.csv
