[I 2026-08-22 21:46:36,462] Trial 23 finished with values: [0.8358274434172469, 1918848.0] and parameters: {'d_model': 128, 'nhead': 8, 'num_layers': 3, 'dim_ff': 768, 'pred_dim': 96, 'pred_layers': 1, 'pretrain_lr': 0.00024744252044213834, 'finetune_lr': 0.0018108634100884495, 'ema_start': 0.9978972481217435}. 77%|███████▋  | 23/30 [1:15:30<23:01, 197.33s/it] 80%|████████  | 24/30 [1:15:30<19:06, 191.16s/it]wandb: setting up run 2lych2my
wandb: Tracking run with wandb version 0.26.0
wandb: Run data is saved locally in /slurm_shared/home/andrepedroribeiro@av.it.pt/inMotion/wandb/run-20260822_214638-2lych2my
wandb: Run `wandb offline` to turn off syncing.
wandb: Syncing run hpo_lejepa_trial024
wandb: ⭐️ View project at https://wandb.ai/andreribeiro87-universidade-de-aveiro/inMotion-exotic-hpo
wandb: 🚀 View run at https://wandb.ai/andreribeiro87-universidade-de-aveiro/inMotion-exotic-hpo/runs/2lych2my
wandb: updating run metadata
wandb: uploading wandb-summary.json; uploading config.yaml
wandb: uploading history steps 68-70, summary
wandb: 
wandb: Run history:
wandb:   ft/stage1_epoch ▁▂▃▃▄▅▆▆▇█
wandb: ft/stage1_val_mcc ▁▃▄▅▆▆▇▇▇█
wandb:   ft/stage2_epoch ▁▂▃▃▄▅▆▆▇█
wandb: ft/stage2_val_mcc ▁▂▃▄▆▆▇▆██
wandb:      pretrain/ema ▁▁▁▁▁▁▁▁▁▁▁▁▁▁▁▁▁▁▁▁▁▁▁▁▁▁▁▁▁▁▁▁▁▁▁▁▁▁▁▁
wandb:    pretrain/epoch ▁▁▁▁▂▂▂▂▂▂▃▃▃▃▃▄▄▄▄▄▄▅▅▅▅▅▅▆▆▆▆▇▇▇▇▇▇███
wandb:     pretrain/loss █▅▄▃▃▂▂▂▂▂▂▂▂▂▂▂▂▁▁▁▁▁▁▁▁▁▁▁▁▁▁▁▁▁▁▁▁▁▁▁
wandb:  trial_efficiency ▁
wandb:         trial_mcc ▁
wandb:    trial_n_params ▁
wandb:                +1 ...
wandb: 
wandb: Run summary:
wandb:   ft/stage1_epoch 9
wandb: ft/stage1_val_mcc 0.76401
wandb:   ft/stage2_epoch 9
wandb: ft/stage2_val_mcc 0.82775
wandb:      pretrain/ema 0
wandb:    pretrain/epoch 49
wandb:     pretrain/loss 0.14722
wandb:  trial_efficiency 287.41957
wandb:         trial_mcc 0.82775
wandb:    trial_n_params 2879936
wandb:                +1 ...
wandb: 
wandb: 🚀 View run hpo_lejepa_trial024 at: https://wandb.ai/andreribeiro87-universidade-de-aveiro/inMotion-exotic-hpo/runs/2lych2my
wandb: ⭐️ View project at: https://wandb.ai/andreribeiro87-universidade-de-aveiro/inMotion-exotic-hpo
wandb: Synced 4 W&B file(s), 0 media file(s), 0 artifact file(s) and 0 other file(s)
wandb: Find logs at: ./wandb/run-20260822_214638-2lych2my/logs
                                                   80%|████████  | 24/30 [1:19:42<19:06, 191.16s/it] 83%|████████▎ | 25/30 [1:19:42<17:27, 209.43s/it]wandb: setting up run jjp9ibj6
wandb: Tracking run with wandb version 0.26.0
wandb: Run data is saved locally in /slurm_shared/home/andrepedroribeiro@av.it.pt/inMotion/wandb/run-20260822_215050-jjp9ibj6
wandb: Run `wandb offline` to turn off syncing.
wandb: Syncing run hpo_lejepa_trial025
wandb: ⭐️ View project at https://wandb.ai/andreribeiro87-universidade-de-aveiro/inMotion-exotic-hpo
wandb: 🚀 View run at https://wandb.ai/andreribeiro87-universidade-de-aveiro/inMotion-exotic-hpo/runs/jjp9ibj6
wandb: updating run metadata
wandb: uploading config.yaml; uploading wandb-summary.json
wandb: 
wandb: Run history:
wandb:   ft/stage1_epoch ▁▂▃▃▄▅▆▆▇█
wandb: ft/stage1_val_mcc ▁▃▄▅▅▆▇▇▇█
wandb:   ft/stage2_epoch ▁▂▃▃▄▅▆▆▇█
wandb: ft/stage2_val_mcc ▁▂▃▄▅▆▆▇▇█
wandb:      pretrain/ema ▁▁▁▁▁▁▁▁▁▁▁▁▁▁▁▁▁▁▁▁▁▁▁▁▁▁▁▁▁▁▁▁▁▁▁▁▁▁▁▁
wandb:    pretrain/epoch ▁▁▁▁▂▂▂▂▂▂▃▃▃▃▃▄▄▄▄▄▅▅▅▅▅▅▆▆▆▆▆▇▇▇▇▇▇███
wandb:     pretrain/loss █▆▅▄▄▃▃▃▃▃▂▂▂▂▂▂▂▂▂▂▁▁▁▁▁▁▁▁▁▁▁▁▁▁▁▁▁▁▁▁
wandb:  trial_efficiency ▁
wandb:         trial_mcc ▁
wandb:    trial_n_params ▁
wandb:                +1 ...
wandb: 
wandb: Run summary:
wandb:   ft/stage1_epoch 9
wandb: ft/stage1_val_mcc 0.72256
wandb:   ft/stage2_epoch 9
wandb: ft/stage2_val_mcc 0.83773
wandb:      pretrain/ema 0
wandb:    pretrain/epoch 49
wandb:     pretrain/loss 0.1059
wandb:  trial_efficiency 165.94417
wandb:         trial_mcc 0.83773
wandb:    trial_n_params 5048256
wandb:                +1 ...
wandb: 
wandb: 🚀 View run hpo_lejepa_trial025 at: https://wandb.ai/andreribeiro87-universidade-de-aveiro/inMotion-exotic-hpo/runs/jjp9ibj6
wandb: ⭐️ View project at: https://wandb.ai/andreribeiro87-universidade-de-aveiro/inMotion-exotic-hpo
wandb: Synced 4 W&B file(s), 0 media file(s), 0 artifact file(s) and 0 other file(s)
wandb: Find logs at: ./wandb/run-20260822_215050-jjp9ibj6/logs
                                                   83%|████████▎ | 25/30 [1:23:56<17:27, 209.43s/it] 87%|████████▋ | 26/30 [1:23:56<14:51, 222.92s/it]wandb: setting up run 53216f8v
wandb: Tracking run with wandb version 0.26.0
wandb: Run data is saved locally in /slurm_shared/home/andrepedroribeiro@av.it.pt/inMotion/wandb/run-20260822_215505-53216f8v
wandb: Run `wandb offline` to turn off syncing.
wandb: Syncing run hpo_lejepa_trial026
wandb: ⭐️ View project at https://wandb.ai/andreribeiro87-universidade-de-aveiro/inMotion-exotic-hpo
wandb: 🚀 View run at https://wandb.ai/andreribeiro87-universidade-de-aveiro/inMotion-exotic-hpo/runs/53216f8v
wandb: updating run metadata
wandb: uploading wandb-summary.json; uploading config.yaml
wandb: 
wandb: Run history:
wandb:   ft/stage1_epoch ▁▂▃▃▄▅▆▆▇█
wandb: ft/stage1_val_mcc ▁▃▄▅▅▆▇▇▇█
wandb:   ft/stage2_epoch ▁▂▃▃▄▅▆▆▇█
wandb: ft/stage2_val_mcc ▁▂▂▃▄▄▆▇▇█
wandb:      pretrain/ema ▁▁▁▁▁▁▁▁▁▁▁▁▁▁▁▁▁▁▁▁▁▁▁▁▁▁▁▁▁▁▁▁▁▁▁▁▁▁▁▁
wandb:    pretrain/epoch ▁▁▁▁▂▂▂▂▂▃▃▃▃▃▄▄▄▄▄▄▅▅▅▅▅▆▆▆▆▆▆▇▇▇▇▇▇███
wandb:     pretrain/loss █▅▄▃▃▂▂▂▂▂▂▂▂▂▂▂▂▁▁▁▁▁▁▁▁▁▁▁▁▁▁▁▁▁▁▁▁▁▁▁
wandb:  trial_efficiency ▁
wandb:         trial_mcc ▁
wandb:    trial_n_params ▁
wandb:                +1 ...
wandb: 
wandb: Run summary:
wandb:   ft/stage1_epoch 9
wandb: ft/stage1_val_mcc 0.67148
wandb:   ft/stage2_epoch 9
wandb: ft/stage2_val_mcc 0.73935
wandb:      pretrain/ema 0
wandb:    pretrain/epoch 49
wandb:     pretrain/loss 0.30868
wandb:  trial_efficiency 133.38666
wandb:         trial_mcc 0.73935
wandb:    trial_n_params 5542912
wandb:                +1 ...
wandb: 
wandb: 🚀 View run hpo_lejepa_trial026 at: https://wandb.ai/andreribeiro87-universidade-de-aveiro/inMotion-exotic-hpo/runs/53216f8v
wandb: ⭐️ View project at: https://wandb.ai/andreribeiro87-universidade-de-aveiro/inMotion-exotic-hpo
wandb: Synced 4 W&B file(s), 0 media file(s), 0 artifact file(s) and 0 other file(s)
wandb: Find logs at: ./wandb/run-20260822_215505-53216f8v/logs
                                                   87%|████████▋ | 26/30 [1:27:52<14:51, 222.92s/it] 90%|█████████ | 27/30 [1:27:52<11:20, 226.78s/it]wandb: setting up run ejjsvlj2
wandb: Tracking run with wandb version 0.26.0
wandb: Run data is saved locally in /slurm_shared/home/andrepedroribeiro@av.it.pt/inMotion/wandb/run-20260822_215900-ejjsvlj2
wandb: Run `wandb offline` to turn off syncing.
wandb: Syncing run hpo_lejepa_trial027
wandb: ⭐️ View project at https://wandb.ai/andreribeiro87-universidade-de-aveiro/inMotion-exotic-hpo
wandb: 🚀 View run at https://wandb.ai/andreribeiro87-universidade-de-aveiro/inMotion-exotic-hpo/runs/ejjsvlj2
wandb: updating run metadata
wandb: uploading wandb-summary.json; uploading config.yaml
wandb: 
wandb: Run history:
wandb:   ft/stage1_epoch ▁▂▃▃▄▅▆▆▇█
wandb: ft/stage1_val_mcc ▁▂▄▄▅▆▇▇██
wandb:   ft/stage2_epoch ▁▂▃▃▄▅▆▆▇█
wandb: ft/stage2_val_mcc ▁▁▃▅▆▇▇▇▇█
wandb:      pretrain/ema ▁▁▁▁▁▁▁▁▁▁▁▁▁▁▁▁▁▁▁▁▁▁▁▁▁▁▁▁▁▁▁▁▁▁▁▁▁▁▁▁
wandb:    pretrain/epoch ▁▁▁▁▂▂▂▂▂▃▃▃▃▃▃▄▄▄▄▄▅▅▅▅▅▅▆▆▆▆▆▆▇▇▇▇▇▇██
wandb:     pretrain/loss █▄▃▂▂▂▂▂▁▁▁▁▁▁▁▁▁▁▁▁▁▁▁▁▁▁▁▁▁▁▁▁▁▁▁▁▁▁▁▁
wandb:  trial_efficiency ▁
wandb:         trial_mcc ▁
wandb:    trial_n_params ▁
wandb:                +1 ...
wandb: 
wandb: Run summary:
wandb:   ft/stage1_epoch 9
wandb: ft/stage1_val_mcc 0.732
wandb:   ft/stage2_epoch 9
wandb: ft/stage2_val_mcc 0.8409
wandb:      pretrain/ema 0
wandb:    pretrain/epoch 49
wandb:     pretrain/loss 0.08675
wandb:  trial_efficiency 550.441
wandb:         trial_mcc 0.8409
wandb:    trial_n_params 1527680
wandb:                +1 ...
wandb: 
wandb: 🚀 View run hpo_lejepa_trial027 at: https://wandb.ai/andreribeiro87-universidade-de-aveiro/inMotion-exotic-hpo/runs/ejjsvlj2
wandb: ⭐️ View project at: https://wandb.ai/andreribeiro87-universidade-de-aveiro/inMotion-exotic-hpo
wandb: Synced 4 W&B file(s), 0 media file(s), 0 artifact file(s) and 0 other file(s)
wandb: Find logs at: ./wandb/run-20260822_215900-ejjsvlj2/logs
                                                   90%|█████████ | 27/30 [1:32:02<11:20, 226.78s/it] 93%|█████████▎| 28/30 [1:32:02<07:47, 233.64s/it]wandb: setting up run ne92ykk6
wandb: Tracking run with wandb version 0.26.0
wandb: Run data is saved locally in /slurm_shared/home/andrepedroribeiro@av.it.pt/inMotion/wandb/run-20260822_220310-ne92ykk6
wandb: Run `wandb offline` to turn off syncing.
wandb: Syncing run hpo_lejepa_trial028
wandb: ⭐️ View project at https://wandb.ai/andreribeiro87-universidade-de-aveiro/inMotion-exotic-hpo
wandb: 🚀 View run at https://wandb.ai/andreribeiro87-universidade-de-aveiro/inMotion-exotic-hpo/runs/ne92ykk6
wandb: updating run metadata
wandb: uploading history steps 66-70, summary
wandb: 
wandb: Run history:
wandb:   ft/stage1_epoch ▁▂▃▃▄▅▆▆▇█
wandb: ft/stage1_val_mcc ▁▃▄▅▆▆▆▇██
wandb:   ft/stage2_epoch ▁▂▃▃▄▅▆▆▇█
wandb: ft/stage2_val_mcc ▁▃▄▅▅▅▆▇██
wandb:      pretrain/ema ▁▁▁▁▁▁▁▁▁▁▁▁▁▁▁▁▁▁▁▁▁▁▁▁▁▁▁▁▁▁▁▁▁▁▁▁▁▁▁▁
wandb:    pretrain/epoch ▁▁▁▁▂▂▂▂▂▂▃▃▃▃▃▄▄▄▄▄▄▅▅▅▅▅▅▆▆▆▆▆▇▇▇▇▇███
wandb:     pretrain/loss █▄▃▃▂▂▂▂▂▁▁▁▁▁▁▁▁▁▁▁▁▁▁▁▁▁▁▁▁▁▁▁▁▁▁▁▁▁▁▁
wandb:  trial_efficiency ▁
wandb:         trial_mcc ▁
wandb:    trial_n_params ▁
wandb:                +1 ...
wandb: 
wandb: Run summary:
wandb:   ft/stage1_epoch 9
wandb: ft/stage1_val_mcc 0.75004
wandb:   ft/stage2_epoch 9
wandb: ft/stage2_val_mcc 0.8329
wandb:      pretrain/ema 0
wandb:    pretrain/epoch 49
wandb:     pretrain/loss 0.10937
wandb:  trial_efficiency 166.05407
wandb:         trial_mcc 0.8329
wandb:    trial_n_params 5015808
wandb:                +1 ...
wandb: 
wandb: 🚀 View run hpo_lejepa_trial028 at: https://wandb.ai/andreribeiro87-universidade-de-aveiro/inMotion-exotic-hpo/runs/ne92ykk6
wandb: ⭐️ View project at: https://wandb.ai/andreribeiro87-universidade-de-aveiro/inMotion-exotic-hpo
wandb: Synced 4 W&B file(s), 0 media file(s), 0 artifact file(s) and 0 other file(s)
wandb: Find logs at: ./wandb/run-20260822_220310-ne92ykk6/logs
                                                   93%|█████████▎| 28/30 [1:35:32<07:47, 233.64s/it] 97%|█████████▋| 29/30 [1:35:32<03:46, 226.62s/it]wandb: setting up run iuikr773
wandb: Tracking run with wandb version 0.26.0
wandb: Run data is saved locally in /slurm_shared/home/andrepedroribeiro@av.it.pt/inMotion/wandb/run-20260822_220640-iuikr773
wandb: Run `wandb offline` to turn off syncing.
wandb: Syncing run hpo_lejepa_trial029
wandb: ⭐️ View project at https://wandb.ai/andreribeiro87-universidade-de-aveiro/inMotion-exotic-hpo
wandb: 🚀 View run at https://wandb.ai/andreribeiro87-universidade-de-aveiro/inMotion-exotic-hpo/runs/iuikr773
wandb: updating run metadata
wandb: uploading history steps 69-70, summary
wandb: 
wandb: Run history:
wandb:   ft/stage1_epoch ▁▂▃▃▄▅▆▆▇█
wandb: ft/stage1_val_mcc ▁▂▄▅▅▇▇▇██
wandb:   ft/stage2_epoch ▁▂▃▃▄▅▆▆▇█
wandb: ft/stage2_val_mcc ▁▂▂▃▃▅▆▇██
wandb:      pretrain/ema ▁▁▁▁▁▁▁▁▁▁▁▁▁▁▁▁▁▁▁▁▁▁▁▁▁▁▁▁▁▁▁▁▁▁▁▁▁▁▁▁
wandb:    pretrain/epoch ▁▁▁▁▂▂▂▂▂▂▃▃▃▃▃▄▄▄▄▄▅▅▅▅▅▅▆▆▆▆▆▆▇▇▇▇▇███
wandb:     pretrain/loss █▅▄▃▃▂▂▂▂▂▂▁▁▁▁▁▁▁▁▁▁▁▁▁▁▁▁▁▁▁▁▁▁▁▁▁▁▁▁▁
wandb:  trial_efficiency ▁
wandb:         trial_mcc ▁
wandb:    trial_n_params ▁
wandb:                +1 ...
wandb: 
wandb: Run summary:
wandb:   ft/stage1_epoch 9
wandb: ft/stage1_val_mcc 0.74939
wandb:   ft/stage2_epoch 9
wandb: ft/stage2_val_mcc 0.78321
wandb:      pretrain/ema 0
wandb:    pretrain/epoch 49
wandb:     pretrain/loss 0.12753
wandb:  trial_efficiency 422.24995
wandb:         trial_mcc 0.78321
wandb:    trial_n_params 1854848
wandb:                +1 ...
wandb: 
wandb: 🚀 View run hpo_lejepa_trial029 at: https://wandb.ai/andreribeiro87-universidade-de-aveiro/inMotion-exotic-hpo/runs/iuikr773
wandb: ⭐️ View project at: https://wandb.ai/andreribeiro87-universidade-de-aveiro/inMotion-exotic-hpo
wandb: Synced 4 W&B file(s), 0 media file(s), 0 artifact file(s) and 0 other file(s)
wandb: Find logs at: ./wandb/run-20260822_220640-iuikr773/logs
                                                   97%|█████████▋| 29/30 [1:38:57<03:46, 226.62s/it]100%|██████████| 30/30 [1:38:57<00:00, 220.11s/it]100%|██████████| 30/30 [1:38:57<00:00, 197.91s/it]
wandb: setting up run zwuqdhn1
wandb: Tracking run with wandb version 0.26.0
wandb: Run data is saved locally in /slurm_shared/home/andrepedroribeiro@av.it.pt/inMotion/wandb/run-20260822_221004-zwuqdhn1
wandb: Run `wandb offline` to turn off syncing.
wandb: Syncing run lejepa_pretrain_seed42
wandb: ⭐️ View project at https://wandb.ai/andreribeiro87-universidade-de-aveiro/inMotion-exotic-hpo
wandb: 🚀 View run at https://wandb.ai/andreribeiro87-universidade-de-aveiro/inMotion-exotic-hpo/runs/zwuqdhn1
wandb: updating run metadata
wandb: uploading config.yaml
wandb: 
wandb: Run history:
wandb: pretrain/best_probe_mcc ▁
wandb:            pretrain/ema ▁▁▁▁▁▁▁▁▁▁▁▁▁▁▁▁▁▁▁▁▁▁▁▁▁▁▁▁▁▁▁▁▁▁▁▁▁▁▁▁
wandb:          pretrain/epoch ▁▁▁▁▂▂▂▂▂▂▃▃▃▃▃▄▄▄▄▄▅▅▅▅▅▅▆▆▆▆▆▆▇▇▇▇▇███
wandb:             pretrain/lr ██████████▇▇▇▇▇▆▆▆▆▆▆▅▅▅▅▄▄▄▄▄▃▃▃▃▂▂▂▂▂▁
wandb:      pretrain/probe_mcc ▇███▇▄▅▆▄▂▄▆▃▁▄
wandb:     pretrain/train_loss █▂▂▂▂▂▁▁▁▁▁▁▁▁▁▁▁▁▁▁▁▁▁▁▁▁▁▁▁▁▁▁▁▁▁▁▁▁▁▁
wandb:     pretrain/uniformity ▁▁▁▁▇▇▇▇▇▇▇▇▇▇▇▇██████▇▇▇▇▇█████████████
wandb:       pretrain/val_loss █▆▅▅▄▄▃▃▂▂▂▂▂▂▂▂▂▂▂▂▁▂▂▁▂▁▁▁▁▁▁▁▁▁▁▁▁▁▁▁
wandb: 
wandb: Run summary:
wandb: pretrain/best_probe_mcc 0.59125
wandb:            pretrain/ema 0
wandb:          pretrain/epoch 149
wandb:             pretrain/lr 0.00015
wandb:      pretrain/probe_mcc 0.57421
wandb:     pretrain/train_loss 0.07673
wandb:     pretrain/uniformity 3.71955
wandb:       pretrain/val_loss 0.00662
wandb: 
wandb: 🚀 View run lejepa_pretrain_seed42 at: https://wandb.ai/andreribeiro87-universidade-de-aveiro/inMotion-exotic-hpo/runs/zwuqdhn1
wandb: ⭐️ View project at: https://wandb.ai/andreribeiro87-universidade-de-aveiro/inMotion-exotic-hpo
wandb: Synced 5 W&B file(s), 0 media file(s), 0 artifact file(s) and 0 other file(s)
wandb: Find logs at: ./wandb/run-20260822_221004-zwuqdhn1/logs
wandb: setting up run 82naqkrs
wandb: Tracking run with wandb version 0.26.0
wandb: Run data is saved locally in /slurm_shared/home/andrepedroribeiro@av.it.pt/inMotion/wandb/run-20260822_222055-82naqkrs
wandb: Run `wandb offline` to turn off syncing.
wandb: Syncing run lejepa_ft_seed42_s1
wandb: ⭐️ View project at https://wandb.ai/andreribeiro87-universidade-de-aveiro/inMotion-exotic-hpo
wandb: 🚀 View run at https://wandb.ai/andreribeiro87-universidade-de-aveiro/inMotion-exotic-hpo/runs/82naqkrs
wandb: updating run metadata; uploading artifact run-82naqkrs-final_val_confusion_matrix_table
wandb: uploading artifact run-82naqkrs-final_val_confusion_matrix_table
wandb: uploading history steps 9-12, summary
wandb: 
wandb: Run history:
wandb:                       best_epoch ▁
wandb:                     best_val_mcc ▁
wandb:                            epoch ▁▂▂▃▄▄▅▅▆▇▇█
wandb:                    final_val_acc ▁
wandb:               final_val_f1_macro ▁
wandb:                   final_val_loss ▁
wandb:  final_val_per_class/AA/f1-score ▁
wandb: final_val_per_class/AA/precision ▁
wandb:    final_val_per_class/AA/recall ▁
wandb:   final_val_per_class/AA/support ▁
wandb:                              +25 ...
wandb: 
wandb: Run summary:
wandb:                       best_epoch 10
wandb:                     best_val_mcc 0.63892
wandb:                            epoch 12
wandb:                    final_val_acc 0.72852
wandb:               final_val_f1_macro 0.72931
wandb:                   final_val_loss 0.93788
wandb:  final_val_per_class/AA/f1-score 0.69125
wandb: final_val_per_class/AA/precision 0.68187
wandb:    final_val_per_class/AA/recall 0.70089
wandb:   final_val_per_class/AA/support 896
wandb:                              +25 ...
wandb: 
wandb: 🚀 View run lejepa_ft_seed42_s1 at: https://wandb.ai/andreribeiro87-universidade-de-aveiro/inMotion-exotic-hpo/runs/82naqkrs
wandb: ⭐️ View project at: https://wandb.ai/andreribeiro87-universidade-de-aveiro/inMotion-exotic-hpo
wandb: Synced 4 W&B file(s), 1 media file(s), 2 artifact file(s) and 0 other file(s)
wandb: Find logs at: ./wandb/run-20260822_222055-82naqkrs/logs
wandb: setting up run v1znkazb
wandb: Tracking run with wandb version 0.26.0
wandb: Run data is saved locally in /slurm_shared/home/andrepedroribeiro@av.it.pt/inMotion/wandb/run-20260822_222120-v1znkazb
wandb: Run `wandb offline` to turn off syncing.
wandb: Syncing run lejepa_ft_seed42_s2
wandb: ⭐️ View project at https://wandb.ai/andreribeiro87-universidade-de-aveiro/inMotion-exotic-hpo
wandb: 🚀 View run at https://wandb.ai/andreribeiro87-universidade-de-aveiro/inMotion-exotic-hpo/runs/v1znkazb
wandb: updating run metadata; uploading artifact run-v1znkazb-final_val_confusion_matrix_table
wandb: uploading artifact run-v1znkazb-final_val_confusion_matrix_table
wandb: uploading media/table/final_val_confusion_matrix_table_38_f1121735d632ccae3585.table.json; uploading wandb-summary.json; uploading config.yaml
wandb: 
wandb: Run history:
wandb:                       best_epoch ▁
wandb:                     best_val_mcc ▁
wandb:                            epoch ▁▁▁▂▂▂▂▂▃▃▃▃▃▃▄▄▄▄▄▅▅▅▅▅▆▆▆▆▆▆▇▇▇▇▇███
wandb:                    final_val_acc ▁
wandb:               final_val_f1_macro ▁
wandb:                   final_val_loss ▁
wandb:  final_val_per_class/AA/f1-score ▁
wandb: final_val_per_class/AA/precision ▁
wandb:    final_val_per_class/AA/recall ▁
wandb:   final_val_per_class/AA/support ▁
wandb:                              +25 ...
wandb: 
wandb: Run summary:
wandb:                       best_epoch 36
wandb:                     best_val_mcc 0.80736
wandb:                            epoch 38
wandb:                    final_val_acc 0.85463
wandb:               final_val_f1_macro 0.85566
wandb:                   final_val_loss 0.71095
wandb:  final_val_per_class/AA/f1-score 0.82723
wandb: final_val_per_class/AA/precision 0.77909
wandb:    final_val_per_class/AA/recall 0.8817
wandb:   final_val_per_class/AA/support 896
wandb:                              +25 ...
wandb: 
wandb: 🚀 View run lejepa_ft_seed42_s2 at: https://wandb.ai/andreribeiro87-universidade-de-aveiro/inMotion-exotic-hpo/runs/v1znkazb
wandb: ⭐️ View project at: https://wandb.ai/andreribeiro87-universidade-de-aveiro/inMotion-exotic-hpo
wandb: Synced 4 W&B file(s), 1 media file(s), 2 artifact file(s) and 0 other file(s)
wandb: Find logs at: ./wandb/run-20260822_222120-v1znkazb/logs

  [Trial 023] MCC=0.8358 params=1.92M
[I 2026-08-22 21:50:48,521] Trial 24 finished with values: [0.8277499577782503, 2879936.0] and parameters: {'d_model': 192, 'nhead': 8, 'num_layers': 4, 'dim_ff': 256, 'pred_dim': 128, 'pred_layers': 3, 'pretrain_lr': 7.21087645427261e-05, 'finetune_lr': 0.0031749883464243815, 'ema_start': 0.9967908858667621}.
  [Trial 024] MCC=0.8277 params=2.88M
[I 2026-08-22 21:55:02,890] Trial 25 finished with values: [0.837728636744204, 5048256.0] and parameters: {'d_model': 192, 'nhead': 4, 'num_layers': 4, 'dim_ff': 768, 'pred_dim': 128, 'pred_layers': 3, 'pretrain_lr': 0.0001402412507055007, 'finetune_lr': 0.0018351620695519345, 'ema_start': 0.9940360096978049}.
  [Trial 025] MCC=0.8377 params=5.05M
[I 2026-08-22 21:58:58,693] Trial 26 finished with values: [0.7393505249728697, 5542912.0] and parameters: {'d_model': 256, 'nhead': 8, 'num_layers': 4, 'dim_ff': 512, 'pred_dim': 128, 'pred_layers': 2, 'pretrain_lr': 1.714486354167326e-05, 'finetune_lr': 0.00019318943133016047, 'ema_start': 0.9968535956854573}.
  [Trial 026] MCC=0.7394 params=5.54M
[I 2026-08-22 22:03:08,327] Trial 27 finished with values: [0.8408977122018929, 1527680.0] and parameters: {'d_model': 128, 'nhead': 4, 'num_layers': 4, 'dim_ff': 256, 'pred_dim': 64, 'pred_layers': 3, 'pretrain_lr': 0.0007843269804336331, 'finetune_lr': 0.00937566600133442, 'ema_start': 0.9967804036673305}.
  [Trial 027] MCC=0.8409 params=1.53M
[I 2026-08-22 22:06:38,577] Trial 28 finished with values: [0.8328953432879503, 5015808.0] and parameters: {'d_model': 256, 'nhead': 4, 'num_layers': 4, 'dim_ff': 512, 'pred_dim': 64, 'pred_layers': 1, 'pretrain_lr': 0.00019880193364014653, 'finetune_lr': 0.003105201294430152, 'ema_start': 0.9952503188858745}.
  [Trial 028] MCC=0.8329 params=5.02M
