                                                  [I 2026-08-22 20:33:54,693] Trial 0 finished with values: [0.7021951983266194, 1886272.0] and parameters: {'d_model': 192, 'nhead': 4, 'num_layers': 1, 'dim_ff': 512, 'pred_dim': 128, 'pred_layers': 3, 'pretrain_lr': 2.6587543983272695e-05, 'finetune_lr': 0.0002310201887845295, 'ema_start': 0.9916506405886809}.
  [Trial 000] MCC=0.7022 params=1.89M
[I 2026-08-22 20:36:20,037] Trial 1 finished with values: [0.7669613012336541, 1934208.0] and parameters: {'d_model': 192, 'nhead': 8, 'num_layers': 1, 'dim_ff': 768, 'pred_dim': 64, 'pred_layers': 2, 'pretrain_lr': 1.2385137298860926e-05, 'finetune_lr': 0.0016409286730647919, 'ema_start': 0.9915347171131856}.
  [Trial 001] MCC=0.7670 params=1.93M
[I 2026-08-22 20:38:19,523] Trial 2 finished with values: [0.7448980073280803, 1459200.0] and parameters: {'d_model': 256, 'nhead': 4, 'num_layers': 1, 'dim_ff': 256, 'pred_dim': 128, 'pred_layers': 1, 'pretrain_lr': 0.00021137059440645722, 'finetune_lr': 0.0004201672054372534, 'ema_start': 0.9946806121906003}.
  [Trial 002] MCC=0.7449 params=1.46M
[I 2026-08-22 20:42:09,596] Trial 3 finished with values: [0.7781201957686505, 5542912.0] and parameters: {'d_model': 256, 'nhead': 8, 'num_layers': 4, 'dim_ff': 512, 'pred_dim': 128, 'pred_layers': 2, 'pretrain_lr': 3.488976654890367e-05, 'finetune_lr': 0.004544383960336014, 'ema_start': 0.9932107799402423}.
  [Trial 003] MCC=0.7781 params=5.54M
[I 2026-08-22 20:46:18,608] Trial 4 finished with values: [0.7665713753707161, 2879936.0] and parameters: {'d_model': 192, 'nhead': 4, 'num_layers': 4, 'dim_ff': 256, 'pred_dim': 64, 'pred_layers': 3, 'pretrain_lr': 1.4063366777718176e-05, 'finetune_lr': 0.0005211124595788264, 'ema_start': 0.9910428215357262}.
  [Trial 004] MCC=0.7666 params=2.88M
[I 2026-08-22 20:49:39,518] Trial 5 finished with values: [0.8233552510864951, 1918848.0] and parameters: {'d_model': 128, 'nhead': 8, 'num_layers': 2, 'dim_ff': 768, 'pred_dim': 128, 'pred_layers': 3, 'pretrain_lr': 0.0001326033192269654, 'finetune_lr': 0.003482846706526885, 'ema_start': 0.9944441603672796}.
  [Trial 005] MCC=0.8234 params=1.92M
[I 2026-08-22 20:52:38,176] Trial 6 finished with values: [0.732510532773373, 1918848.0] and parameters: {'d_model': 128, 'nhead': 4, 'num_layers': 3, 'dim_ff': 768, 'pred_dim': 128, 'pred_layers': 1, 'pretrain_lr': 1.425475704402744e-05, 'finetune_lr': 0.0003797544798678418, 'ema_start': 0.991450991585286}.
  [Trial 006] MCC=0.7325 params=1.92M
[I 2026-08-22 20:54:38,041] Trial 7 finished with values: [0.7905819073999616, 467840.0] and parameters: {'d_model': 128, 'nhead': 4, 'num_layers': 1, 'dim_ff': 256, 'pred_dim': 64, 'pred_layers': 1, 'pretrain_lr': 7.148510793512978e-05, 'finetune_lr': 0.00432543242796456, 'ema_start': 0.9977465752493071}.
  [Trial 007] MCC=0.7906 params=0.47M
[I 2026-08-22 20:57:56,146] Trial 8 finished with values: [0.7858419583291183, 1888960.0] and parameters: {'d_model': 192, 'nhead': 4, 'num_layers': 2, 'dim_ff': 256, 'pred_dim': 128, 'pred_layers': 3, 'pretrain_lr': 3.188339735100187e-05, 'finetune_lr': 0.0009874088417386245, 'ema_start': 0.9927079047883509}.
  [Trial 008] MCC=0.7858 params=1.89M
[I 2026-08-22 21:01:12,496] Trial 9 finished with values: [0.7584585699749758, 3042304.0] and parameters: {'d_model': 256, 'nhead': 4, 'num_layers': 2, 'dim_ff': 256, 'pred_dim': 96, 'pred_layers': 3, 'pretrain_lr': 0.00033361013094697806, 'finetune_lr': 0.00029872741995638395, 'ema_start': 0.9965539471375068}.
  [Trial 009] MCC=0.7585 params=3.04M
[I 2026-08-22 21:05:04,016] Trial 10 finished with values: [0.8127878337393271, 4229632.0] and parameters: {'d_model': 256, 'nhead': 4, 'num_layers': 4, 'dim_ff': 256, 'pred_dim': 96, 'pred_layers': 2, 'pretrain_lr': 2.8378638146176247e-05, 'finetune_lr': 0.0019513967655934471, 'ema_start': 0.9915692978610449}.
  [Trial 010] MCC=0.8128 params=4.23M
[I 2026-08-22 21:07:30,931] Trial 11 finished with values: [0.6926789908780945, 1854976.0] and parameters: {'d_model': 256, 'nhead': 8, 'num_layers': 1, 'dim_ff': 256, 'pred_dim': 96, 'pred_layers': 2, 'pretrain_lr': 3.0458224385894053e-05, 'finetune_lr': 0.00015353434324857047, 'ema_start': 0.99807494182158}.
  [Trial 011] MCC=0.6927 params=1.85M
[I 2026-08-22 21:11:19,141] Trial 12 finished with values: [0.6867660039150315, 1395200.0] and parameters: {'d_model': 128, 'nhead': 8, 'num_layers': 4, 'dim_ff': 256, 'pred_dim': 128, 'pred_layers': 2, 'pretrain_lr': 1.0432637161302079e-05, 'finetune_lr': 0.00015956700210656633, 'ema_start': 0.9959715159219725}.
  [Trial 012] MCC=0.6868 params=1.40M
[I 2026-08-22 21:13:48,959] Trial 13 finished with values: [0.6943056435831144, 1854976.0] and parameters: {'d_model': 256, 'nhead': 4, 'num_layers': 1, 'dim_ff': 256, 'pred_dim': 128, 'pred_layers': 2, 'pretrain_lr': 0.00013696739838480054, 'finetune_lr': 0.00015393931002140855, 'ema_start': 0.9933094422275349}.
  [Trial 013] MCC=0.6943 params=1.85M
[I 2026-08-22 21:16:50,084] Trial 14 finished with values: [0.8206358692296625, 3042304.0] and parameters: {'d_model': 256, 'nhead': 8, 'num_layers': 3, 'dim_ff': 256, 'pred_dim': 128, 'pred_layers': 1, 'pretrain_lr': 1.1184895551664498e-05, 'finetune_lr': 0.001954090133022007, 'ema_start': 0.9915939961146635}.
  [Trial 014] MCC=0.8206 params=3.04M
[I 2026-08-22 21:21:02,115] Trial 15 finished with values: [0.7373552700735424, 3964096.0] and parameters: {'d_model': 192, 'nhead': 4, 'num_layers': 4, 'dim_ff': 512, 'pred_dim': 64, 'pred_layers': 3, 'pretrain_lr': 4.303720019143251e-05, 'finetune_lr': 0.00021826570038901196, 'ema_start': 0.9950112113621251}.
  [Trial 015] MCC=0.7374 params=3.96M
[I 2026-08-22 21:24:52,320] Trial 16 finished with values: [0.8029041443206687, 2711040.0] and parameters: {'d_model': 128, 'nhead': 8, 'num_layers': 4, 'dim_ff': 768, 'pred_dim': 64, 'pred_layers': 2, 'pretrain_lr': 3.86530428803215e-05, 'finetune_lr': 0.004156447611486069, 'ema_start': 0.9972910205521126}.
  [Trial 016] MCC=0.8029 params=2.71M
[I 2026-08-22 21:28:19,849] Trial 17 finished with values: [0.7811434213358992, 3713664.0] and parameters: {'d_model': 192, 'nhead': 8, 'num_layers': 3, 'dim_ff': 768, 'pred_dim': 96, 'pred_layers': 2, 'pretrain_lr': 1.1800069021089958e-05, 'finetune_lr': 0.0008534852819566894, 'ema_start': 0.9948838017123682}.
  [Trial 017] MCC=0.7811 params=3.71M
[I 2026-08-22 21:30:50,311] Trial 18 finished with values: [0.8203422947500646, 2379072.0] and parameters: {'d_model': 192, 'nhead': 8, 'num_layers': 2, 'dim_ff': 768, 'pred_dim': 96, 'pred_layers': 1, 'pretrain_lr': 0.00011553385460530907, 'finetune_lr': 0.0012057860169848358, 'ema_start': 0.9957368691134838}.
  [Trial 018] MCC=0.8203 params=2.38M
[I 2026-08-22 21:33:50,849] Trial 19 finished with values: [0.7157637416887778, 1641216.0] and parameters: {'d_model': 192, 'nhead': 8, 'num_layers': 2, 'dim_ff': 256, 'pred_dim': 64, 'pred_layers': 2, 'pretrain_lr': 2.2212049883899376e-05, 'finetune_lr': 0.0002055294619639017, 'ema_start': 0.9922521860834813}.
  [Trial 019] MCC=0.7158 params=1.64M
[I 2026-08-22 21:36:53,129] Trial 20 finished with values: [0.701944914799958, 2578880.0] and parameters: {'d_model': 192, 'nhead': 8, 'num_layers': 3, 'dim_ff': 512, 'pred_dim': 128, 'pred_layers': 1, 'pretrain_lr': 1.706653206390032e-05, 'finetune_lr': 0.00012359624712587392, 'ema_start': 0.9903665592208707}.
  [Trial 020] MCC=0.7019 params=2.58M
[I 2026-08-22 21:39:52,777] Trial 21 finished with values: [0.8043097448563771, 1260032.0] and parameters: {'d_model': 128, 'nhead': 8, 'num_layers': 2, 'dim_ff': 512, 'pred_dim': 96, 'pred_layers': 2, 'pretrain_lr': 0.0001785335461982821, 'finetune_lr': 0.0010145478086525616, 'ema_start': 0.9977084085706949}.
  [Trial 021] MCC=0.8043 params=1.26M
[I 2026-08-22 21:43:39,675] Trial 22 finished with values: [0.7898337356963575, 1262720.0] and parameters: {'d_model': 128, 'nhead': 4, 'num_layers': 3, 'dim_ff': 256, 'pred_dim': 64, 'pred_layers': 3, 'pretrain_lr': 5.9184131047454885e-05, 'finetune_lr': 0.008363366476207685, 'ema_start': 0.9981481557776045}.
  [Trial 022] MCC=0.7898 params=1.26M
