[I 2026-08-23 03:02:17,180] Trial 3 finished with values: [0.8628385519912272, 696900.0] and parameters: {'d_model': 192, 'num_layers': 3, 'latent_dim': 128, 'sigreg_lambda': 0.001434715951720141, 'lr': 0.005399484409787433}.
[I 2026-08-23 03:05:02,050] Trial 4 finished with values: [0.8690919720016186, 919236.0] and parameters: {'d_model': 192, 'num_layers': 4, 'latent_dim': 128, 'sigreg_lambda': 0.003095566460242371, 'lr': 0.00023270677083837802}.
[I 2026-08-23 03:06:58,909] Trial 5 finished with values: [0.874140216812612, 474564.0] and parameters: {'d_model': 192, 'num_layers': 2, 'latent_dim': 128, 'sigreg_lambda': 0.00614454378558747, 'lr': 0.0005404103854647331}.
[I 2026-08-23 03:09:13,163] Trial 6 finished with values: [0.8685136018226446, 696900.0] and parameters: {'d_model': 192, 'num_layers': 3, 'latent_dim': 128, 'sigreg_lambda': 0.04362599362560559, 'lr': 0.00021930485556643703}.
[I 2026-08-23 03:11:41,990] Trial 7 finished with values: [0.866193292734531, 1618572.0] and parameters: {'d_model': 256, 'num_layers': 4, 'latent_dim': 128, 'sigreg_lambda': 0.07026263205443048, 'lr': 0.0007591104805282694}.
[I 2026-08-23 03:14:22,670] Trial 8 finished with values: [0.8676115287423397, 944708.0] and parameters: {'d_model': 192, 'num_layers': 4, 'latent_dim': 256, 'sigreg_lambda': 0.006939031266619744, 'lr': 0.001096821720752952}.
[I 2026-08-23 03:17:02,186] Trial 9 finished with values: [0.8671458995686334, 1618572.0] and parameters: {'d_model': 256, 'num_layers': 4, 'latent_dim': 128, 'sigreg_lambda': 0.041087915453240795, 'lr': 0.0069782812651260325}.
[I 2026-08-23 03:18:58,984] Trial 10 finished with values: [0.862907612011314, 474564.0] and parameters: {'d_model': 192, 'num_layers': 2, 'latent_dim': 128, 'sigreg_lambda': 0.17247957710046016, 'lr': 0.0005170191786366995}.
[I 2026-08-23 03:21:50,111] Trial 11 finished with values: [0.8718380116257101, 944708.0] and parameters: {'d_model': 192, 'num_layers': 4, 'latent_dim': 256, 'sigreg_lambda': 0.12141307774357366, 'lr': 0.00024970737145052745}.
[I 2026-08-23 03:24:07,675] Trial 12 finished with values: [0.8725006551511704, 696900.0] and parameters: {'d_model': 192, 'num_layers': 3, 'latent_dim': 128, 'sigreg_lambda': 0.009278723835524695, 'lr': 0.0001705053926026929}.
[I 2026-08-23 03:25:48,783] Trial 13 finished with values: [0.8575856186390803, 136596.0] and parameters: {'d_model': 128, 'num_layers': 1, 'latent_dim': 256, 'sigreg_lambda': 0.0931504999849916, 'lr': 0.0018841476921545091}.
[I 2026-08-23 03:28:01,702] Trial 14 finished with values: [0.8662705705743656, 317460.0] and parameters: {'d_model': 128, 'num_layers': 3, 'latent_dim': 128, 'sigreg_lambda': 0.12045290903541855, 'lr': 0.0009718319944817398}.
[I 2026-08-23 03:29:40,438] Trial 15 finished with values: [0.8615494610481309, 136596.0] and parameters: {'d_model': 128, 'num_layers': 1, 'latent_dim': 256, 'sigreg_lambda': 0.007054030995136232, 'lr': 0.0010402587615883842}.
[I 2026-08-23 03:32:26,791] Trial 16 finished with values: [0.8722775428499355, 416532.0] and parameters: {'d_model': 128, 'num_layers': 4, 'latent_dim': 128, 'sigreg_lambda': 0.006053833609355681, 'lr': 0.0002101079931010357}.
[I 2026-08-23 03:35:07,414] Trial 17 finished with values: [0.8639533328869871, 416532.0] and parameters: {'d_model': 128, 'num_layers': 4, 'latent_dim': 128, 'sigreg_lambda': 0.2564424775342913, 'lr': 0.0011986281799901185}.
[I 2026-08-23 03:36:47,967] Trial 18 finished with values: [0.8562709515180664, 277700.0] and parameters: {'d_model': 192, 'num_layers': 1, 'latent_dim': 256, 'sigreg_lambda': 0.16136053172804796, 'lr': 0.005265761277157428}.
[I 2026-08-23 03:38:26,693] Trial 19 finished with values: [0.8348575178607275, 277700.0] and parameters: {'d_model': 192, 'num_layers': 1, 'latent_dim': 256, 'sigreg_lambda': 0.35065901428687846, 'lr': 0.00044300218067679835}.
[I 2026-08-23 03:41:02,120] Trial 20 finished with values: [0.8679303262117769, 919236.0] and parameters: {'d_model': 192, 'num_layers': 4, 'latent_dim': 128, 'sigreg_lambda': 0.02198157476233291, 'lr': 0.0003997206819121809}.
[I 2026-08-23 03:43:16,709] Trial 21 finished with values: [0.8636483467456907, 1257484.0] and parameters: {'d_model': 256, 'num_layers': 3, 'latent_dim': 256, 'sigreg_lambda': 0.2827368285260592, 'lr': 0.00030138649046798047}.
[I 2026-08-23 03:44:58,459] Trial 22 finished with values: [0.8670339555105769, 467980.0] and parameters: {'d_model': 256, 'num_layers': 1, 'latent_dim': 256, 'sigreg_lambda': 0.004379016717149333, 'lr': 0.0028604390429824616}.
[I 2026-08-23 03:47:10,490] Trial 23 finished with values: [0.8731768680713826, 1257484.0] and parameters: {'d_model': 256, 'num_layers': 3, 'latent_dim': 256, 'sigreg_lambda': 0.007341347358329406, 'lr': 0.00023606794572813083}.
[I 2026-08-23 03:48:49,325] Trial 24 finished with values: [0.8567968137331325, 434316.0] and parameters: {'d_model': 256, 'num_layers': 1, 'latent_dim': 128, 'sigreg_lambda': 0.05511908619816377, 'lr': 0.00022321987366901572}.
[I 2026-08-23 03:50:30,204] Trial 25 finished with values: [0.8467266284812958, 434316.0] and parameters: {'d_model': 256, 'num_layers': 1, 'latent_dim': 128, 'sigreg_lambda': 0.3131268715143098, 'lr': 0.005684322462212271}.
[I 2026-08-23 03:52:41,503] Trial 26 finished with values: [0.8695357620551569, 1223820.0] and parameters: {'d_model': 256, 'num_layers': 3, 'latent_dim': 128, 'sigreg_lambda': 0.0017835347589260702, 'lr': 0.00622918911318856}.
[I 2026-08-23 03:54:37,898] Trial 27 finished with values: [0.8572535012278959, 235668.0] and parameters: {'d_model': 128, 'num_layers': 2, 'latent_dim': 256, 'sigreg_lambda': 0.24786753644700055, 'lr': 0.003628700225554068}.
[I 2026-08-23 03:57:21,746] Trial 28 finished with values: [0.8658384960243878, 416532.0] and parameters: {'d_model': 128, 'num_layers': 4, 'latent_dim': 128, 'sigreg_lambda': 0.0018787485157309544, 'lr': 0.002123261760236048}.
[I 2026-08-23 03:59:35,368] Trial 29 finished with values: [0.870054067092426, 1223820.0] and parameters: {'d_model': 256, 'num_layers': 3, 'latent_dim': 128, 'sigreg_lambda': 0.08358923605804226, 'lr': 0.0002981935017114937}.
[I 2026-08-23 04:02:17,445] Trial 30 finished with values: [0.8693944536580555, 919236.0] and parameters: {'d_model': 192, 'num_layers': 4, 'latent_dim': 128, 'sigreg_lambda': 0.00178988607175397, 'lr': 0.000543790487365709}.
[I 2026-08-23 04:04:13,225] Trial 31 finished with values: [0.8663977632096785, 829068.0] and parameters: {'d_model': 256, 'num_layers': 2, 'latent_dim': 128, 'sigreg_lambda': 0.13969210681599276, 'lr': 0.0010122183035228775}.
[I 2026-08-23 04:06:24,122] Trial 32 finished with values: [0.8713183701527939, 317460.0] and parameters: {'d_model': 128, 'num_layers': 3, 'latent_dim': 128, 'sigreg_lambda': 0.05522177540399061, 'lr': 0.00022605876925380287}.

  Pareto frontier (4 points):
    MCC=0.8741  params=0.47M  {'d_model': 192, 'num_layers': 2, 'latent_dim': 128, 'sigreg_lambda': 0.00614454378558747, 'lr': 0.0005404103854647331}
    MCC=0.8723  params=0.42M  {'d_model': 128, 'num_layers': 4, 'latent_dim': 128, 'sigreg_lambda': 0.006053833609355681, 'lr': 0.0002101079931010357}
    MCC=0.8713  params=0.32M  {'d_model': 128, 'num_layers': 3, 'latent_dim': 128, 'sigreg_lambda': 0.05522177540399061, 'lr': 0.00022605876925380287}
    MCC=0.8615  params=0.14M  {'d_model': 128, 'num_layers': 1, 'latent_dim': 256, 'sigreg_lambda': 0.007054030995136232, 'lr': 0.0010402587615883842}

  Applying best frontier point for full training: {'d_model': 192, 'num_layers': 2, 'latent_dim': 128, 'sigreg_lambda': 0.00614454378558747, 'lr': 0.0005404103854647331}

============================================================
Phase 2: Direct supervised (sigreg)
============================================================
Training 150 epochs...
  epoch   1: val_mcc=0.6419
  epoch  21: val_mcc=0.8577
  epoch  41: val_mcc=0.8689
  epoch  61: val_mcc=0.8529
  Early stopping at epoch 64 (patience=25, best=0.8710)
  Best val MCC: 0.8710
  Test MCC:     0.8640069814687048

Results appended to 20-aug/results/exotic/normal-new-ds/exotic_results.csv
