[I 2026-08-23 03:00:06,076] Using an existing study with name 'exotic_sigreg_pareto' instead of creating a new one.
Device: cuda:0
Model:  sigreg
Data:   dataset_augmented3.csv
Seed:   42

============================================================
HPO: sigreg — 30 trials
  Train: 28671 samples, Val: 7168 samples
============================================================
  0%|          | 0/30 [00:00<?, ?it/s]wandb: [wandb.login()] Loaded credentials for https://api.wandb.ai from WANDB_API_KEY.
wandb: Currently logged in as: andreribeiro87 (andreribeiro87-universidade-de-aveiro) to https://api.wandb.ai. Use `wandb login --relogin` to force relogin
wandb: WARNING Using a boolean value for 'reinit' is deprecated. Use 'return_previous' or 'finish_previous' instead.
wandb: setting up run ae70lw44
wandb: Tracking run with wandb version 0.26.0
wandb: Run data is saved locally in /slurm_shared/home/andrepedroribeiro@av.it.pt/inMotion/wandb/run-20260823_030008-ae70lw44
wandb: Run `wandb offline` to turn off syncing.
wandb: Syncing run hpo_sigreg_trial003
wandb: ⭐️ View project at https://wandb.ai/andreribeiro87-universidade-de-aveiro/inMotion-exotic-hpo
wandb: 🚀 View run at https://wandb.ai/andreribeiro87-universidade-de-aveiro/inMotion-exotic-hpo/runs/ae70lw44
wandb: updating run metadata
wandb: uploading wandb-summary.json; uploading config.yaml
wandb: uploading config.yaml
wandb: 
wandb: Run history:
wandb:          ce_loss █▇▇▇▆▆▇▆▅▄▅▄▄▄▃▄▄▃▂▃▄▂▃▃▃▂▃▂▃▂▃▂▄▃▃▃▁▂▂▂
wandb:            epoch ▁▁▁▂▂▂▂▂▂▃▃▃▃▃▄▄▄▄▄▄▅▅▅▅▅▅▆▆▆▆▆▇▇▇▇▇▇███
wandb:      sigreg_loss ██▆▆▅▅▄▄▅▃▄▃▃▄▃▃▃▃▃▂▂▂▂▂▃▃▂▃▂▂▁▂▁▁▂▁▂▂▂▂
wandb: trial_efficiency ▁
wandb:        trial_mcc ▁
wandb:   trial_n_params ▁
wandb:   trial_params_M ▁
wandb:          val_mcc ▁▂▁▃▃▄▅▅▆▆▆▇▇▇▇▇▇▇█▇▇▇█▇████████████████
wandb: 
wandb: Run summary:
wandb:          ce_loss 0.48651
wandb:            epoch 39
wandb:      sigreg_loss 6.34902
wandb: trial_efficiency 1238.10956
wandb:        trial_mcc 0.86284
wandb:   trial_n_params 696900
wandb:   trial_params_M 0.6969
wandb:          val_mcc 0.86106
wandb: 
wandb: 🚀 View run hpo_sigreg_trial003 at: https://wandb.ai/andreribeiro87-universidade-de-aveiro/inMotion-exotic-hpo/runs/ae70lw44
wandb: ⭐️ View project at: https://wandb.ai/andreribeiro87-universidade-de-aveiro/inMotion-exotic-hpo
wandb: Synced 4 W&B file(s), 0 media file(s), 0 artifact file(s) and 0 other file(s)
wandb: Find logs at: ./wandb/run-20260823_030008-ae70lw44/logs
                                        0%|          | 0/30 [02:11<?, ?it/s]  3%|▎         | 1/30 [02:11<1:03:21, 131.08s/it]wandb: setting up run h2uu3dqd
wandb: Tracking run with wandb version 0.26.0
wandb: Run data is saved locally in /slurm_shared/home/andrepedroribeiro@av.it.pt/inMotion/wandb/run-20260823_030218-h2uu3dqd
wandb: Run `wandb offline` to turn off syncing.
wandb: Syncing run hpo_sigreg_trial004
wandb: ⭐️ View project at https://wandb.ai/andreribeiro87-universidade-de-aveiro/inMotion-exotic-hpo
wandb: 🚀 View run at https://wandb.ai/andreribeiro87-universidade-de-aveiro/inMotion-exotic-hpo/runs/h2uu3dqd
wandb: updating run metadata
wandb: uploading wandb-summary.json; uploading config.yaml
wandb: 
wandb: Run history:
wandb:          ce_loss █▅▆▅▆▆▄▅▅▅▃▅▄▅▂▅▅▄▃▃▃▃▃▃▄▂▃▃▄▂▂▃▁▂▁▂▂▂▂▁
wandb:            epoch ▁▁▁▂▂▂▂▂▂▃▃▃▃▃▄▄▄▄▄▄▅▅▅▅▅▅▆▆▆▆▆▇▇▇▇▇▇███
wandb:      sigreg_loss █▆▆▇▆▃▄▃▃▃▃▂▃▃▃▂▃▃▂▃▂▂▁▃▂▁▁▂▂▁▂▂▂▂▂▁▁▂▁▂
wandb: trial_efficiency ▁
wandb:        trial_mcc ▁
wandb:   trial_n_params ▁
wandb:   trial_params_M ▁
wandb:          val_mcc ▁▄▆▆▇▇▇█▇▇██████████████████▇▇▇▇█▇█▇▇█▇█
wandb: 
wandb: Run summary:
wandb:          ce_loss 0.38899
wandb:            epoch 39
wandb:      sigreg_loss 2.57177
wandb: trial_efficiency 945.45032
wandb:        trial_mcc 0.86909
wandb:   trial_n_params 919236
wandb:   trial_params_M 0.91924
wandb:          val_mcc 0.85792
wandb: 
wandb: 🚀 View run hpo_sigreg_trial004 at: https://wandb.ai/andreribeiro87-universidade-de-aveiro/inMotion-exotic-hpo/runs/h2uu3dqd
wandb: ⭐️ View project at: https://wandb.ai/andreribeiro87-universidade-de-aveiro/inMotion-exotic-hpo
wandb: Synced 4 W&B file(s), 0 media file(s), 0 artifact file(s) and 0 other file(s)
wandb: Find logs at: ./wandb/run-20260823_030218-h2uu3dqd/logs
                                                   3%|▎         | 1/30 [04:55<1:03:21, 131.08s/it]  7%|▋         | 2/30 [04:55<1:10:26, 150.95s/it]wandb: setting up run ulm6ldvf
wandb: Tracking run with wandb version 0.26.0
wandb: Run data is saved locally in /slurm_shared/home/andrepedroribeiro@av.it.pt/inMotion/wandb/run-20260823_030503-ulm6ldvf
wandb: Run `wandb offline` to turn off syncing.
wandb: Syncing run hpo_sigreg_trial005
wandb: ⭐️ View project at https://wandb.ai/andreribeiro87-universidade-de-aveiro/inMotion-exotic-hpo
wandb: 🚀 View run at https://wandb.ai/andreribeiro87-universidade-de-aveiro/inMotion-exotic-hpo/runs/ulm6ldvf
wandb: updating run metadata
wandb: uploading wandb-summary.json; uploading config.yaml
wandb: 
wandb: Run history:
wandb:          ce_loss ██▆█▄▅▄▅▃▄▄▄▄▃▄▄▃▃▁▄▂▄▂▃▃▃▂▂▂▂▃▂▂▁▄▂▄▂▄▃
wandb:            epoch ▁▁▁▂▂▂▂▂▂▃▃▃▃▃▄▄▄▄▄▄▅▅▅▅▅▅▆▆▆▆▆▇▇▇▇▇▇███
wandb:      sigreg_loss █▆▆▅▅▅▄▄▅▃▃▃▃▃▃▃▃▃▂▂▂▂▂▃▃▂▂▂▂▂▂▂▂▂▂▂▂▂▁▁
wandb: trial_efficiency ▁
wandb:        trial_mcc ▁
wandb:   trial_n_params ▁
wandb:   trial_params_M ▁
wandb:          val_mcc ▁▃▃▅▆▆▆▆▇▇▇▇▇▇▇▇▇███████████████████████
wandb: 
wandb: Run summary:
wandb:          ce_loss 0.52774
wandb:            epoch 39
wandb:      sigreg_loss 1.80085
wandb: trial_efficiency 1841.98594
wandb:        trial_mcc 0.87414
wandb:   trial_n_params 474564
wandb:   trial_params_M 0.47456
wandb:          val_mcc 0.86863
wandb: 
wandb: 🚀 View run hpo_sigreg_trial005 at: https://wandb.ai/andreribeiro87-universidade-de-aveiro/inMotion-exotic-hpo/runs/ulm6ldvf
wandb: ⭐️ View project at: https://wandb.ai/andreribeiro87-universidade-de-aveiro/inMotion-exotic-hpo
wandb: Synced 4 W&B file(s), 0 media file(s), 0 artifact file(s) and 0 other file(s)
wandb: Find logs at: ./wandb/run-20260823_030503-ulm6ldvf/logs
                                                   7%|▋         | 2/30 [06:52<1:10:26, 150.95s/it] 10%|█         | 3/30 [06:52<1:00:55, 135.39s/it]wandb: Tracking run with wandb version 0.26.0
wandb: Run data is saved locally in /slurm_shared/home/andrepedroribeiro@av.it.pt/inMotion/wandb/run-20260823_030700-8fi3ewtb
wandb: Run `wandb offline` to turn off syncing.
wandb: Syncing run hpo_sigreg_trial006
wandb: ⭐️ View project at https://wandb.ai/andreribeiro87-universidade-de-aveiro/inMotion-exotic-hpo
wandb: 🚀 View run at https://wandb.ai/andreribeiro87-universidade-de-aveiro/inMotion-exotic-hpo/runs/8fi3ewtb
wandb: updating run metadata
wandb: uploading wandb-summary.json; uploading config.yaml
wandb: uploading history steps 38-40, summary
wandb: 
wandb: Run history:
wandb:          ce_loss █▆▆▅▃▅▃▅▃▄▃▃▃▃▃▃▄▃▂▃▂▂▂▃▄▃▃▃▂▂▂▃▃▁▂▂▁▃▁▂
wandb:            epoch ▁▁▁▂▂▂▂▂▂▃▃▃▃▃▄▄▄▄▄▄▅▅▅▅▅▅▆▆▆▆▆▇▇▇▇▇▇███
wandb:      sigreg_loss █▆▅▆▃▄▃▄▃▃▃▂▃▂▂▂▂▂▁▂▂▂▂▁▂▂▁▂▁▂▁▂▁▂▂▁▁▁▁▁
wandb: trial_efficiency ▁
wandb:        trial_mcc ▁
wandb:   trial_n_params ▁
wandb:   trial_params_M ▁
wandb:          val_mcc ▁▃▅▆▆▇▇▇█▇██████████████████████████████
wandb: 
wandb: Run summary:
wandb:          ce_loss 0.50504
wandb:            epoch 39
wandb:      sigreg_loss 1.05896
wandb: trial_efficiency 1246.25284
wandb:        trial_mcc 0.86851
wandb:   trial_n_params 696900
wandb:   trial_params_M 0.6969
wandb:          val_mcc 0.86408
wandb: 
wandb: 🚀 View run hpo_sigreg_trial006 at: https://wandb.ai/andreribeiro87-universidade-de-aveiro/inMotion-exotic-hpo/runs/8fi3ewtb
wandb: ⭐️ View project at: https://wandb.ai/andreribeiro87-universidade-de-aveiro/inMotion-exotic-hpo
wandb: Synced 4 W&B file(s), 0 media file(s), 0 artifact file(s) and 0 other file(s)
wandb: Find logs at: ./wandb/run-20260823_030700-8fi3ewtb/logs
                                                  10%|█         | 3/30 [09:07<1:00:55, 135.39s/it] 13%|█▎        | 4/30 [09:07<58:28, 134.94s/it]  wandb: setting up run 8wos1nkq
wandb: Tracking run with wandb version 0.26.0
wandb: Run data is saved locally in /slurm_shared/home/andrepedroribeiro@av.it.pt/inMotion/wandb/run-20260823_030914-8wos1nkq
wandb: Run `wandb offline` to turn off syncing.
wandb: Syncing run hpo_sigreg_trial007
wandb: ⭐️ View project at https://wandb.ai/andreribeiro87-universidade-de-aveiro/inMotion-exotic-hpo
wandb: 🚀 View run at https://wandb.ai/andreribeiro87-universidade-de-aveiro/inMotion-exotic-hpo/runs/8wos1nkq
wandb: updating run metadata
wandb: uploading config.yaml; uploading wandb-summary.json
wandb: 
wandb: Run history:
wandb:          ce_loss █▇▆▆▅▅▄▃▃▄▆▃▂▄▃▄▂▄▃▂▃▁▃▄▃▂▃▃▂▁▄▂▂▂▂▃▂▂▂▃
wandb:            epoch ▁▁▁▂▂▂▂▂▂▃▃▃▃▃▄▄▄▄▄▄▅▅▅▅▅▅▆▆▆▆▆▇▇▇▇▇▇███
wandb:      sigreg_loss █▄▄▄▃▄▃▃▃▃▃▃▂▂▂▂▂▁▂▂▂▂▂▂▂▂▂▂▂▂▁▂▁▂▂▂▁▂▁▁
wandb: trial_efficiency ▁
wandb:        trial_mcc ▁
wandb:   trial_n_params ▁
wandb:   trial_params_M ▁
wandb:          val_mcc ▁▁▂▄▄▅▆▆▆▇▇▇▇▇▇▇▇▇▇█▇███████████████████
wandb: 
wandb: Run summary:
wandb:          ce_loss 0.56517
wandb:            epoch 39
wandb:      sigreg_loss 1.01775
wandb: trial_efficiency 535.15895
wandb:        trial_mcc 0.86619
wandb:   trial_n_params 1618572
wandb:   trial_params_M 1.61857
wandb:          val_mcc 0.86253
wandb: 
wandb: 🚀 View run hpo_sigreg_trial007 at: https://wandb.ai/andreribeiro87-universidade-de-aveiro/inMotion-exotic-hpo/runs/8wos1nkq
wandb: ⭐️ View project at: https://wandb.ai/andreribeiro87-universidade-de-aveiro/inMotion-exotic-hpo
wandb: Synced 4 W&B file(s), 0 media file(s), 0 artifact file(s) and 0 other file(s)
wandb: Find logs at: ./wandb/run-20260823_030914-8wos1nkq/logs
                                                13%|█▎        | 4/30 [11:35<58:28, 134.94s/it] 17%|█▋        | 5/30 [11:35<58:18, 139.95s/it]wandb: Tracking run with wandb version 0.26.0
wandb: Run data is saved locally in /slurm_shared/home/andrepedroribeiro@av.it.pt/inMotion/wandb/run-20260823_031143-4jt91eem
wandb: Run `wandb offline` to turn off syncing.
wandb: Syncing run hpo_sigreg_trial008
wandb: ⭐️ View project at https://wandb.ai/andreribeiro87-universidade-de-aveiro/inMotion-exotic-hpo
wandb: 🚀 View run at https://wandb.ai/andreribeiro87-universidade-de-aveiro/inMotion-exotic-hpo/runs/4jt91eem
wandb: updating run metadata
wandb: uploading wandb-summary.json; uploading config.yaml
wandb: uploading config.yaml
wandb: 
wandb: Run history:
wandb:          ce_loss █▇▆▄▅▄▅▄▄▄▃▄▃▂▂▂▃▂▂▃▂▁▃▁▂▃▃▁▁▂▁▃▂▂▁▂▂▂▁▁
wandb:            epoch ▁▁▁▂▂▂▂▂▂▃▃▃▃▃▄▄▄▄▄▄▅▅▅▅▅▅▆▆▆▆▆▇▇▇▇▇▇███
wandb:      sigreg_loss █▇▅▆▅▆▅▅▄▅▄▄▃▃▃▃▃▃▃▃▂▂▂▂▃▂▂▂▂▂▁▂▂▁▂▁▂▁▁▁
wandb: trial_efficiency ▁
wandb:        trial_mcc ▁
wandb:   trial_n_params ▁
wandb:   trial_params_M ▁
wandb:          val_mcc ▁▃▃▄▅▅▆▆▆▆▇▇▇▇▇▇▇▇██████████████████████
wandb: 
wandb: Run summary:
wandb:          ce_loss 0.46214
wandb:            epoch 39
wandb:      sigreg_loss 2.06577
wandb: trial_efficiency 918.39122
wandb:        trial_mcc 0.86761
wandb:   trial_n_params 944708
wandb:   trial_params_M 0.94471
wandb:          val_mcc 0.86744
wandb: 
wandb: 🚀 View run hpo_sigreg_trial008 at: https://wandb.ai/andreribeiro87-universidade-de-aveiro/inMotion-exotic-hpo/runs/4jt91eem
wandb: ⭐️ View project at: https://wandb.ai/andreribeiro87-universidade-de-aveiro/inMotion-exotic-hpo
wandb: Synced 4 W&B file(s), 0 media file(s), 0 artifact file(s) and 0 other file(s)
wandb: Find logs at: ./wandb/run-20260823_031143-4jt91eem/logs
                                                17%|█▋        | 5/30 [14:16<58:18, 139.95s/it] 20%|██        | 6/30 [14:16<58:47, 147.00s/it]wandb: setting up run uzf9sblk
wandb: Tracking run with wandb version 0.26.0
wandb: Run data is saved locally in /slurm_shared/home/andrepedroribeiro@av.it.pt/inMotion/wandb/run-20260823_031424-uzf9sblk
wandb: Run `wandb offline` to turn off syncing.
wandb: Syncing run hpo_sigreg_trial009
wandb: ⭐️ View project at https://wandb.ai/andreribeiro87-universidade-de-aveiro/inMotion-exotic-hpo
wandb: 🚀 View run at https://wandb.ai/andreribeiro87-universidade-de-aveiro/inMotion-exotic-hpo/runs/uzf9sblk
wandb: updating run metadata
wandb: uploading wandb-summary.json; uploading config.yaml
wandb: uploading config.yaml
wandb: 
wandb: Run history:
wandb:          ce_loss █▇▅▄▅▆▆▅▃▅▄▃▄▃▃▄▃▃▃▃▃▁▂▃▃▂▂▂▁▂▂▃▃▂▂▁▁▂▂▂
wandb:            epoch ▁▁▁▂▂▂▂▂▂▃▃▃▃▃▄▄▄▄▄▄▅▅▅▅▅▅▆▆▆▆▆▇▇▇▇▇▇███
wandb:      sigreg_loss █▅▃▃▃▂▃▂▂▂▂▂▂▁▁▂▁▁▁▁▁▁▁▁▁▁▁▁▁▁▁▁▁▁▁▁▁▁▁▁
wandb: trial_efficiency ▁
wandb:        trial_mcc ▁
wandb:   trial_n_params ▁
wandb:   trial_params_M ▁
wandb:          val_mcc ▁▂▂▃▄▅▅▆▆▆▇▆▇▇▇▇▇█▇▇▇██▇███▇███▇████████
wandb: 
wandb: Run summary:
wandb:          ce_loss 0.49433
wandb:            epoch 39
wandb:      sigreg_loss 1.47941
wandb: trial_efficiency 535.7475
wandb:        trial_mcc 0.86715
wandb:   trial_n_params 1618572
wandb:   trial_params_M 1.61857
wandb:          val_mcc 0.85795
wandb: 
wandb: 🚀 View run hpo_sigreg_trial009 at: https://wandb.ai/andreribeiro87-universidade-de-aveiro/inMotion-exotic-hpo/runs/uzf9sblk
wandb: ⭐️ View project at: https://wandb.ai/andreribeiro87-universidade-de-aveiro/inMotion-exotic-hpo
wandb: Synced 4 W&B file(s), 0 media file(s), 0 artifact file(s) and 0 other file(s)
wandb: Find logs at: ./wandb/run-20260823_031424-uzf9sblk/logs
                                                20%|██        | 6/30 [16:56<58:47, 147.00s/it] 23%|██▎       | 7/30 [16:56<57:55, 151.09s/it]wandb: Tracking run with wandb version 0.26.0
wandb: Run data is saved locally in /slurm_shared/home/andrepedroribeiro@av.it.pt/inMotion/wandb/run-20260823_031703-i9vpu6xu
wandb: Run `wandb offline` to turn off syncing.
wandb: Syncing run hpo_sigreg_trial010
wandb: ⭐️ View project at https://wandb.ai/andreribeiro87-universidade-de-aveiro/inMotion-exotic-hpo
wandb: 🚀 View run at https://wandb.ai/andreribeiro87-universidade-de-aveiro/inMotion-exotic-hpo/runs/i9vpu6xu
wandb: updating run metadata
wandb: uploading wandb-summary.json; uploading config.yaml
wandb: uploading config.yaml
wandb: 
wandb: Run history:
wandb:          ce_loss █▇▇█▅▆▄▄▄▄▅▅▄▃▃▃▄▃▃▄▄▃▃▂▃▄▂▄▃▂▂▁▁▃▃▃▄▃▂▃
wandb:            epoch ▁▁▁▂▂▂▂▂▂▃▃▃▃▃▄▄▄▄▄▄▅▅▅▅▅▅▆▆▆▆▆▇▇▇▇▇▇███
wandb:      sigreg_loss █▅▅▃▃▃▄▃▃▂▂▃▂▂▂▂▃▂▃▁▂▁▂▂▁▂▂▂▂▁▁▂▂▁▂▁▂▁▂▁
wandb: trial_efficiency ▁
wandb:        trial_mcc ▁
wandb:   trial_n_params ▁
wandb:   trial_params_M ▁
wandb:          val_mcc ▁▂▃▄▄▅▅▆▆▇▆▇▇▇▇▇▇▇▇▇▇▇█▇████████████████
wandb: 
wandb: Run summary:
wandb:          ce_loss 0.59152
wandb:            epoch 39
wandb:      sigreg_loss 1.05601
wandb: trial_efficiency 1818.31663
wandb:        trial_mcc 0.86291
wandb:   trial_n_params 474564
wandb:   trial_params_M 0.47456
wandb:          val_mcc 0.85961
wandb: 
wandb: 🚀 View run hpo_sigreg_trial010 at: https://wandb.ai/andreribeiro87-universidade-de-aveiro/inMotion-exotic-hpo/runs/i9vpu6xu
wandb: ⭐️ View project at: https://wandb.ai/andreribeiro87-universidade-de-aveiro/inMotion-exotic-hpo
wandb: Synced 4 W&B file(s), 0 media file(s), 0 artifact file(s) and 0 other file(s)
wandb: Find logs at: ./wandb/run-20260823_031703-i9vpu6xu/logs
                                                23%|██▎       | 7/30 [18:52<57:55, 151.09s/it] 27%|██▋       | 8/30 [18:52<51:23, 140.17s/it]wandb: Tracking run with wandb version 0.26.0
wandb: Run data is saved locally in /slurm_shared/home/andrepedroribeiro@av.it.pt/inMotion/wandb/run-20260823_031900-b77ft35y
wandb: Run `wandb offline` to turn off syncing.
wandb: Syncing run hpo_sigreg_trial011
wandb: ⭐️ View project at https://wandb.ai/andreribeiro87-universidade-de-aveiro/inMotion-exotic-hpo
wandb: 🚀 View run at https://wandb.ai/andreribeiro87-universidade-de-aveiro/inMotion-exotic-hpo/runs/b77ft35y
wandb: updating run metadata
wandb: uploading wandb-summary.json; uploading config.yaml
wandb: uploading config.yaml
wandb: 
wandb: Run history:
wandb:          ce_loss █▇▅▄▄▄▃▄▄▃▂▃▂▃▂▃▂▄▂▂▂▂▁▂▂▃▂▁▃▁▂▂▂▁▂▂▂▁▂▁
wandb:            epoch ▁▁▁▂▂▂▂▂▂▃▃▃▃▃▄▄▄▄▄▄▅▅▅▅▅▅▆▆▆▆▆▇▇▇▇▇▇███
wandb:      sigreg_loss █▅▅▃▃▂▄▃▂▂▂▂▂▂▂▂▂▂▁▁▁▂▂▁▁▂▂▂▁▂▁▁▁▁▂▁▁▂▁▁
wandb: trial_efficiency ▁
wandb:        trial_mcc ▁
wandb:   trial_n_params ▁
wandb:   trial_params_M ▁
wandb:          val_mcc ▁▂▄▆▆▆▇▇▇▇▇▇█▇██████▇███████████████████
wandb: 
wandb: Run summary:
wandb:          ce_loss 0.45465
wandb:            epoch 39
wandb:      sigreg_loss 1.02137
wandb: trial_efficiency 922.86507
wandb:        trial_mcc 0.87184
wandb:   trial_n_params 944708
wandb:   trial_params_M 0.94471
wandb:          val_mcc 0.86574
wandb: 
wandb: 🚀 View run hpo_sigreg_trial011 at: https://wandb.ai/andreribeiro87-universidade-de-aveiro/inMotion-exotic-hpo/runs/b77ft35y
wandb: ⭐️ View project at: https://wandb.ai/andreribeiro87-universidade-de-aveiro/inMotion-exotic-hpo
wandb: Synced 4 W&B file(s), 0 media file(s), 0 artifact file(s) and 0 other file(s)
wandb: Find logs at: ./wandb/run-20260823_031900-b77ft35y/logs
                                                27%|██▋       | 8/30 [21:44<51:23, 140.17s/it] 30%|███       | 9/30 [21:44<52:26, 149.85s/it]wandb: setting up run 2q7tz30j
wandb: Tracking run with wandb version 0.26.0
wandb: Run data is saved locally in /slurm_shared/home/andrepedroribeiro@av.it.pt/inMotion/wandb/run-20260823_032151-2q7tz30j
wandb: Run `wandb offline` to turn off syncing.
wandb: Syncing run hpo_sigreg_trial012
wandb: ⭐️ View project at https://wandb.ai/andreribeiro87-universidade-de-aveiro/inMotion-exotic-hpo
wandb: 🚀 View run at https://wandb.ai/andreribeiro87-universidade-de-aveiro/inMotion-exotic-hpo/runs/2q7tz30j
wandb: updating run metadata
wandb: uploading wandb-summary.json
wandb: uploading history steps 37-40, summary
wandb: 
wandb: Run history:
wandb:          ce_loss █▅▆▄▄▄▅▂▃▃▂▂▂▂▂▃▂▂▄▄▃▃▃▂▂▂▂▁▂▂▁▂▂▁▂▂▁▁▁▁
wandb:            epoch ▁▁▁▂▂▂▂▂▂▃▃▃▃▃▄▄▄▄▄▄▅▅▅▅▅▅▆▆▆▆▆▇▇▇▇▇▇███
wandb:      sigreg_loss █▇▅▆▄▅▄▃▄▃▃▃▂▂▃▂▂▃▃▄▂▂▂▂▁▂▂▂▂▂▁▁▁▁▁▁▂▂▁▂
wandb: trial_efficiency ▁
wandb:        trial_mcc ▁
wandb:   trial_n_params ▁
wandb:   trial_params_M ▁
wandb:          val_mcc ▁▃▆▆▇▇▇▇▇▇████████████████████████▇█▇▇█▇
wandb: 
wandb: Run summary:
wandb:          ce_loss 0.46669
wandb:            epoch 39
wandb:      sigreg_loss 1.54052
wandb: trial_efficiency 1251.97396
wandb:        trial_mcc 0.8725
wandb:   trial_n_params 696900
wandb:   trial_params_M 0.6969
wandb:          val_mcc 0.86033
wandb: 
wandb: 🚀 View run hpo_sigreg_trial012 at: https://wandb.ai/andreribeiro87-universidade-de-aveiro/inMotion-exotic-hpo/runs/2q7tz30j
wandb: ⭐️ View project at: https://wandb.ai/andreribeiro87-universidade-de-aveiro/inMotion-exotic-hpo
wandb: Synced 4 W&B file(s), 0 media file(s), 0 artifact file(s) and 0 other file(s)
wandb: Find logs at: ./wandb/run-20260823_032151-2q7tz30j/logs
                                                30%|███       | 9/30 [24:01<52:26, 149.85s/it] 33%|███▎      | 10/30 [24:01<48:41, 146.06s/it]wandb: Tracking run with wandb version 0.26.0
wandb: Run data is saved locally in /slurm_shared/home/andrepedroribeiro@av.it.pt/inMotion/wandb/run-20260823_032409-15zlybu4
wandb: Run `wandb offline` to turn off syncing.
wandb: Syncing run hpo_sigreg_trial013
wandb: ⭐️ View project at https://wandb.ai/andreribeiro87-universidade-de-aveiro/inMotion-exotic-hpo
wandb: 🚀 View run at https://wandb.ai/andreribeiro87-universidade-de-aveiro/inMotion-exotic-hpo/runs/15zlybu4
wandb: updating run metadata
wandb: uploading wandb-summary.json; uploading config.yaml
wandb: uploading config.yaml
wandb: 
wandb: Run history:
wandb:          ce_loss ██▆▆▅▆▅▅▅▄▃▄▅▂▄▃▃▃▃▃▂▂▃▂▂▂▃▂▂▃▂▂▁▂▁▃▁▁▁▂
wandb:            epoch ▁▁▁▂▂▂▂▂▂▃▃▃▃▃▄▄▄▄▄▄▅▅▅▅▅▅▆▆▆▆▆▇▇▇▇▇▇███
wandb:      sigreg_loss █▅▅▃▄▄▃▃▃▃▃▂▃▂▂▂▂▂▂▂▁▁▂▂▂▁▁▁▂▁▁▁▂▁▁▁▁▁▁▁
wandb: trial_efficiency ▁
wandb:        trial_mcc ▁
wandb:   trial_n_params ▁
wandb:   trial_params_M ▁
wandb:          val_mcc ▁▁▁▃▂▃▃▄▅▅▅▆▆▆▇▆▇▇▇▇▇▇█▇████▇███████████
wandb: 
wandb: Run summary:
wandb:          ce_loss 0.59796
wandb:            epoch 39
wandb:      sigreg_loss 1.11112
wandb: trial_efficiency 6278.26304
wandb:        trial_mcc 0.85759
wandb:   trial_n_params 136596
wandb:   trial_params_M 0.1366
wandb:          val_mcc 0.85703
wandb: 
wandb: 🚀 View run hpo_sigreg_trial013 at: https://wandb.ai/andreribeiro87-universidade-de-aveiro/inMotion-exotic-hpo/runs/15zlybu4
wandb: ⭐️ View project at: https://wandb.ai/andreribeiro87-universidade-de-aveiro/inMotion-exotic-hpo
wandb: Synced 4 W&B file(s), 0 media file(s), 0 artifact file(s) and 0 other file(s)
wandb: Find logs at: ./wandb/run-20260823_032409-15zlybu4/logs
                                                 33%|███▎      | 10/30 [25:42<48:41, 146.06s/it] 37%|███▋      | 11/30 [25:42<41:53, 132.30s/it]wandb: setting up run 8r63l7lb
wandb: Tracking run with wandb version 0.26.0
wandb: Run data is saved locally in /slurm_shared/home/andrepedroribeiro@av.it.pt/inMotion/wandb/run-20260823_032550-8r63l7lb
wandb: Run `wandb offline` to turn off syncing.
wandb: Syncing run hpo_sigreg_trial014
wandb: ⭐️ View project at https://wandb.ai/andreribeiro87-universidade-de-aveiro/inMotion-exotic-hpo
wandb: 🚀 View run at https://wandb.ai/andreribeiro87-universidade-de-aveiro/inMotion-exotic-hpo/runs/8r63l7lb
wandb: updating run metadata
wandb: uploading config.yaml
wandb: 
wandb: Run history:
wandb:          ce_loss ▇█▅▇▅▄▆▅▄▃▃▃▂▄▃▂▂▃▃▁▃▂▂▃▃▁▂▁▂▂▂▂▁▃▁▁▂▂▂▁
wandb:            epoch ▁▁▁▂▂▂▂▂▂▃▃▃▃▃▄▄▄▄▄▄▅▅▅▅▅▅▆▆▆▆▆▇▇▇▇▇▇███
wandb:      sigreg_loss █▅▅▄▃▃▂▃▃▃▂▃▂▂▂▂▂▂▁▂▂▂▁▂▂▁▂▂▁▂▁▁▁▂▁▁▁▁▁▁
wandb: trial_efficiency ▁
wandb:        trial_mcc ▁
wandb:   trial_n_params ▁
wandb:   trial_params_M ▁
wandb:          val_mcc ▁▁▃▃▅▅▅▅▆▆▇▇▇▇▇▇▇▇▇▇█▇██████████████████
wandb: 
wandb: Run summary:
wandb:          ce_loss 0.5026
wandb:            epoch 39
wandb:      sigreg_loss 0.95218
wandb: trial_efficiency 2728.75503
wandb:        trial_mcc 0.86627
wandb:   trial_n_params 317460
wandb:   trial_params_M 0.31746
wandb:          val_mcc 0.86624
wandb: 
wandb: 🚀 View run hpo_sigreg_trial014 at: https://wandb.ai/andreribeiro87-universidade-de-aveiro/inMotion-exotic-hpo/runs/8r63l7lb
wandb: ⭐️ Vie