[I 2026-08-22 01:47:38,641] A new study created in RDB with name: exotic_t_jepa_pareto
Device: cuda:0
Model:  t_jepa
Data:   dataset_augmented3.csv
Seed:   42

============================================================
HPO: t_jepa — 30 trials
  Train: 28671 samples, Val: 7168 samples
============================================================
  0%|          | 0/30 [00:00<?, ?it/s]wandb: [wandb.login()] Loaded credentials for https://api.wandb.ai from WANDB_API_KEY.
wandb: Currently logged in as: andreribeiro87 (andreribeiro87-universidade-de-aveiro) to https://api.wandb.ai. Use `wandb login --relogin` to force relogin
wandb: WARNING Using a boolean value for 'reinit' is deprecated. Use 'return_previous' or 'finish_previous' instead.
wandb: setting up run fjy64tz4
wandb: Tracking run with wandb version 0.26.0
wandb: Run data is saved locally in /slurm_shared/home/andrepedroribeiro@av.it.pt/inMotion/wandb/run-20260822_014740-fjy64tz4
wandb: Run `wandb offline` to turn off syncing.
wandb: Syncing run hpo_t_jepa_trial000
wandb: ⭐️ View project at https://wandb.ai/andreribeiro87-universidade-de-aveiro/inMotion-exotic-hpo
wandb: 🚀 View run at https://wandb.ai/andreribeiro87-universidade-de-aveiro/inMotion-exotic-hpo/runs/fjy64tz4
wandb: updating run metadata
wandb: uploading config.yaml; uploading wandb-summary.json
wandb: uploading config.yaml; uploading history steps 59-70, summary
wandb: 
wandb: Run history:
wandb:   ft/stage1_epoch ▁▂▃▃▄▅▆▆▇█
wandb: ft/stage1_val_mcc ▁▁▄█▆▂▅▆▇▆
wandb:   ft/stage2_epoch ▁▂▃▃▄▅▆▆▇█
wandb: ft/stage2_val_mcc ▁▅▆▆▇██▇▇▆
wandb:      pretrain/ema ▁▁▁▁▁▁▁▁▂▂▂▂▂▂▃▃▄▄▄▄▅▅▅▅▅▆▆▆▇▇▇▇▇███████
wandb:    pretrain/epoch ▁▁▁▁▂▂▂▂▂▃▃▃▃▃▃▄▄▄▄▄▅▅▅▅▅▆▆▆▆▆▆▇▇▇▇▇▇███
wandb:     pretrain/loss █▄▃▂▂▁▁▁▁▁▁▁▁▁▁▁▁▁▁▁▁▁▁▁▁▁▁▁▁▁▁▁▁▁▁▁▁▁▁▁
wandb:  trial_efficiency ▁
wandb:         trial_mcc ▁
wandb:    trial_n_params ▁
wandb:                +1 ...
wandb: 
wandb: Run summary:
wandb:   ft/stage1_epoch 9
wandb: ft/stage1_val_mcc 0.33492
wandb:   ft/stage2_epoch 9
wandb: ft/stage2_val_mcc 0.58076
wandb:      pretrain/ema 1
wandb:    pretrain/epoch 49
wandb:     pretrain/loss 0.00045
wandb:  trial_efficiency 478.81564
wandb:         trial_mcc 0.60433
wandb:    trial_n_params 1262144
wandb:                +1 ...
wandb: 
wandb: 🚀 View run hpo_t_jepa_trial000 at: https://wandb.ai/andreribeiro87-universidade-de-aveiro/inMotion-exotic-hpo/runs/fjy64tz4
wandb: ⭐️ View project at: https://wandb.ai/andreribeiro87-universidade-de-aveiro/inMotion-exotic-hpo
wandb: Synced 4 W&B file(s), 0 media file(s), 0 artifact file(s) and 0 other file(s)
wandb: Find logs at: ./wandb/run-20260822_014740-fjy64tz4/logs
                                        0%|          | 0/30 [05:09<?, ?it/s]  3%|▎         | 1/30 [05:09<2:29:41, 309.70s/it]wandb: setting up run hy592tjr
wandb: Tracking run with wandb version 0.26.0
wandb: Run data is saved locally in /slurm_shared/home/andrepedroribeiro@av.it.pt/inMotion/wandb/run-20260822_015250-hy592tjr
wandb: Run `wandb offline` to turn off syncing.
wandb: Syncing run hpo_t_jepa_trial001
wandb: ⭐️ View project at https://wandb.ai/andreribeiro87-universidade-de-aveiro/inMotion-exotic-hpo
wandb: 🚀 View run at https://wandb.ai/andreribeiro87-universidade-de-aveiro/inMotion-exotic-hpo/runs/hy592tjr
wandb: updating run metadata
wandb: uploading wandb-summary.json
wandb: 
wandb: Run history:
wandb:   ft/stage1_epoch ▁▂▃▃▄▅▆▆▇█
wandb: ft/stage1_val_mcc ▁▃▆▇█▇████
wandb:   ft/stage2_epoch ▁▂▃▃▄▅▆▆▇█
wandb: ft/stage2_val_mcc ▅▁▂▇▃█▂▄▅▆
wandb:      pretrain/ema ▁▁▁▁▁▁▁▁▂▂▂▂▂▃▃▄▄▄▄▄▅▅▅▅▆▆▆▇▇▇▇▇▇███████
wandb:    pretrain/epoch ▁▁▁▁▂▂▂▂▂▂▃▃▃▃▃▄▄▄▄▄▅▅▅▅▅▅▆▆▆▆▆▆▇▇▇▇▇▇██
wandb:     pretrain/loss █▆▅▄▄▃▃▃▂▂▂▂▂▂▂▂▂▁▁▁▁▁▁▁▁▁▁▁▁▁▁▁▁▁▁▁▁▁▁▁
wandb:  trial_efficiency ▁
wandb:         trial_mcc ▁
wandb:    trial_n_params ▁
wandb:                +1 ...
wandb: 
wandb: Run summary:
wandb:   ft/stage1_epoch 9
wandb: ft/stage1_val_mcc 0.56583
wandb:   ft/stage2_epoch 9
wandb: ft/stage2_val_mcc 0.58195
wandb:      pretrain/ema 1
wandb:    pretrain/epoch 49
wandb:     pretrain/loss 0.00323
wandb:  trial_efficiency 514.76121
wandb:         trial_mcc 0.60233
wandb:    trial_n_params 1170112
wandb:                +1 ...
wandb: 
wandb: 🚀 View run hpo_t_jepa_trial001 at: https://wandb.ai/andreribeiro87-universidade-de-aveiro/inMotion-exotic-hpo/runs/hy592tjr
wandb: ⭐️ View project at: https://wandb.ai/andreribeiro87-universidade-de-aveiro/inMotion-exotic-hpo
wandb: Synced 4 W&B file(s), 0 media file(s), 0 artifact file(s) and 0 other file(s)
wandb: Find logs at: ./wandb/run-20260822_015250-hy592tjr/logs
                                                   3%|▎         | 1/30 [09:56<2:29:41, 309.70s/it]  7%|▋         | 2/30 [09:56<2:18:10, 296.08s/it]wandb: setting up run 27i16iaw
wandb: Tracking run with wandb version 0.26.0
wandb: Run data is saved locally in /slurm_shared/home/andrepedroribeiro@av.it.pt/inMotion/wandb/run-20260822_015736-27i16iaw
wandb: Run `wandb offline` to turn off syncing.
wandb: Syncing run hpo_t_jepa_trial002
wandb: ⭐️ View project at https://wandb.ai/andreribeiro87-universidade-de-aveiro/inMotion-exotic-hpo
wandb: 🚀 View run at https://wandb.ai/andreribeiro87-universidade-de-aveiro/inMotion-exotic-hpo/runs/27i16iaw
wandb: updating run metadata
wandb: uploading wandb-summary.json; uploading config.yaml
wandb: uploading history steps 66-70, summary
wandb: 
wandb: Run history:
wandb:   ft/stage1_epoch ▁▂▃▃▄▅▆▆▇█
wandb: ft/stage1_val_mcc ▁▅▆▇▇▇▇███
wandb:   ft/stage2_epoch ▁▂▃▃▄▅▆▆▇█
wandb: ft/stage2_val_mcc ▂▁▇▆▂▇▇▇█▇
wandb:      pretrain/ema ▁▁▁▁▁▁▁▂▂▂▂▂▂▃▃▃▄▄▄▄▅▅▅▅▅▆▆▆▇▇▇▇▇███████
wandb:    pretrain/epoch ▁▁▁▁▂▂▂▂▂▂▃▃▃▃▃▄▄▄▄▄▅▅▅▅▅▆▆▆▆▆▆▇▇▇▇▇▇███
wandb:     pretrain/loss █▂▁▁▁▁▁▁▁▁▁▁▁▁▁▁▁▁▁▁▁▁▁▁▁▁▁▁▁▁▁▁▁▁▁▁▁▁▁▁
wandb:  trial_efficiency ▁
wandb:         trial_mcc ▁
wandb:    trial_n_params ▁
wandb:                +1 ...
wandb: 
wandb: Run summary:
wandb:   ft/stage1_epoch 9
wandb: ft/stage1_val_mcc 0.58824
wandb:   ft/stage2_epoch 9
wandb: ft/stage2_val_mcc 0.61693
wandb:      pretrain/ema 1
wandb:    pretrain/epoch 49
wandb:     pretrain/loss 0.00195
wandb:  trial_efficiency 541.31911
wandb:         trial_mcc 0.62429
wandb:    trial_n_params 1153280
wandb:                +1 ...
wandb: 
wandb: 🚀 View run hpo_t_jepa_trial002 at: https://wandb.ai/andreribeiro87-universidade-de-aveiro/inMotion-exotic-hpo/runs/27i16iaw
wandb: ⭐️ View project at: https://wandb.ai/andreribeiro87-universidade-de-aveiro/inMotion-exotic-hpo
wandb: Synced 4 W&B file(s), 0 media file(s), 0 artifact file(s) and 0 other file(s)
wandb: Find logs at: ./wandb/run-20260822_015736-27i16iaw/logs
                                                   7%|▋         | 2/30 [14:25<2:18:10, 296.08s/it] 10%|█         | 3/30 [14:25<2:07:41, 283.77s/it]wandb: setting up run 43e7ys7b
wandb: Tracking run with wandb version 0.26.0
wandb: Run data is saved locally in /slurm_shared/home/andrepedroribeiro@av.it.pt/inMotion/wandb/run-20260822_020205-43e7ys7b
wandb: Run `wandb offline` to turn off syncing.
wandb: Syncing run hpo_t_jepa_trial003
wandb: ⭐️ View project at https://wandb.ai/andreribeiro87-universidade-de-aveiro/inMotion-exotic-hpo
wandb: 🚀 View run at https://wandb.ai/andreribeiro87-universidade-de-aveiro/inMotion-exotic-hpo/runs/43e7ys7b
wandb: updating run metadata
wandb: uploading wandb-summary.json; uploading config.yaml
wandb: 
wandb: Run history:
wandb:   ft/stage1_epoch ▁▂▃▃▄▅▆▆▇█
wandb: ft/stage1_val_mcc ▁▁▁▁▁▁▁▁▁█
wandb:   ft/stage2_epoch ▁▂▃▃▄▅▆▆▇█
wandb: ft/stage2_val_mcc ▁▁▁▁▁▁▁▁▆█
wandb:      pretrain/ema ▁▁▁▁▁▁▁▂▂▂▂▂▂▃▃▃▄▄▄▄▅▅▅▅▅▆▆▆▇▇▇▇▇███████
wandb:    pretrain/epoch ▁▁▁▂▂▂▂▂▂▃▃▃▃▃▃▄▄▄▄▄▅▅▅▅▅▅▆▆▆▆▆▆▇▇▇▇▇███
wandb:     pretrain/loss █▃▃▃▃▂▂▁▁▁▁▁▁▁▁▁▁▁▁▁▁▁▁▁▁▁▁▁▁▁▁▁▁▁▁▁▁▁▁▁
wandb:  trial_efficiency ▁
wandb:         trial_mcc ▁
wandb:    trial_n_params ▁
wandb:                +1 ...
wandb: 
wandb: Run summary:
wandb:   ft/stage1_epoch 9
wandb: ft/stage1_val_mcc 0.00213
wandb:   ft/stage2_epoch 9
wandb: ft/stage2_val_mcc 0.06224
wandb:      pretrain/ema 1
wandb:    pretrain/epoch 49
wandb:     pretrain/loss 0.00025
wandb:  trial_efficiency 13.12075
wandb:         trial_mcc 0.06224
wandb:    trial_n_params 4743936
wandb:                +1 ...
wandb: 
wandb: 🚀 View run hpo_t_jepa_trial003 at: https://wandb.ai/andreribeiro87-universidade-de-aveiro/inMotion-exotic-hpo/runs/43e7ys7b
wandb: ⭐️ View project at: https://wandb.ai/andreribeiro87-universidade-de-aveiro/inMotion-exotic-hpo
wandb: Synced 4 W&B file(s), 0 media file(s), 0 artifact file(s) and 0 other file(s)
wandb: Find logs at: ./wandb/run-20260822_020205-43e7ys7b/logs
                                                  10%|█         | 3/30 [23:54<2:07:41, 283.77s/it] 13%|█▎        | 4/30 [23:54<2:51:49, 396.50s/it]wandb: setting up run p82j3o8s
wandb: Tracking run with wandb version 0.26.0
wandb: Run data is saved locally in /slurm_shared/home/andrepedroribeiro@av.it.pt/inMotion/wandb/run-20260822_021135-p82j3o8s
wandb: Run `wandb offline` to turn off syncing.
wandb: Syncing run hpo_t_jepa_trial004
wandb: ⭐️ View project at https://wandb.ai/andreribeiro87-universidade-de-aveiro/inMotion-exotic-hpo
wandb: 🚀 View run at https://wandb.ai/andreribeiro87-universidade-de-aveiro/inMotion-exotic-hpo/runs/p82j3o8s
wandb: updating run metadata
wandb: uploading wandb-summary.json; uploading config.yaml
wandb: uploading config.yaml
wandb: 
wandb: Run history:
wandb:   ft/stage1_epoch ▁▂▃▃▄▅▆▆▇█
wandb: ft/stage1_val_mcc ▁▄▄▁▇▇▇█▇█
wandb:   ft/stage2_epoch ▁▂▃▃▄▅▆▆▇█
wandb: ft/stage2_val_mcc ▁▇▇▆▆█▇▄▇█
wandb:      pretrain/ema ▁▁▁▁▁▁▁▁▂▂▂▂▂▂▃▃▃▄▄▄▄▅▅▅▅▆▆▆▆▇▇▇▇▇▇█████
wandb:    pretrain/epoch ▁▁▁▁▂▂▂▂▂▂▃▃▃▃▃▄▄▄▄▄▅▅▅▅▅▆▆▆▆▆▆▇▇▇▇▇▇███
wandb:     pretrain/loss █▄▃▂▂▂▃▄▅▅▄▄▃▃▃▃▂▂▂▂▂▂▂▂▂▁▁▁▁▁▁▁▁▁▁▁▁▁▁▁
wandb:  trial_efficiency ▁
wandb:         trial_mcc ▁
wandb:    trial_n_params ▁
wandb:                +1 ...
wandb: 
wandb: Run summary:
wandb:   ft/stage1_epoch 9
wandb: ft/stage1_val_mcc 0.51772
wandb:   ft/stage2_epoch 9
wandb: ft/stage2_val_mcc 0.59977
wandb:      pretrain/ema 1
wandb:    pretrain/epoch 49
wandb:     pretrain/loss 0.01624
wandb:  trial_efficiency 268.98338
wandb:         trial_mcc 0.59977
wandb:    trial_n_params 2229760
wandb:                +1 ...
wandb: 
wandb: 🚀 View run hpo_t_jepa_trial004 at: https://wandb.ai/andreribeiro87-universidade-de-aveiro/inMotion-exotic-hpo/runs/p82j3o8s
wandb: ⭐️ View project at: https://wandb.ai/andreribeiro87-universidade-de-aveiro/inMotion-exotic-hpo
wandb: Synced 4 W&B file(s), 0 media file(s), 0 artifact file(s) and 0 other file(s)
wandb: Find logs at: ./wandb/run-20260822_021135-p82j3o8s/logs
                                                  13%|█▎        | 4/30 [31:21<2:51:49, 396.50s/it] 17%|█▋        | 5/30 [31:21<2:52:42, 414.48s/it]wandb: setting up run fxj0mu29
wandb: Tracking run with wandb version 0.26.0
wandb: Run data is saved locally in /slurm_shared/home/andrepedroribeiro@av.it.pt/inMotion/wandb/run-20260822_021901-fxj0mu29
wandb: Run `wandb offline` to turn off syncing.
wandb: Syncing run hpo_t_jepa_trial005
wandb: ⭐️ View project at https://wandb.ai/andreribeiro87-universidade-de-aveiro/inMotion-exotic-hpo
wandb: 🚀 View run at https://wandb.ai/andreribeiro87-universidade-de-aveiro/inMotion-exotic-hpo/runs/fxj0mu29
wandb: updating run metadata
wandb: uploading wandb-summary.json; uploading config.yaml
wandb: uploading wandb-summary.json
wandb: uploading history steps 64-70, summary
wandb: 
wandb: Run history:
wandb:   ft/stage1_epoch ▁▂▃▃▄▅▆▆▇█
wandb: ft/stage1_val_mcc ▁▆▅▂▁▇▄▆▅█
wandb:   ft/stage2_epoch ▁▂▃▃▄▅▆▆▇█
wandb: ft/stage2_val_mcc ▂▁▄▂▄▅▆▆▆█
wandb:      pretrain/ema ▁▁▁▁▁▁▁▁▂▂▂▂▂▂▃▃▃▄▄▄▄▅▅▅▅▆▆▆▆▇▇▇▇▇▇█████
wandb:    pretrain/epoch ▁▁▁▁▂▂▂▂▂▂▃▃▃▃▃▄▄▄▄▄▄▅▅▅▅▆▆▆▆▆▆▇▇▇▇▇▇███
wandb:     pretrain/loss █▂▁▁▁▁▁▁▁▁▁▁▁▁▁▁▁▁▁▁▁▁▁▁▁▁▁▁▁▁▁▂▂▂▂▂▂▂▁▁
wandb:  trial_efficiency ▁
wandb:         trial_mcc ▁
wandb:    trial_n_params ▁
wandb:                +1 ...
wandb: 
wandb: Run summary:
wandb:   ft/stage1_epoch 9
wandb: ft/stage1_val_mcc 0.61337
wandb:   ft/stage2_epoch 9
wandb: ft/stage2_val_mcc 0.64761
wandb:      pretrain/ema 1
wandb:    pretrain/epoch 49
wandb:     pretrain/loss 0.00194
wandb:  trial_efficiency 392.29806
wandb:         trial_mcc 0.64761
wandb:    trial_n_params 1650816
wandb:                +1 ...
wandb: 
wandb: 🚀 View run hpo_t_jepa_trial005 at: https://wandb.ai/andreribeiro87-universidade-de-aveiro/inMotion-exotic-hpo/runs/fxj0mu29
wandb: ⭐️ View project at: https://wandb.ai/andreribeiro87-universidade-de-aveiro/inMotion-exotic-hpo
wandb: Synced 4 W&B file(s), 0 media file(s), 0 artifact file(s) and 0 other file(s)
wandb: Find logs at: ./wandb/run-20260822_021901-fxj0mu29/logs
                                                  17%|█▋        | 5/30 [37:25<2:52:42, 414.48s/it] 20%|██        | 6/30 [37:25<2:39:01, 397.58s/it]wandb: setting up run 6kuynxxk
wandb: Tracking run with wandb version 0.26.0
wandb: Run data is saved locally in /slurm_shared/home/andrepedroribeiro@av.it.pt/inMotion/wandb/run-20260822_022506-6kuynxxk
wandb: Run `wandb offline` to turn off syncing.
wandb: Syncing run hpo_t_jepa_trial006
wandb: ⭐️ View project at https://wandb.ai/andreribeiro87-universidade-de-aveiro/inMotion-exotic-hpo
wandb: 🚀 View run at https://wandb.ai/andreribeiro87-universidade-de-aveiro/inMotion-exotic-hpo/runs/6kuynxxk
wandb: updating run metadata
wandb: uploading wandb-summary.json; uploading config.yaml
wandb: 
wandb: Run history:
wandb:   ft/stage1_epoch ▁▂▃▃▄▅▆▆▇█
wandb: ft/stage1_val_mcc ▁▄▁█▄▆▁▁█▆
wandb:   ft/stage2_epoch ▁▂▃▃▄▅▆▆▇█
wandb: ft/stage2_val_mcc ▁█▇▇███▇█▇
wandb:      pretrain/ema ▁▁▁▁▁▁▁▁▂▂▂▂▂▂▃▃▃▄▄▄▅▅▅▅▅▆▆▆▇▇▇▇▇███████
wandb:    pretrain/epoch ▁▁▁▁▂▂▂▂▃▃▃▃▃▃▄▄▄▄▄▄▅▅▅▅▅▆▆▆▆▆▆▇▇▇▇▇▇███
wandb:     pretrain/loss █▃▂▃▄▃▃▂▂▂▁▁▁▁▁▁▁▁▁▁▁▁▁▁▁▁▁▁▁▁▁▁▁▁▁▁▁▁▁▁
wandb:  trial_efficiency ▁
wandb:         trial_mcc ▁
wandb:    trial_n_params ▁
wandb:                +1 ...
wandb: 
wandb: Run summary:
wandb:   ft/stage1_epoch 9
wandb: ft/stage1_val_mcc 0.17387
wandb:   ft/stage2_epoch 9
wandb: ft/stage2_val_mcc 0.59323
wandb:      pretrain/ema 1
wandb:    pretrain/epoch 49
wandb:     pretrain/loss 0.00085
wandb:  trial_efficiency 327.3303
wandb:         trial_mcc 0.60497
wandb:    trial_n_params 1848192
wandb:                +1 ...
wandb: 
wandb: 🚀 View run hpo_t_jepa_trial006 at: https://wandb.ai/andreribeiro87-universidade-de-aveiro/inMotion-exotic-hpo/runs/6kuynxxk
wandb: ⭐️ View project at: https://wandb.ai/andreribeiro87-universidade-de-aveiro/inMotion-exotic-hpo
wandb: Synced 4 W&B file(s), 0 media file(s), 0 artifact file(s) and 0 other file(s)
wandb: Find logs at: ./wandb/run-20260822_022506-6kuynxxk/logs
                                                  20%|██        | 6/30 [43:12<2:39:01, 397.58s/it] 23%|██▎       | 7/30 [43:12<2:26:02, 380.96s/it]wandb: setting up run vjsgk77c
wandb: Tracking run with wandb version 0.26.0
wandb: Run data is saved locally in /slurm_shared/home/andrepedroribeiro@av.it.pt/inMotion/wandb/run-20260822_023052-vjsgk77c
wandb: Run `wandb offline` to turn off syncing.
wandb: Syncing run hpo_t_jepa_trial007
wandb: ⭐️ View project at https://wandb.ai/andreribeiro87-universidade-de-aveiro/inMotion-exotic-hpo
wandb: 🚀 View run at https://wandb.ai/andreribeiro87-universidade-de-aveiro/inMotion-exotic-hpo/runs/vjsgk77c
wandb: updating run metadata
wandb: uploading wandb-summary.json; uploading config.yaml
wandb: uploading config.yaml
wandb: 
wandb: Run history:
wandb:   ft/stage1_epoch ▁▂▃▃▄▅▆▆▇█
wandb: ft/stage1_val_mcc ▂▁▁▁▁▄▆▆▆█
wandb:   ft/stage2_epoch ▁▂▃▃▄▅▆▆▇█
wandb: ft/stage2_val_mcc ▃▃▁▄▃▆▇▇█▇
wandb:      pretrain/ema ▁▁▁▁▁▁▁▁▂▂▂▂▂▂▃▃▃▄▄▄▄▅▅▅▅▆▆▆▇▇▇▇▇███████
wandb:    pretrain/epoch ▁▁▁▁▂▂▂▂▂▂▃▃▃▃▃▄▄▄▄▄▄▅▅▅▅▅▅▆▆▆▆▇▇▇▇▇▇███
wandb:     pretrain/loss █▅▃▂▂▁▁▁▁▁▁▁▁▁▁▁▁▁▁▁▁▁▁▁▁▁▁▁▁▁▁▁▁▁▁▁▁▁▁▁
wandb:  trial_efficiency ▁
wandb:         trial_mcc ▁
wandb:    trial_n_params ▁
wandb:                +1 ...
wandb: 
wandb: Run summary:
wandb:   ft/stage1_epoch 9
wandb: ft/stage1_val_mcc 0.40091
wandb:   ft/stage2_epoch 9
wandb: ft/stage2_val_mcc 0.60742
wandb:      pretrain/ema 1
wandb:    pretrain/epoch 49
wandb:     pretrain/loss 0.00045
wandb:  trial_efficiency 1645.63045
wandb:         trial_mcc 0.62592
wandb:    trial_n_params 380352
wandb:                +1 ...
wandb: 
wandb: 🚀 View run hpo_t_jepa_trial007 at: https://wandb.ai/andreribeiro87-universidade-de-aveiro/inMotion-exotic-hpo/runs/vjsgk77c
wandb: ⭐️ View project at: https://wandb.ai/andreribeiro87-universidade-de-aveiro/inMotion-exotic-hpo
wandb: Synced 4 W&B file(s), 0 media file(s), 0 artifact file(s) and 0 other file(s)
wandb: Find logs at: ./wandb/run-20260822_023052-vjsgk77c/logs
                                                  23%|██▎       | 7/30 [47:19<2:26:02, 380.96s/it] 27%|██▋       | 8/30 [47:19<2:04:05, 338.42s/it]wandb: setting up run mppq1lbx
wandb: Tracking run with wandb version 0.26.0
wandb: Run data is saved locally in /slurm_shared/home/andrepedroribeiro@av.it.pt/inMotion/wandb/run-20260822_023500-mppq1lbx
wandb: Run `wandb offline` to turn off syncing.
wandb: Syncing run hpo_t_jepa_trial008
wandb: ⭐️ View project at https://wandb.ai/andreribeiro87-universidade-de-aveiro/inMotion-exotic-hpo
wandb: 🚀 View run at https://wandb.ai/andreribeiro87-universidade-de-aveiro/inMotion-exotic-hpo/runs/mppq1lbx
wandb: updating run metadata
wandb: uploading wandb-summary.json; uploading config.yaml
wandb: uploading wandb-summary.json
wandb: 
wandb: Run history:
wandb:   ft/stage1_epoch ▁▂▃▃▄▅▆▆▇█
wandb: ft/stage1_val_mcc ▁▅▁▅▇▅█▆█▇
wandb:   ft/stage2_epoch ▁▂▃▃▄▅▆▆▇█
wandb: ft/stage2_val_mcc ▇▁█▆▇█▇▆▇▇
wandb:      pretrain/ema ▁▁▁▁▁▁▁▁▂▂▂▂▂▃▃▃▄▄▄▄▅▅▅▅▅▆▆▆▇▇▇▇▇▇██████
wandb:    pretrain/epoch ▁▁▁▁▂▂▂▂▂▂▃▃▃▃▃▄▄▄▄▄▄▅▅▅▅▅▆▆▆▆▆▆▇▇▇▇▇███
wandb:     pretrain/loss █▅▃▂▂▁▁▁▁▁▁▁▁▁▁▁▁▁▁▁▁▁▁▁▁▁▁▁▁▁▁▁▁▁▁▁▁▁▁▁
wandb:  trial_efficiency ▁
wandb:         trial_mcc ▁
wandb:    trial_n_params ▁
wandb:                +1 ...
wandb: 
wandb: Run summary:
wandb:   ft/stage1_epoch 9
wandb: ft/stage1_val_mcc 0.32096
wandb:   ft/stage2_epoch 9
wandb: ft/stage2_val_mcc 0.59045
wandb:      pretrain/ema 1
wandb:    pretrain/epoch 49
wandb:     pretrain/loss 0.00027
wandb:  trial_efficiency 413.60546
wandb:         trial_mcc 0.60462
wandb:    trial_n_params 1461824
wandb:                +1 ...
wandb: 
wandb: 🚀 View run hpo_t_jepa_trial008 at: https://wandb.ai/andreribeiro87-universidade-de-aveiro/inMotion-exotic-hpo/runs/mppq1lbx
wandb: ⭐️ View project at: https://wandb.ai/andreribeiro87-universidade-de-aveiro/inMotion-exotic-hpo
wandb: Synced 4 W&B file(s), 0 media file(s), 0 artifact file(s) and 0 other file(s)
wandb: Find logs at: ./wandb/run-20260822_023500-mppq1lbx/logs
                                                  27%|██▋       | 8/30 [53:10<2:04:05, 338.42s/it] 30%|███       | 9/30 [53:10<1:59:48, 342.30s/it]wandb: setting up run 2ccateao
wandb: Tracking run with wandb version 0.26.0
wandb: Run data is saved locally in /slurm_shared/home/andrepedroribeiro@av.it.pt/inMotion/wandb/run-20260822_024050-2ccateao
wandb: Run `wandb offline` to turn off syncing.
wandb: Syncing run hpo_t_jepa_trial009
wandb: ⭐️ View project at https://wandb.ai/andreribeiro87-universidade-de-aveiro/inMotion-exotic-hpo
wandb: 🚀 View run at https://wandb.ai/andreribeiro87-universidade-de-aveiro/inMotion-exotic-hpo/runs/2ccateao
wandb: updating run metadata
wandb: uploading wandb-summary.json; uploading config.yaml
wandb: 
wandb: Run history:
wandb:   ft/stage1_epoch ▁▂▃▃▄▅▆▆▇█
wandb: ft/stage1_val_mcc ▁▃▄▆▆▇▇█▇█
wandb:   ft/stage2_epoch ▁▂▃▃▄▅▆▆▇█
wandb: ft/stage2_val_mcc ▁▃▃▅▅▆▇▇▆█
wandb:      pretrain/ema ▁▁▁▁▁▁▁▁▂▂▂▂▂▂▃▃▃▄▄▄▅▅▅▅▆▆▆▇▇▇▇▇▇███████
wandb:    pretrain/epoch ▁▁▁▁▂▂▂▂▂▂▃▃▃▃▃▄▄▄▄▄▄▅▅▅▅▅▅▆▆▆▆▆▇▇▇▇▇███
wandb:     pretrain/loss █▁▁▁▁▁▁▁▁▁▁▁▁▁▁▁▁▁▁▁▁▁▁▁▁▁▁▁▁▁▁▁▁▁▁▁▁▁▁▁
wandb:  trial_efficiency ▁
wandb:         trial_mcc ▁
wandb:    trial_n_params ▁
wandb:                +1 ...
wandb: 
wandb: Run summary:
wandb:   ft/stage1_epoch 9
wandb: ft/stage1_val_mcc 0.62486
wandb:   ft/stage2_epoch 9
wandb: ft/stage2_val_mcc 0.67668
wandb:      pretrain/ema 1
wandb:    pretrain/epoch 49
wandb:     pretrain/loss 0.00907
wandb:  trial_efficiency 335.63957
wandb:         trial_mcc 0.67668
wandb:    trial_n_params 2016096
wandb:                +1 ...
wandb: 
wandb: 🚀 View run hpo_t_jepa_trial009 at: https://wandb.ai/andreribeiro87-universidade-de-aveiro/inMotion-exotic-hpo/runs/2ccateao
wandb: ⭐️ View project at: https://wandb.ai/andreribeiro87-universidade-de-aveiro/inMotion-exotic-hpo
wandb: Synced 4 W&B file(s), 0 media file(s), 0 artifact file(s) and 0 other file(s)
wandb: Find logs at: ./wandb/run-20260822_024050-2ccateao/logs
                                                  30%|███       | 9/30 [59:24<1:59:48, 342.30s/it] 33%|███▎      | 10/30 [59:24<1:57:19, 351.95s/it]wandb: setting up run zgzn69xs
wandb: Tracking run with wandb version 0.26.0
wandb: Run data is saved locally in /slurm_shared/home/andrepedroribeiro@av.it.pt/inMotion/wandb/run-20260822_024704-zgzn69xs
wandb: Run `wandb offline` to turn off syncing.
wandb: Syncing run hpo_t_jepa_trial010
wandb: ⭐️ View project at https://wandb.ai/andreribeiro87-universidade-de-aveiro/inMotion-exotic-hpo
wandb: 🚀 View run at https://wandb.ai/andreribeiro87-universidade-de-aveiro/inMotion-exotic-hpo/runs/zgzn69xs
wandb: updating run metadata
wandb: uploading config.yaml; uploading wandb-summary.json
wandb: uploading history steps 67-70, summary
wandb: 
wandb: Run history:
wandb:   ft/stage1_epoch ▁▂▃▃▄▅▆▆▇█
wandb: ft/stage1_val_mcc ▁▁▃▁▂▆▇▅▃█
wandb:   ft/stage2_epoch ▁▂▃▃▄▅▆▆▇█
wandb: ft/stage2_val_mcc ▁▅▇▇▇██▇█▇
wandb:      pretrain/ema ▁▁▁▁▁▁▁▁▂▂▂▂▂▂▃▃▄▄▄▄▅▅▅▅▆▆▆▇▇▇▇▇▇███████
wandb:    pretrain/epoch ▁▁▁▂▂▂▂▂▂▃▃▃▃▃▄▄▄▄▄▄▅▅▅▅▅▆▆▆▆▆▆▇▇▇▇▇▇███
wandb:     pretrain/loss █▃▂▂▃▄▄▃▃▂▂▁▁▁▁▁▁▁▁▁▁▁▁▁▁▁▁▁▁▁▁▁▁▁▁▁▁▁▁▁
wandb:  trial_efficiency ▁
wandb:         trial_mcc ▁
wandb:    trial_n_params ▁
wandb:                +1 ...
wandb: 
wandb: Run summary:
wandb:   ft/stage1_epoch 9
wandb: ft/stage1_val_mcc 0.4262
wandb:   ft/stage2_epoch 9
wandb: ft/stage2_val_mcc 0.57