[I 2026-08-22 04:16:34,750] Trial 23 finished with values: [0.7282745684145054, 1786400.0] and parameters: {'d_model': 128, 'nhead': 8, 'num_layers': 3, 'dim_ff': 768, 'pred_dim': 96, 'pred_layers': 1, 'pretrain_lr': 0.00024744252044213834, 'finetune_lr': 0.0018108634100884495, 'ema_start': 0.9978972481217435}. 77%|███████▋  | 23/30 [2:28:56<42:18, 362.61s/it] 80%|████████  | 24/30 [2:28:56<36:06, 361.16s/it]wandb: setting up run ghtvlz8h
wandb: Tracking run with wandb version 0.26.0
wandb: Run data is saved locally in /slurm_shared/home/andrepedroribeiro@av.it.pt/inMotion/wandb/run-20260822_041636-ghtvlz8h
wandb: Run `wandb offline` to turn off syncing.
wandb: Syncing run hpo_t_jepa_trial024
wandb: ⭐️ View project at https://wandb.ai/andreribeiro87-universidade-de-aveiro/inMotion-exotic-hpo
wandb: 🚀 View run at https://wandb.ai/andreribeiro87-universidade-de-aveiro/inMotion-exotic-hpo/runs/ghtvlz8h
wandb: updating run metadata
wandb: uploading wandb-summary.json; uploading config.yaml
wandb: uploading history steps 66-70, summary
wandb: 
wandb: Run history:
wandb:   ft/stage1_epoch ▁▂▃▃▄▅▆▆▇█
wandb: ft/stage1_val_mcc ▁▁▆▆█▇▆▇▇▇
wandb:   ft/stage2_epoch ▁▂▃▃▄▅▆▆▇█
wandb: ft/stage2_val_mcc ▁▄▆▄▇▃█▇▆█
wandb:      pretrain/ema ▁▁▁▁▁▁▁▁▂▂▂▂▂▃▃▃▄▄▄▄▅▅▅▅▅▆▆▆▇▇▇▇▇███████
wandb:    pretrain/epoch ▁▁▁▁▂▂▂▂▂▃▃▃▃▃▄▄▄▄▄▄▅▅▅▅▅▆▆▆▆▆▆▇▇▇▇▇▇███
wandb:     pretrain/loss █▄▂▁▁▁▁▁▁▁▁▁▁▁▁▁▁▁▁▁▁▁▁▁▁▁▁▁▁▁▁▁▁▁▁▁▁▁▁▁
wandb:  trial_efficiency ▁
wandb:         trial_mcc ▁
wandb:    trial_n_params ▁
wandb:                +1 ...
wandb: 
wandb: Run summary:
wandb:   ft/stage1_epoch 9
wandb: ft/stage1_val_mcc 0.34482
wandb:   ft/stage2_epoch 9
wandb: ft/stage2_val_mcc 0.60498
wandb:      pretrain/ema 1
wandb:    pretrain/epoch 49
wandb:     pretrain/loss 0.00029
wandb:  trial_efficiency 246.64962
wandb:         trial_mcc 0.60498
wandb:    trial_n_params 2452800
wandb:                +1 ...
wandb: 
wandb: 🚀 View run hpo_t_jepa_trial024 at: https://wandb.ai/andreribeiro87-universidade-de-aveiro/inMotion-exotic-hpo/runs/ghtvlz8h
wandb: ⭐️ View project at: https://wandb.ai/andreribeiro87-universidade-de-aveiro/inMotion-exotic-hpo
wandb: Synced 4 W&B file(s), 0 media file(s), 0 artifact file(s) and 0 other file(s)
wandb: Find logs at: ./wandb/run-20260822_041636-ghtvlz8h/logs
                                                   80%|████████  | 24/30 [2:37:02<36:06, 361.16s/it] 83%|████████▎ | 25/30 [2:37:02<33:13, 398.80s/it]wandb: setting up run r48gqfc6
wandb: Tracking run with wandb version 0.26.0
wandb: Run data is saved locally in /slurm_shared/home/andrepedroribeiro@av.it.pt/inMotion/wandb/run-20260822_042442-r48gqfc6
wandb: Run `wandb offline` to turn off syncing.
wandb: Syncing run hpo_t_jepa_trial025
wandb: ⭐️ View project at https://wandb.ai/andreribeiro87-universidade-de-aveiro/inMotion-exotic-hpo
wandb: 🚀 View run at https://wandb.ai/andreribeiro87-universidade-de-aveiro/inMotion-exotic-hpo/runs/r48gqfc6
wandb: updating run metadata
wandb: uploading wandb-summary.json; uploading config.yaml
wandb: uploading config.yaml
wandb: 
wandb: Run history:
wandb:   ft/stage1_epoch ▁▂▃▃▄▅▆▆▇█
wandb: ft/stage1_val_mcc ▂▁▃▆▅▇▆███
wandb:   ft/stage2_epoch ▁▂▃▃▄▅▆▆▇█
wandb: ft/stage2_val_mcc ▁▂▂▂▄▅▆▆▆█
wandb:      pretrain/ema ▁▁▁▁▁▁▁▂▂▂▂▂▃▃▃▄▄▄▄▄▅▅▅▅▆▆▆▇▇▇▇▇▇███████
wandb:    pretrain/epoch ▁▁▁▂▂▂▂▂▂▃▃▃▃▃▃▄▄▄▄▄▅▅▅▅▅▅▆▆▆▆▆▆▇▇▇▇▇███
wandb:     pretrain/loss █▂▁▁▁▁▁▁▁▁▁▁▁▁▁▁▁▁▁▁▁▁▁▁▁▁▁▁▁▁▁▁▁▁▁▁▁▁▁▁
wandb:  trial_efficiency ▁
wandb:         trial_mcc ▁
wandb:    trial_n_params ▁
wandb:                +1 ...
wandb: 
wandb: Run summary:
wandb:   ft/stage1_epoch 9
wandb: ft/stage1_val_mcc 0.63452
wandb:   ft/stage2_epoch 9
wandb: ft/stage2_val_mcc 0.74819
wandb:      pretrain/ema 1
wandb:    pretrain/epoch 49
wandb:     pretrain/loss 0.00258
wandb:  trial_efficiency 176.99678
wandb:         trial_mcc 0.74819
wandb:    trial_n_params 4227136
wandb:                +1 ...
wandb: 
wandb: 🚀 View run hpo_t_jepa_trial025 at: https://wandb.ai/andreribeiro87-universidade-de-aveiro/inMotion-exotic-hpo/runs/r48gqfc6
wandb: ⭐️ View project at: https://wandb.ai/andreribeiro87-universidade-de-aveiro/inMotion-exotic-hpo
wandb: Synced 4 W&B file(s), 0 media file(s), 0 artifact file(s) and 0 other file(s)
wandb: Find logs at: ./wandb/run-20260822_042442-r48gqfc6/logs
                                                   83%|████████▎ | 25/30 [2:46:02<33:13, 398.80s/it] 87%|████████▋ | 26/30 [2:46:02<29:23, 440.97s/it]wandb: setting up run hvxnx13s
wandb: Tracking run with wandb version 0.26.0
wandb: Run data is saved locally in /slurm_shared/home/andrepedroribeiro@av.it.pt/inMotion/wandb/run-20260822_043342-hvxnx13s
wandb: Run `wandb offline` to turn off syncing.
wandb: Syncing run hpo_t_jepa_trial026
wandb: ⭐️ View project at https://wandb.ai/andreribeiro87-universidade-de-aveiro/inMotion-exotic-hpo
wandb: 🚀 View run at https://wandb.ai/andreribeiro87-universidade-de-aveiro/inMotion-exotic-hpo/runs/hvxnx13s
wandb: updating run metadata
wandb: uploading wandb-summary.json; uploading config.yaml
wandb: uploading history steps 68-70, summary
wandb: 
wandb: Run history:
wandb:   ft/stage1_epoch ▁▂▃▃▄▅▆▆▇█
wandb: ft/stage1_val_mcc ▁▁▁▆▆█▆▄▅▆
wandb:   ft/stage2_epoch ▁▂▃▃▄▅▆▆▇█
wandb: ft/stage2_val_mcc ▁▇▇▇▇█▇██▆
wandb:      pretrain/ema ▁▁▁▁▁▁▁▁▂▂▂▂▂▂▃▃▃▄▄▄▄▅▅▅▅▆▆▇▇▇▇▇▇███████
wandb:    pretrain/epoch ▁▁▁▁▂▂▂▂▂▂▃▃▃▃▃▄▄▄▄▄▅▅▅▅▅▆▆▆▆▆▆▇▇▇▇▇▇███
wandb:     pretrain/loss █▅▄▄▃▂▂▂▂▁▁▁▁▁▁▁▁▁▁▁▁▁▁▁▁▁▁▁▁▁▁▁▁▁▁▁▁▁▁▁
wandb:  trial_efficiency ▁
wandb:         trial_mcc ▁
wandb:    trial_n_params ▁
wandb:                +1 ...
wandb: 
wandb: Run summary:
wandb:   ft/stage1_epoch 9
wandb: ft/stage1_val_mcc 0.20665
wandb:   ft/stage2_epoch 9
wandb: ft/stage2_val_mcc 0.56595
wandb:      pretrain/ema 1
wandb:    pretrain/epoch 49
wandb:     pretrain/loss 0.00041
wandb:  trial_efficiency 127.92426
wandb:         trial_mcc 0.60686
wandb:    trial_n_params 4743936
wandb:                +1 ...
wandb: 
wandb: 🚀 View run hpo_t_jepa_trial026 at: https://wandb.ai/andreribeiro87-universidade-de-aveiro/inMotion-exotic-hpo/runs/hvxnx13s
wandb: ⭐️ View project at: https://wandb.ai/andreribeiro87-universidade-de-aveiro/inMotion-exotic-hpo
wandb: Synced 4 W&B file(s), 0 media file(s), 0 artifact file(s) and 0 other file(s)
wandb: Find logs at: ./wandb/run-20260822_043342-hvxnx13s/logs
                                                   87%|████████▋ | 26/30 [2:55:34<29:23, 440.97s/it] 90%|█████████ | 27/30 [2:55:34<24:00, 480.31s/it]wandb: setting up run xqsj451r
wandb: Tracking run with wandb version 0.26.0
wandb: Run data is saved locally in /slurm_shared/home/andrepedroribeiro@av.it.pt/inMotion/wandb/run-20260822_044314-xqsj451r
wandb: Run `wandb offline` to turn off syncing.
wandb: Syncing run hpo_t_jepa_trial027
wandb: ⭐️ View project at https://wandb.ai/andreribeiro87-universidade-de-aveiro/inMotion-exotic-hpo
wandb: 🚀 View run at https://wandb.ai/andreribeiro87-universidade-de-aveiro/inMotion-exotic-hpo/runs/xqsj451r
wandb: updating run metadata
wandb: uploading wandb-summary.json; uploading config.yaml
wandb: uploading wandb-summary.json
wandb: 
wandb: Run history:
wandb:   ft/stage1_epoch ▁▂▃▃▄▅▆▆▇█
wandb: ft/stage1_val_mcc ▁▂▃▅▅▇▆▇▇█
wandb:   ft/stage2_epoch ▁▂▃▃▄▅▆▆▇█
wandb: ft/stage2_val_mcc ▁▁▃▄▅▅▆▇▇█
wandb:      pretrain/ema ▁▁▁▁▁▁▁▁▂▂▂▂▂▂▃▃▄▄▄▄▅▅▅▅▅▆▆▇▇▇▇▇▇███████
wandb:    pretrain/epoch ▁▁▁▁▂▂▂▂▂▂▃▃▃▃▃▄▄▄▄▄▄▅▅▅▅▅▅▆▆▆▆▇▇▇▇▇▇███
wandb:     pretrain/loss █▁▁▁▁▁▁▁▁▁▁▂▂▂▂▂▂▂▂▂▂▂▂▂▂▂▂▂▂▂▂▂▂▂▂▂▂▂▂▂
wandb:  trial_efficiency ▁
wandb:         trial_mcc ▁
wandb:    trial_n_params ▁
wandb:                +1 ...
wandb: 
wandb: Run summary:
wandb:   ft/stage1_epoch 9
wandb: ft/stage1_val_mcc 0.70532
wandb:   ft/stage2_epoch 9
wandb: ft/stage2_val_mcc 0.81516
wandb:      pretrain/ema 1
wandb:    pretrain/epoch 49
wandb:     pretrain/loss 0.04388
wandb:  trial_efficiency 656.23455
wandb:         trial_mcc 0.81516
wandb:    trial_n_params 1242176
wandb:                +1 ...
wandb: 
wandb: 🚀 View run hpo_t_jepa_trial027 at: https://wandb.ai/andreribeiro87-universidade-de-aveiro/inMotion-exotic-hpo/runs/xqsj451r
wandb: ⭐️ View project at: https://wandb.ai/andreribeiro87-universidade-de-aveiro/inMotion-exotic-hpo
wandb: Synced 4 W&B file(s), 0 media file(s), 0 artifact file(s) and 0 other file(s)
wandb: Find logs at: ./wandb/run-20260822_044314-xqsj451r/logs
                                                   90%|█████████ | 27/30 [3:02:08<24:00, 480.31s/it] 93%|█████████▎| 28/30 [3:02:08<15:09, 454.58s/it]wandb: setting up run jbqqi3g5
wandb: Tracking run with wandb version 0.26.0
wandb: Run data is saved locally in /slurm_shared/home/andrepedroribeiro@av.it.pt/inMotion/wandb/run-20260822_044949-jbqqi3g5
wandb: Run `wandb offline` to turn off syncing.
wandb: Syncing run hpo_t_jepa_trial028
wandb: ⭐️ View project at https://wandb.ai/andreribeiro87-universidade-de-aveiro/inMotion-exotic-hpo
wandb: 🚀 View run at https://wandb.ai/andreribeiro87-universidade-de-aveiro/inMotion-exotic-hpo/runs/jbqqi3g5
wandb: updating run metadata
wandb: uploading wandb-summary.json; uploading config.yaml
wandb: uploading wandb-summary.json
wandb: 
wandb: Run history:
wandb:   ft/stage1_epoch ▁▂▃▃▄▅▆▆▇█
wandb: ft/stage1_val_mcc ▂▁▇▆█▆█▇██
wandb:   ft/stage2_epoch ▁▂▃▃▄▅▆▆▇█
wandb: ft/stage2_val_mcc ▆▁▃▅▆█▇▆██
wandb:      pretrain/ema ▁▁▁▁▁▁▁▁▂▂▂▂▂▂▃▃▄▄▄▄▅▅▅▅▅▆▆▇▇▇▇▇▇███████
wandb:    pretrain/epoch ▁▁▁▁▂▂▂▂▂▂▃▃▃▃▃▄▄▄▄▄▄▅▅▅▅▆▆▆▆▆▆▇▇▇▇▇▇███
wandb:     pretrain/loss █▅▃▂▂▁▁▁▁▁▁▁▁▁▁▁▁▁▁▁▁▁▁▁▁▁▁▁▁▁▁▁▁▁▁▁▁▁▁▁
wandb:  trial_efficiency ▁
wandb:         trial_mcc ▁
wandb:    trial_n_params ▁
wandb:                +1 ...
wandb: 
wandb: Run summary:
wandb:   ft/stage1_epoch 9
wandb: ft/stage1_val_mcc 0.57164
wandb:   ft/stage2_epoch 9
wandb: ft/stage2_val_mcc 0.61416
wandb:      pretrain/ema 1
wandb:    pretrain/epoch 49
wandb:     pretrain/loss 0.00025
wandb:  trial_efficiency 136.88007
wandb:         trial_mcc 0.61542
wandb:    trial_n_params 4496064
wandb:                +1 ...
wandb: 
wandb: 🚀 View run hpo_t_jepa_trial028 at: https://wandb.ai/andreribeiro87-universidade-de-aveiro/inMotion-exotic-hpo/runs/jbqqi3g5
wandb: ⭐️ View project at: https://wandb.ai/andreribeiro87-universidade-de-aveiro/inMotion-exotic-hpo
wandb: Synced 4 W&B file(s), 0 media file(s), 0 artifact file(s) and 0 other file(s)
wandb: Find logs at: ./wandb/run-20260822_044949-jbqqi3g5/logs
                                                   93%|█████████▎| 28/30 [3:10:48<15:09, 454.58s/it] 97%|█████████▋| 29/30 [3:10:48<07:54, 474.18s/it]wandb: setting up run ooin0ya3
wandb: Tracking run with wandb version 0.26.0
wandb: Run data is saved locally in /slurm_shared/home/andrepedroribeiro@av.it.pt/inMotion/wandb/run-20260822_045828-ooin0ya3
wandb: Run `wandb offline` to turn off syncing.
wandb: Syncing run hpo_t_jepa_trial029
wandb: ⭐️ View project at https://wandb.ai/andreribeiro87-universidade-de-aveiro/inMotion-exotic-hpo
wandb: 🚀 View run at https://wandb.ai/andreribeiro87-universidade-de-aveiro/inMotion-exotic-hpo/runs/ooin0ya3
wandb: updating run metadata
wandb: uploading wandb-summary.json; uploading config.yaml
wandb: uploading config.yaml
wandb: 
wandb: Run history:
wandb:   ft/stage1_epoch ▁▂▃▃▄▅▆▆▇█
wandb: ft/stage1_val_mcc ▁▆▅▇▆▅▆█▇█
wandb:   ft/stage2_epoch ▁▂▃▃▄▅▆▆▇█
wandb: ft/stage2_val_mcc ▁▂▆▆▇▇▇▇██
wandb:      pretrain/ema ▁▁▁▁▁▁▁▂▂▂▂▂▂▃▃▃▄▄▄▄▅▅▅▅▅▆▆▆▇▇▇▇▇▇██████
wandb:    pretrain/epoch ▁▁▁▂▂▂▂▂▂▃▃▃▃▃▃▄▄▄▄▄▅▅▅▅▅▅▆▆▆▆▆▆▇▇▇▇▇███
wandb:     pretrain/loss █▃▁▁▁▁▁▁▁▁▁▁▁▁▁▁▁▁▁▁▁▁▁▁▁▁▁▁▁▁▁▁▁▁▁▁▁▁▁▁
wandb:  trial_efficiency ▁
wandb:         trial_mcc ▁
wandb:    trial_n_params ▁
wandb:                +1 ...
wandb: 
wandb: Run summary:
wandb:   ft/stage1_epoch 9
wandb: ft/stage1_val_mcc 0.5689
wandb:   ft/stage2_epoch 9
wandb: ft/stage2_val_mcc 0.66305
wandb:      pretrain/ema 1
wandb:    pretrain/epoch 49
wandb:     pretrain/loss 0.00084
wandb:  trial_efficiency 364.89493
wandb:         trial_mcc 0.66305
wandb:    trial_n_params 1817088
wandb:                +1 ...
wandb: 
wandb: 🚀 View run hpo_t_jepa_trial029 at: https://wandb.ai/andreribeiro87-universidade-de-aveiro/inMotion-exotic-hpo/runs/ooin0ya3
wandb: ⭐️ View project at: https://wandb.ai/andreribeiro87-universidade-de-aveiro/inMotion-exotic-hpo
wandb: Synced 4 W&B file(s), 0 media file(s), 0 artifact file(s) and 0 other file(s)
wandb: Find logs at: ./wandb/run-20260822_045828-ooin0ya3/logs
                                                   97%|█████████▋| 29/30 [3:17:03<07:54, 474.18s/it]100%|██████████| 30/30 [3:17:03<00:00, 444.49s/it]100%|██████████| 30/30 [3:17:03<00:00, 394.13s/it]
wandb: setting up run jkti5tl7
wandb: Tracking run with wandb version 0.26.0
wandb: Run data is saved locally in /slurm_shared/home/andrepedroribeiro@av.it.pt/inMotion/wandb/run-20260822_050443-jkti5tl7
wandb: Run `wandb offline` to turn off syncing.
wandb: Syncing run t_jepa_pretrain_seed42
wandb: ⭐️ View project at https://wandb.ai/andreribeiro87-universidade-de-aveiro/inMotion-exotic-hpo
wandb: 🚀 View run at https://wandb.ai/andreribeiro87-universidade-de-aveiro/inMotion-exotic-hpo/runs/jkti5tl7
wandb: updating run metadata
wandb: uploading wandb-summary.json; uploading config.yaml; uploading output.log
wandb: uploading history steps 149-150, summary, console lines 23-26
wandb: 
wandb: Run history:
wandb: pretrain/best_probe_mcc ▁
wandb:            pretrain/ema ▁▁▁▁▁▁▁▁▁▁▂▂▂▂▂▂▃▃▄▄▄▅▅▅▅▆▆▆▆▆▇▇▇▇▇▇████
wandb:          pretrain/epoch ▁▁▁▁▂▂▂▂▂▂▃▃▃▃▄▄▄▄▄▅▅▅▅▆▆▆▆▆▆▆▆▇▇▇▇▇████
wandb:             pretrain/lr ████▇▇▇▇▇▇▇▇▇▇▆▅▅▅▅▅▅▄▄▄▄▄▄▃▃▃▃▃▃▂▂▂▂▂▂▁
wandb:      pretrain/probe_mcc ▁▄▅▆▆▇▇██▇█▇▇██
wandb:     pretrain/train_loss ▇█▆▅▅▃▃▃▂▂▂▂▂▁▁▁▁▁▁▁▁▁▁▁▁▁▁▁▁▁▁▁▁▁▁▁▁▁▁▁
wandb:     pretrain/uniformity ▁▁▁▁▁▁▇▇▇▇██████████████████████████████
wandb:       pretrain/val_loss ▄▅▇▇████▆▄▄▃▃▃▂▂▂▂▁▁▁▁▁▁▁▁▁▁▁▁▁▁▁▁▁▁▁▁▁▁
wandb: 
wandb: Run summary:
wandb: pretrain/best_probe_mcc 0.53122
wandb:            pretrain/ema 0.99298
wandb:          pretrain/epoch 149
wandb:             pretrain/lr 0.00015
wandb:      pretrain/probe_mcc 0.53122
wandb:     pretrain/train_loss 0.14453
wandb:     pretrain/uniformity 3.65472
wandb:       pretrain/val_loss 0.07334
wandb: 
wandb: 🚀 View run t_jepa_pretrain_seed42 at: https://wandb.ai/andreribeiro87-universidade-de-aveiro/inMotion-exotic-hpo/runs/jkti5tl7
wandb: ⭐️ View project at: https://wandb.ai/andreribeiro87-universidade-de-aveiro/inMotion-exotic-hpo
wandb: Synced 5 W&B file(s), 0 media file(s), 0 artifact file(s) and 0 other file(s)
wandb: Find logs at: ./wandb/run-20260822_050443-jkti5tl7/logs
wandb: setting up run rml9sr10
wandb: Tracking run with wandb version 0.26.0
wandb: Run data is saved locally in /slurm_shared/home/andrepedroribeiro@av.it.pt/inMotion/wandb/run-20260822_065248-rml9sr10
wandb: Run `wandb offline` to turn off syncing.
wandb: Syncing run t_jepa_ft_seed42_s1
wandb: ⭐️ View project at https://wandb.ai/andreribeiro87-universidade-de-aveiro/inMotion-exotic-hpo
wandb: 🚀 View run at https://wandb.ai/andreribeiro87-universidade-de-aveiro/inMotion-exotic-hpo/runs/rml9sr10
wandb: updating run metadata; uploading artifact run-rml9sr10-final_val_confusion_matrix_table
wandb: uploading artifact run-rml9sr10-final_val_confusion_matrix_table
wandb: uploading history steps 11-12, summary
wandb: 
wandb: Run history:
wandb:                       best_epoch ▁
wandb:                     best_val_mcc ▁
wandb:                            epoch ▁▂▂▃▄▄▅▅▆▇▇█
wandb:                    final_val_acc ▁
wandb:               final_val_f1_macro ▁
wandb:                   final_val_loss ▁
wandb:  final_val_per_class/AA/f1-score ▁
wandb: final_val_per_class/AA/precision ▁
wandb:    final_val_per_class/AA/recall ▁
wandb:   final_val_per_class/AA/support ▁
wandb:                              +25 ...
wandb: 
wandb: Run summary:
wandb:                       best_epoch 9
wandb:                     best_val_mcc 0.58235
wandb:                            epoch 12
wandb:                    final_val_acc 0.68583
wandb:               final_val_f1_macro 0.68573
wandb:                   final_val_loss 0.98859
wandb:  final_val_per_class/AA/f1-score 0.66913
wandb: final_val_per_class/AA/precision 0.63463
wandb:    final_val_per_class/AA/recall 0.70759
wandb:   final_val_per_class/AA/support 896
wandb:                              +25 ...
wandb: 
wandb: 🚀 View run t_jepa_ft_seed42_s1 at: https://wandb.ai/andreribeiro87-universidade-de-aveiro/inMotion-exotic-hpo/runs/rml9sr10
wandb: ⭐️ View project at: https://wandb.ai/andreribeiro87-universidade-de-aveiro/inMotion-exotic-hpo
wandb: Synced 4 W&B file(s), 1 media file(s), 2 artifact file(s) and 0 other file(s)
wandb: Find logs at: ./wandb/run-20260822_065248-rml9sr10/logs
wandb: setting up run 82dwm9tk
wandb: Tracking run with wandb version 0.26.0
wandb: Run data is saved locally in /slurm_shared/home/andrepedroribeiro@av.it.pt/inMotion/wandb/run-20260822_065417-82dwm9tk
wandb: Run `wandb offline` to turn off syncing.
wandb: Syncing run t_jepa_ft_seed42_s2
wandb: ⭐️ View project at https://wandb.ai/andreribeiro87-universidade-de-aveiro/inMotion-exotic-hpo
wandb: 🚀 View run at https://wandb.ai/andreribeiro87-universidade-de-aveiro/inMotion-exotic-hpo/runs/82dwm9tk
wandb: updating run metadata; uploading artifact run-82dwm9tk-final_val_confusion_matrix_table
wandb: uploading artifact run-82dwm9tk-final_val_confusion_matrix_table
wandb: uploading media/table/final_val_confusion_matrix_table_38_dae0b1ee85eb33e0de67.table.json; uploading wandb-summary.json; uploading config.yaml
wandb: uploading config.yaml
wandb: 
wandb: Run history:
wandb:                       best_epoch ▁
wandb:                     best_val_mcc ▁
wandb:                            epoch ▁▁▁▂▂▂▂▂▃▃▃▃▃▃▄▄▄▄▄▅▅▅▅▅▆▆▆▆▆▆▇▇▇▇▇███
wandb:                    final_val_acc ▁
wandb:               final_val_f1_macro ▁
wandb:                   final_val_loss ▁
wandb:  final_val_per_class/AA/f1-score ▁
wandb: final_val_per_class/AA/precision ▁
wandb:    final_val_per_class/AA/recall ▁
wandb:   final_val_per_class/AA/support ▁
wandb:                              +25 ...
wandb: 
wandb: Run summary:
wandb:                       best_epoch 37
wandb:                     best_val_mcc 0.80357
wandb:                            epoch 38
wandb:                    final_val_acc 0.85184
wandb:               final_val_f1_macro 0.85279
wandb:                   final_val_loss 0.7183
wandb:  final_val_per_class/AA/f1-score 0.81958
wandb: final_val_per_class/AA/precision 0.78332
wandb:    final_val_per_class/AA/recall 0.85938
wandb:   final_val_per_class/AA/support 896
wandb:                              +25 ...
wandb: 
wandb: 🚀 View run t_jepa_ft_seed42_s2 at: https://wandb.ai/andreribeiro87-universidade-de-aveiro/inMotion-exotic-hpo/runs/82dwm9tk
wandb: ⭐️ View project at: https://wandb.ai/andreribeiro87-universidade-de-aveiro/inMotion-exotic-hpo
wandb: Synced 4 W&B file(s), 1 media file(s), 2 artifact file(s) and 0 other file(s)
wandb: Find logs at: ./wandb/run-20260822_065417-82dwm9tk/logs

  [Trial 023] MCC=0.7283 params=1.79M
[I 2026-08-22 04:24:41,360] Trial 24 finished with values: [0.6049821999760027, 2452800.0] and parameters: {'d_model': 192, 'nhead': 8, 'num_layers': 4, 'dim_ff': 256, 'pred_dim': 128, 'pred_layers': 3, 'pretrain_lr': 7.21087645427261e-05, 'finetune_lr': 0.0031749883464243815, 'ema_start': 0.9967908858667621}.
  [Trial 024] MCC=0.6050 params=2.45M
[I 2026-08-22 04:33:40,726] Trial 25 finished with values: [0.7481894767580393, 4227136.0] and parameters: {'d_model': 192, 'nhead': 4, 'num_layers': 4, 'dim_ff': 768, 'pred_dim': 128, 'pred_layers': 3, 'pretrain_lr': 0.0001402412507055007, 'finetune_lr': 0.0018351620695519345, 'ema_start': 0.9940360096978049}.
  [Trial 025] MCC=0.7482 params=4.23M
[I 2026-08-22 04:43:12,828] Trial 26 finished with values: [0.6068644908785135, 4743936.0] and parameters: {'d_model': 256, 'nhead': 8, 'num_layers': 4, 'dim_ff': 512, 'pred_dim': 128, 'pred_layers': 2, 'pretrain_lr': 1.714486354167326e-05, 'finetune_lr': 0.00019318943133016047, 'ema_start': 0.9968535956854573}.
  [Trial 026] MCC=0.6069 params=4.74M
[I 2026-08-22 04:49:47,355] Trial 27 finished with values: [0.8151588023064852, 1242176.0] and parameters: {'d_model': 128, 'nhead': 4, 'num_layers': 4, 'dim_ff': 256, 'pred_dim': 64, 'pred_layers': 3, 'pretrain_lr': 0.0007843269804336331, 'finetune_lr': 0.00937566600133442, 'ema_start': 0.9967804036673305}.
  [Trial 027] MCC=0.8152 params=1.24M
[I 2026-08-22 04:58:27,285] Trial 28 finished with values: [0.6154215689183254, 4496064.0] and parameters: {'d_model': 256, 'nhead': 4, 'num_layers': 4, 'dim_ff': 512, 'pred_dim': 64, 'pred_layers': 1, 'pretrain_lr': 0.00019880193364014653, 'finetune_lr': 0.003105201294430152, 'ema_start': 0.9952503188858745}.
  [Trial 028] MCC=0.6154 params=4.50M
