[I 2026-08-22 05:04:42,479] Trial 29 finished with values: [0.6630462062076323, 1817088.0] and parameters: {'d_model': 128, 'nhead': 4, 'num_layers': 4, 'dim_ff': 512, 'pred_dim': 128, 'pred_layers': 1, 'pretrain_lr': 0.00012814703696157852, 'finetune_lr': 0.008681705931439066, 'ema_start': 0.9947078805975313}.
  [Trial 029] MCC=0.6630 params=1.82M

  Pareto frontier (2 points):
    MCC=0.8152  params=1.24M  {'d_model': 128, 'nhead': 4, 'num_layers': 4, 'dim_ff': 256, 'pred_dim': 64, 'pred_layers': 3, 'pretrain_lr': 0.0007843269804336331, 'finetune_lr': 0.00937566600133442, 'ema_start': 0.9967804036673305}
    MCC=0.6259  params=0.38M  {'d_model': 128, 'nhead': 4, 'num_layers': 1, 'dim_ff': 256, 'pred_dim': 64, 'pred_layers': 1, 'pretrain_lr': 7.148510793512978e-05, 'finetune_lr': 0.00432543242796456, 'ema_start': 0.9977465752493071}

============================================================
Phase 1: SSL Pretraining (t_jepa)
============================================================
Pretraining 300 epochs (t_jepa)...
  epoch   1/300 | train=1.7878 | val=0.3983 | ema=0.9900
  epoch  10/300 | train=0.3653 | val=0.2370 | ema=0.9900 | probe=0.365
  epoch  20/300 | train=0.3602 | val=0.2642 | ema=0.9901 | probe=0.432
  epoch  21/300 | train=0.3553 | val=0.2576 | ema=0.9901
  epoch  30/300 | train=0.2957 | val=0.2129 | ema=0.9901 | probe=0.469
  epoch  40/300 | train=0.2211 | val=0.1408 | ema=0.9902 | probe=0.481
  epoch  41/300 | train=0.2139 | val=0.1329 | ema=0.9903
  epoch  50/300 | train=0.1781 | val=0.0958 | ema=0.9904 | probe=0.491
  epoch  60/300 | train=0.1569 | val=0.0827 | ema=0.9906 | probe=0.511
  epoch  61/300 | train=0.1567 | val=0.0864 | ema=0.9906
  epoch  70/300 | train=0.1499 | val=0.0781 | ema=0.9908 | probe=0.511
  epoch  80/300 | train=0.1436 | val=0.0765 | ema=0.9910 | probe=0.521
  epoch  81/300 | train=0.1441 | val=0.0717 | ema=0.9910
  epoch  90/300 | train=0.1433 | val=0.0690 | ema=0.9912 | probe=0.525
  epoch 100/300 | train=0.1434 | val=0.0728 | ema=0.9915 | probe=0.510
  epoch 101/300 | train=0.1423 | val=0.0761 | ema=0.9915
  epoch 110/300 | train=0.1415 | val=0.0735 | ema=0.9918 | probe=0.519
  epoch 120/300 | train=0.1436 | val=0.0717 | ema=0.9921 | probe=0.516
  epoch 121/300 | train=0.1428 | val=0.0728 | ema=0.9921
  epoch 130/300 | train=0.1428 | val=0.0717 | ema=0.9924 | probe=0.517
  epoch 140/300 | train=0.1425 | val=0.0725 | ema=0.9927 | probe=0.526
  epoch 141/300 | train=0.1427 | val=0.0720 | ema=0.9927
  epoch 150/300 | train=0.1445 | val=0.0733 | ema=0.9930 | probe=0.531
  Early stopping at epoch 150 (probe MCC not improving, best=0.5312)
Pretraining done in 6481s. Best probe MCC: 0.5312
Checkpoint: 20-aug/models/exotic/normal-new-ds/t_jepa_pretrain_best.pt
Visualization summary: models/exotic/viz/t_jepa_seed42/pretrain_summary.png

============================================================
Phase 2: Fine-tuning (t_jepa)
============================================================
Stage 1: Training classification head (encoder frozen)...
  Stage 1 best val MCC: 0.5823 (88s)
Stage 2: Full fine-tuning (encoder unfrozen)...
Fine-tuning done in 813s.
  Best val MCC: 0.8036
  Test MCC:     0.8003939441031015

Results appended to 20-aug/results/exotic/normal-new-ds/exotic_results.csv
