                                                  [I 2026-08-22 01:52:48,337] Trial 0 finished with values: [0.6043342889650785, 1262144.0] and parameters: {'d_model': 192, 'nhead': 4, 'num_layers': 1, 'dim_ff': 512, 'pred_dim': 128, 'pred_layers': 3, 'pretrain_lr': 2.6587543983272695e-05, 'finetune_lr': 0.0002310201887845295, 'ema_start': 0.9916506405886809}.
  [Trial 000] MCC=0.6043 params=1.26M
[I 2026-08-22 01:57:34,889] Trial 1 finished with values: [0.6023282743813132, 1170112.0] and parameters: {'d_model': 192, 'nhead': 8, 'num_layers': 1, 'dim_ff': 768, 'pred_dim': 64, 'pred_layers': 2, 'pretrain_lr': 1.2385137298860926e-05, 'finetune_lr': 0.0016409286730647919, 'ema_start': 0.9915347171131856}.
  [Trial 001] MCC=0.6023 params=1.17M
[I 2026-08-22 02:02:03,995] Trial 2 finished with values: [0.6242925016462381, 1153280.0] and parameters: {'d_model': 256, 'nhead': 4, 'num_layers': 1, 'dim_ff': 256, 'pred_dim': 128, 'pred_layers': 1, 'pretrain_lr': 0.00021137059440645722, 'finetune_lr': 0.0004201672054372534, 'ema_start': 0.9946806121906003}.
  [Trial 002] MCC=0.6243 params=1.15M
[I 2026-08-22 02:11:33,321] Trial 3 finished with values: [0.06224399351354115, 4743936.0] and parameters: {'d_model': 256, 'nhead': 8, 'num_layers': 4, 'dim_ff': 512, 'pred_dim': 128, 'pred_layers': 2, 'pretrain_lr': 3.488976654890367e-05, 'finetune_lr': 0.004544383960336014, 'ema_start': 0.9932107799402423}.
  [Trial 003] MCC=0.0622 params=4.74M
[I 2026-08-22 02:18:59,690] Trial 4 finished with values: [0.5997683798399215, 2229760.0] and parameters: {'d_model': 192, 'nhead': 4, 'num_layers': 4, 'dim_ff': 256, 'pred_dim': 64, 'pred_layers': 3, 'pretrain_lr': 1.4063366777718176e-05, 'finetune_lr': 0.0005211124595788264, 'ema_start': 0.9910428215357262}.
  [Trial 004] MCC=0.5998 params=2.23M
[I 2026-08-22 02:25:04,451] Trial 5 finished with values: [0.6476119108416742, 1650816.0] and parameters: {'d_model': 128, 'nhead': 8, 'num_layers': 2, 'dim_ff': 768, 'pred_dim': 128, 'pred_layers': 3, 'pretrain_lr': 0.0001326033192269654, 'finetune_lr': 0.003482846706526885, 'ema_start': 0.9944441603672796}.
  [Trial 005] MCC=0.6476 params=1.65M
[I 2026-08-22 02:30:51,210] Trial 6 finished with values: [0.6049692418844378, 1848192.0] and parameters: {'d_model': 128, 'nhead': 4, 'num_layers': 3, 'dim_ff': 768, 'pred_dim': 128, 'pred_layers': 1, 'pretrain_lr': 1.425475704402744e-05, 'finetune_lr': 0.0003797544798678418, 'ema_start': 0.991450991585286}.
  [Trial 006] MCC=0.6050 params=1.85M
[I 2026-08-22 02:34:58,543] Trial 7 finished with values: [0.6259188337953294, 380352.0] and parameters: {'d_model': 128, 'nhead': 4, 'num_layers': 1, 'dim_ff': 256, 'pred_dim': 64, 'pred_layers': 1, 'pretrain_lr': 7.148510793512978e-05, 'finetune_lr': 0.00432543242796456, 'ema_start': 0.9977465752493071}.
  [Trial 007] MCC=0.6259 params=0.38M
[I 2026-08-22 02:40:49,377] Trial 8 finished with values: [0.6046183816466709, 1461824.0] and parameters: {'d_model': 192, 'nhead': 4, 'num_layers': 2, 'dim_ff': 256, 'pred_dim': 128, 'pred_layers': 3, 'pretrain_lr': 3.188339735100187e-05, 'finetune_lr': 0.0009874088417386245, 'ema_start': 0.9927079047883509}.
  [Trial 008] MCC=0.6046 params=1.46M
[I 2026-08-22 02:47:02,935] Trial 9 finished with values: [0.6766815873399825, 2016096.0] and parameters: {'d_model': 256, 'nhead': 4, 'num_layers': 2, 'dim_ff': 256, 'pred_dim': 96, 'pred_layers': 3, 'pretrain_lr': 0.00033361013094697806, 'finetune_lr': 0.00029872741995638395, 'ema_start': 0.9965539471375068}.
  [Trial 009] MCC=0.6767 params=2.02M
[I 2026-08-22 02:55:22,442] Trial 10 finished with values: [0.6111720089062218, 3536768.0] and parameters: {'d_model': 256, 'nhead': 4, 'num_layers': 4, 'dim_ff': 256, 'pred_dim': 96, 'pred_layers': 2, 'pretrain_lr': 2.8378638146176247e-05, 'finetune_lr': 0.0019513967655934471, 'ema_start': 0.9915692978610449}.
  [Trial 010] MCC=0.6112 params=3.54M
[I 2026-08-22 03:00:15,631] Trial 11 finished with values: [0.6000555769767265, 1162112.0] and parameters: {'d_model': 256, 'nhead': 8, 'num_layers': 1, 'dim_ff': 256, 'pred_dim': 96, 'pred_layers': 2, 'pretrain_lr': 3.0458224385894053e-05, 'finetune_lr': 0.00015353434324857047, 'ema_start': 0.99807494182158}.
  [Trial 011] MCC=0.6001 params=1.16M
[I 2026-08-22 03:06:49,736] Trial 12 finished with values: [0.6053458816038562, 1357440.0] and parameters: {'d_model': 128, 'nhead': 8, 'num_layers': 4, 'dim_ff': 256, 'pred_dim': 128, 'pred_layers': 2, 'pretrain_lr': 1.0432637161302079e-05, 'finetune_lr': 0.00015956700210656633, 'ema_start': 0.9959715159219725}.
  [Trial 012] MCC=0.6053 params=1.36M
[I 2026-08-22 03:11:42,618] Trial 13 finished with values: [0.6011217845002694, 1252864.0] and parameters: {'d_model': 256, 'nhead': 4, 'num_layers': 1, 'dim_ff': 256, 'pred_dim': 128, 'pred_layers': 2, 'pretrain_lr': 0.00013696739838480054, 'finetune_lr': 0.00015393931002140855, 'ema_start': 0.9933094422275349}.
  [Trial 013] MCC=0.6011 params=1.25M
[I 2026-08-22 03:18:46,979] Trial 14 finished with values: [0.6072906511515594, 2736384.0] and parameters: {'d_model': 256, 'nhead': 8, 'num_layers': 3, 'dim_ff': 256, 'pred_dim': 128, 'pred_layers': 1, 'pretrain_lr': 1.1184895551664498e-05, 'finetune_lr': 0.001954090133022007, 'ema_start': 0.9915939961146635}.
  [Trial 014] MCC=0.6073 params=2.74M
[I 2026-08-22 03:26:47,106] Trial 15 finished with values: [0.6126786355787087, 3067776.0] and parameters: {'d_model': 192, 'nhead': 4, 'num_layers': 4, 'dim_ff': 512, 'pred_dim': 64, 'pred_layers': 3, 'pretrain_lr': 4.303720019143251e-05, 'finetune_lr': 0.00021826570038901196, 'ema_start': 0.9950112113621251}.
  [Trial 015] MCC=0.6127 params=3.07M
[I 2026-08-22 03:33:57,767] Trial 16 finished with values: [0.6205803436816668, 2327424.0] and parameters: {'d_model': 128, 'nhead': 8, 'num_layers': 4, 'dim_ff': 768, 'pred_dim': 64, 'pred_layers': 2, 'pretrain_lr': 3.86530428803215e-05, 'finetune_lr': 0.004156447611486069, 'ema_start': 0.9972910205521126}.
  [Trial 016] MCC=0.6206 params=2.33M
[I 2026-08-22 03:41:25,319] Trial 17 finished with values: [0.6064856846762052, 3052608.0] and parameters: {'d_model': 192, 'nhead': 8, 'num_layers': 3, 'dim_ff': 768, 'pred_dim': 96, 'pred_layers': 2, 'pretrain_lr': 1.1800069021089958e-05, 'finetune_lr': 0.0008534852819566894, 'ema_start': 0.9948838017123682}.
  [Trial 017] MCC=0.6065 params=3.05M
[I 2026-08-22 03:47:12,807] Trial 18 finished with values: [0.5961620182811659, 2051040.0] and parameters: {'d_model': 192, 'nhead': 8, 'num_layers': 2, 'dim_ff': 768, 'pred_dim': 96, 'pred_layers': 1, 'pretrain_lr': 0.00011553385460530907, 'finetune_lr': 0.0012057860169848358, 'ema_start': 0.9957368691134838}.
  [Trial 018] MCC=0.5962 params=2.05M
[I 2026-08-22 03:52:42,014] Trial 19 finished with values: [0.6021625188678459, 1205312.0] and parameters: {'d_model': 192, 'nhead': 8, 'num_layers': 2, 'dim_ff': 256, 'pred_dim': 64, 'pred_layers': 2, 'pretrain_lr': 2.2212049883899376e-05, 'finetune_lr': 0.0002055294619639017, 'ema_start': 0.9922521860834813}.
  [Trial 019] MCC=0.6022 params=1.21M
[I 2026-08-22 03:59:23,925] Trial 20 finished with values: [0.6014051096883075, 2382400.0] and parameters: {'d_model': 192, 'nhead': 8, 'num_layers': 3, 'dim_ff': 512, 'pred_dim': 128, 'pred_layers': 1, 'pretrain_lr': 1.706653206390032e-05, 'finetune_lr': 0.00012359624712587392, 'ema_start': 0.9903665592208707}.
  [Trial 020] MCC=0.6014 params=2.38M
[I 2026-08-22 04:04:39,189] Trial 21 finished with values: [0.6128637294199086, 1057536.0] and parameters: {'d_model': 128, 'nhead': 8, 'num_layers': 2, 'dim_ff': 512, 'pred_dim': 96, 'pred_layers': 2, 'pretrain_lr': 0.0001785335461982821, 'finetune_lr': 0.0010145478086525616, 'ema_start': 0.9977084085706949}.
  [Trial 021] MCC=0.6129 params=1.06M
[I 2026-08-22 04:10:36,976] Trial 22 finished with values: [0.0, 977216.0] and parameters: {'d_model': 128, 'nhead': 4, 'num_layers': 3, 'dim_ff': 256, 'pred_dim': 64, 'pred_layers': 3, 'pretrain_lr': 5.9184131047454885e-05, 'finetune_lr': 0.008363366476207685, 'ema_start': 0.9981481557776045}.
  [Trial 022] MCC=0.0000 params=0.98M
