[I 2026-08-22 19:05:23,353] Trial 29 finished with values: [0.8142862328559346, 1756544.0] and parameters: {'d_model': 128, 'nhead': 4, 'num_layers': 4, 'dim_ff': 512, 'pred_dim': 128, 'pred_layers': 1, 'pretrain_lr': 0.00012814703696157852, 'finetune_lr': 0.008681705931439066, 'ema_start': 0.9947078805975313}.
  [Trial 029] MCC=0.8143 params=1.76M

  Pareto frontier (5 points):
    MCC=0.8577  params=1.73M  {'d_model': 128, 'nhead': 8, 'num_layers': 3, 'dim_ff': 768, 'pred_dim': 96, 'pred_layers': 1, 'pretrain_lr': 0.00024744252044213834, 'finetune_lr': 0.0018108634100884495, 'ema_start': 0.9978972481217435}
    MCC=0.8492  params=1.59M  {'d_model': 128, 'nhead': 8, 'num_layers': 2, 'dim_ff': 768, 'pred_dim': 128, 'pred_layers': 3, 'pretrain_lr': 0.0001326033192269654, 'finetune_lr': 0.003482846706526885, 'ema_start': 0.9944441603672796}
    MCC=0.8314  params=1.00M  {'d_model': 128, 'nhead': 8, 'num_layers': 2, 'dim_ff': 512, 'pred_dim': 96, 'pred_layers': 2, 'pretrain_lr': 0.0001785335461982821, 'finetune_lr': 0.0010145478086525616, 'ema_start': 0.9977084085706949}
    MCC=0.8104  params=0.92M  {'d_model': 128, 'nhead': 4, 'num_layers': 3, 'dim_ff': 256, 'pred_dim': 64, 'pred_layers': 3, 'pretrain_lr': 5.9184131047454885e-05, 'finetune_lr': 0.008363366476207685, 'ema_start': 0.9981481557776045}
    MCC=0.7870  params=0.32M  {'d_model': 128, 'nhead': 4, 'num_layers': 1, 'dim_ff': 256, 'pred_dim': 64, 'pred_layers': 1, 'pretrain_lr': 7.148510793512978e-05, 'finetune_lr': 0.00432543242796456, 'ema_start': 0.9977465752493071}

============================================================
Phase 1: SSL Pretraining (ts_jepa)
============================================================
Pretraining 300 epochs (ts_jepa)...
  epoch   1/300 | train=0.7025 | val=0.0016 | ema=0.9900
  epoch  10/300 | train=0.5950 | val=0.0018 | ema=0.9900 | probe=0.572
  epoch  20/300 | train=0.5923 | val=0.0019 | ema=0.9901 | probe=0.585
  epoch  21/300 | train=0.5901 | val=0.0018 | ema=0.9901
  epoch  30/300 | train=0.5789 | val=0.0018 | ema=0.9901 | probe=0.592
  epoch  40/300 | train=0.5584 | val=0.0016 | ema=0.9902 | probe=0.596
  epoch  41/300 | train=0.5574 | val=0.0016 | ema=0.9903
  epoch  50/300 | train=0.5344 | val=0.0015 | ema=0.9904 | probe=0.609
  epoch  60/300 | train=0.5021 | val=0.0013 | ema=0.9906 | probe=0.611
  epoch  61/300 | train=0.4968 | val=0.0013 | ema=0.9906
  epoch  70/300 | train=0.4596 | val=0.0011 | ema=0.9908 | probe=0.620
  epoch  80/300 | train=0.4251 | val=0.0009 | ema=0.9910 | probe=0.619
  epoch  81/300 | train=0.4198 | val=0.0009 | ema=0.9910
  epoch  90/300 | train=0.4003 | val=0.0008 | ema=0.9912 | probe=0.624
  epoch 100/300 | train=0.3854 | val=0.0007 | ema=0.9915 | probe=0.616
  epoch 101/300 | train=0.3861 | val=0.0007 | ema=0.9915
  epoch 110/300 | train=0.3802 | val=0.0007 | ema=0.9918 | probe=0.622
  epoch 120/300 | train=0.3762 | val=0.0007 | ema=0.9921 | probe=0.603
  epoch 121/300 | train=0.3771 | val=0.0007 | ema=0.9921
  epoch 130/300 | train=0.3743 | val=0.0007 | ema=0.9924 | probe=0.606
  epoch 140/300 | train=0.3774 | val=0.0007 | ema=0.9927 | probe=0.600
  epoch 141/300 | train=0.3771 | val=0.0007 | ema=0.9927
  epoch 150/300 | train=0.3761 | val=0.0006 | ema=0.9930 | probe=0.605
  Early stopping at epoch 150 (probe MCC not improving, best=0.6245)
Pretraining done in 4897s. Best probe MCC: 0.6245
Checkpoint: 20-aug/models/exotic/normal-new-ds/ts_jepa_pretrain_best.pt
Visualization summary: models/exotic/viz/ts_jepa_seed42/pretrain_summary.png

============================================================
Phase 2: Fine-tuning (ts_jepa)
============================================================
Stage 1: Training classification head (encoder frozen)...
  Stage 1 best val MCC: 0.6841 (25s)
Stage 2: Full fine-tuning (encoder unfrozen)...
Fine-tuning done in 153s.
  Best val MCC: 0.8526
  Test MCC:     0.8468871631035295

Results appended to 20-aug/results/exotic/normal-new-ds/exotic_results.csv
