[I 2026-08-22 07:08:54,154] A new study created in RDB with name: exotic_ts_jepa_pareto
Device: cuda:0
Model:  ts_jepa
Data:   dataset_augmented3.csv
Seed:   42

============================================================
HPO: ts_jepa — 30 trials
  Train: 28671 samples, Val: 7168 samples
============================================================
  0%|          | 0/30 [00:00<?, ?it/s]wandb: [wandb.login()] Loaded credentials for https://api.wandb.ai from WANDB_API_KEY.
wandb: Currently logged in as: andreribeiro87 (andreribeiro87-universidade-de-aveiro) to https://api.wandb.ai. Use `wandb login --relogin` to force relogin
wandb: WARNING Using a boolean value for 'reinit' is deprecated. Use 'return_previous' or 'finish_previous' instead.
wandb: setting up run v77tc2rf
wandb: Tracking run with wandb version 0.26.0
wandb: Run data is saved locally in /slurm_shared/home/andrepedroribeiro@av.it.pt/inMotion/wandb/run-20260822_070856-v77tc2rf
wandb: Run `wandb offline` to turn off syncing.
wandb: Syncing run hpo_ts_jepa_trial000
wandb: ⭐️ View project at https://wandb.ai/andreribeiro87-universidade-de-aveiro/inMotion-exotic-hpo
wandb: 🚀 View run at https://wandb.ai/andreribeiro87-universidade-de-aveiro/inMotion-exotic-hpo/runs/v77tc2rf
wandb: updating run metadata
wandb: uploading config.yaml
wandb: 
wandb: Run history:
wandb:   ft/stage1_epoch ▁▂▃▃▄▅▆▆▇█
wandb: ft/stage1_val_mcc ▁▃▄▆▆▆▇▇▇█
wandb:   ft/stage2_epoch ▁▂▃▃▄▅▆▆▇█
wandb: ft/stage2_val_mcc ▁▂▂▄▅▆▆▇▇█
wandb:      pretrain/ema ▁▁▁▁▁▁▁▁▂▂▂▂▂▂▃▃▃▄▄▄▄▅▅▅▅▆▆▆▆▇▇▇▇▇▇█████
wandb:    pretrain/epoch ▁▁▁▁▂▂▂▂▂▂▃▃▃▃▃▄▄▄▄▄▅▅▅▅▅▆▆▆▆▆▆▇▇▇▇▇▇███
wandb:     pretrain/loss █▄▃▂▂▂▁▁▁▁▁▁▁▁▁▁▁▁▁▁▁▁▁▁▁▁▂▂▂▂▂▂▁▁▁▁▁▁▁▁
wandb:  trial_efficiency ▁
wandb:         trial_mcc ▁
wandb:    trial_n_params ▁
wandb:                +1 ...
wandb: 
wandb: Run summary:
wandb:   ft/stage1_epoch 9
wandb: ft/stage1_val_mcc 0.6465
wandb:   ft/stage2_epoch 9
wandb: ft/stage2_val_mcc 0.67225
wandb:      pretrain/ema 0.999
wandb:    pretrain/epoch 49
wandb:     pretrain/loss 0.70558
wandb:  trial_efficiency 586.38849
wandb:         trial_mcc 0.67225
wandb:    trial_n_params 1146432
wandb:                +1 ...
wandb: 
wandb: 🚀 View run hpo_ts_jepa_trial000 at: https://wandb.ai/andreribeiro87-universidade-de-aveiro/inMotion-exotic-hpo/runs/v77tc2rf
wandb: ⭐️ View project at: https://wandb.ai/andreribeiro87-universidade-de-aveiro/inMotion-exotic-hpo
wandb: Synced 4 W&B file(s), 0 media file(s), 0 artifact file(s) and 0 other file(s)
wandb: Find logs at: ./wandb/run-20260822_070856-v77tc2rf/logs
                                        0%|          | 0/30 [23:08<?, ?it/s]  3%|▎         | 1/30 [23:08<11:11:17, 1388.89s/it]wandb: setting up run yj0caw9l
wandb: Tracking run with wandb version 0.26.0
wandb: Run data is saved locally in /slurm_shared/home/andrepedroribeiro@av.it.pt/inMotion/wandb/run-20260822_073204-yj0caw9l
wandb: Run `wandb offline` to turn off syncing.
wandb: Syncing run hpo_ts_jepa_trial001
wandb: ⭐️ View project at https://wandb.ai/andreribeiro87-universidade-de-aveiro/inMotion-exotic-hpo
wandb: 🚀 View run at https://wandb.ai/andreribeiro87-universidade-de-aveiro/inMotion-exotic-hpo/runs/yj0caw9l
wandb: updating run metadata
wandb: uploading history steps 63-70, summary
wandb: 
wandb: Run history:
wandb:   ft/stage1_epoch ▁▂▃▃▄▅▆▆▇█
wandb: ft/stage1_val_mcc ▁▃▄▅▆▆▇▇██
wandb:   ft/stage2_epoch ▁▂▃▃▄▅▆▆▇█
wandb: ft/stage2_val_mcc ▁▂▃▄▅▆▆▇██
wandb:      pretrain/ema ▁▁▁▁▁▁▁▁▂▂▂▂▂▂▃▃▃▄▄▄▄▅▅▅▅▆▆▆▆▇▇▇▇███████
wandb:    pretrain/epoch ▁▁▁▁▂▂▂▂▂▂▃▃▃▃▄▄▄▄▄▄▅▅▅▅▅▆▆▆▆▆▆▇▇▇▇▇▇███
wandb:     pretrain/loss █▅▄▃▃▂▂▂▂▂▁▁▁▁▁▁▁▁▁▁▁▁▁▁▁▁▂▁▁▁▁▁▁▁▁▁▁▁▁▁
wandb:  trial_efficiency ▁
wandb:         trial_mcc ▁
wandb:    trial_n_params ▁
wandb:                +1 ...
wandb: 
wandb: Run summary:
wandb:   ft/stage1_epoch 9
wandb: ft/stage1_val_mcc 0.69779
wandb:   ft/stage2_epoch 9
wandb: ft/stage2_val_mcc 0.77999
wandb:      pretrain/ema 0.999
wandb:    pretrain/epoch 49
wandb:     pretrain/loss 0.7517
wandb:  trial_efficiency 740.18565
wandb:         trial_mcc 0.78021
wandb:    trial_n_params 1054080
wandb:                +1 ...
wandb: 
wandb: 🚀 View run hpo_ts_jepa_trial001 at: https://wandb.ai/andreribeiro87-universidade-de-aveiro/inMotion-exotic-hpo/runs/yj0caw9l
wandb: ⭐️ View project at: https://wandb.ai/andreribeiro87-universidade-de-aveiro/inMotion-exotic-hpo
wandb: Synced 4 W&B file(s), 0 media file(s), 0 artifact file(s) and 0 other file(s)
wandb: Find logs at: ./wandb/run-20260822_073204-yj0caw9l/logs
                                                     3%|▎         | 1/30 [45:55<11:11:17, 1388.89s/it]  7%|▋         | 2/30 [45:55<10:42:04, 1375.87s/it]wandb: setting up run 5v2vcgt9
wandb: Tracking run with wandb version 0.26.0
wandb: Run data is saved locally in /slurm_shared/home/andrepedroribeiro@av.it.pt/inMotion/wandb/run-20260822_075451-5v2vcgt9
wandb: Run `wandb offline` to turn off syncing.
wandb: Syncing run hpo_ts_jepa_trial002
wandb: ⭐️ View project at https://wandb.ai/andreribeiro87-universidade-de-aveiro/inMotion-exotic-hpo
wandb: 🚀 View run at https://wandb.ai/andreribeiro87-universidade-de-aveiro/inMotion-exotic-hpo/runs/5v2vcgt9
wandb: updating run metadata
wandb: uploading history steps 56-70, summary
wandb: uploading wandb-summary.json
wandb: uploading data
wandb: 
wandb: Run history:
wandb:   ft/stage1_epoch ▁▂▃▃▄▅▆▆▇█
wandb: ft/stage1_val_mcc ▁▃▄▅▆▆▇▇██
wandb:   ft/stage2_epoch ▁▂▃▃▄▅▆▆▇█
wandb: ft/stage2_val_mcc ▁▂▃▄▅▅▆▆▇█
wandb:      pretrain/ema ▁▁▁▁▁▁▁▂▂▂▂▂▂▃▃▄▄▄▄▄▅▅▅▅▆▆▆▇▇▇▇▇▇███████
wandb:    pretrain/epoch ▁▁▁▁▂▂▂▂▂▂▃▃▃▃▃▄▄▄▄▄▅▅▅▅▅▆▆▆▆▆▆▇▇▇▇▇▇███
wandb:     pretrain/loss █▃▃▃▂▂▂▂▂▂▁▁▁▁▁▁▁▁▁▁▁▁▁▁▁▁▄▃▃▃▃▂▂▂▂▂▂▂▂▂
wandb:  trial_efficiency ▁
wandb:         trial_mcc ▁
wandb:    trial_n_params ▁
wandb:                +1 ...
wandb: 
wandb: Run summary:
wandb:   ft/stage1_epoch 9
wandb: ft/stage1_val_mcc 0.69492
wandb:   ft/stage2_epoch 9
wandb: ft/stage2_val_mcc 0.74656
wandb:      pretrain/ema 0.999
wandb:    pretrain/epoch 49
wandb:     pretrain/loss 0.69269
wandb:  trial_efficiency 772.81934
wandb:         trial_mcc 0.74656
wandb:    trial_n_params 966016
wandb:                +1 ...
wandb: 
wandb: 🚀 View run hpo_ts_jepa_trial002 at: https://wandb.ai/andreribeiro87-universidade-de-aveiro/inMotion-exotic-hpo/runs/5v2vcgt9
wandb: ⭐️ View project at: https://wandb.ai/andreribeiro87-universidade-de-aveiro/inMotion-exotic-hpo
wandb: Synced 4 W&B file(s), 0 media file(s), 0 artifact file(s) and 0 other file(s)
wandb: Find logs at: ./wandb/run-20260822_075451-5v2vcgt9/logs
                                                     7%|▋         | 2/30 [1:08:20<10:42:04, 1375.87s/it] 10%|█         | 3/30 [1:08:20<10:12:40, 1361.51s/it]wandb: setting up run 9fy34t08
wandb: Tracking run with wandb version 0.26.0
wandb: Run data is saved locally in /slurm_shared/home/andrepedroribeiro@av.it.pt/inMotion/wandb/run-20260822_081715-9fy34t08
wandb: Run `wandb offline` to turn off syncing.
wandb: Syncing run hpo_ts_jepa_trial003
wandb: ⭐️ View project at https://wandb.ai/andreribeiro87-universidade-de-aveiro/inMotion-exotic-hpo
wandb: 🚀 View run at https://wandb.ai/andreribeiro87-universidade-de-aveiro/inMotion-exotic-hpo/runs/9fy34t08
wandb: updating run metadata
wandb: uploading history steps 67-70, summary
wandb: 
wandb: Run history:
wandb:   ft/stage1_epoch ▁▂▃▃▄▅▆▆▇█
wandb: ft/stage1_val_mcc ▁▂▄▄▆▆▇▆██
wandb:   ft/stage2_epoch ▁▂▃▃▄▅▆▆▇█
wandb: ft/stage2_val_mcc ▁▂▄▅▆▆▇███
wandb:      pretrain/ema ▁▁▁▁▁▁▁▂▂▂▂▂▃▃▃▄▄▄▄▄▅▅▅▅▆▆▆▇▇▇▇▇▇███████
wandb:    pretrain/epoch ▁▁▁▁▂▂▂▂▂▃▃▃▃▃▃▄▄▄▄▄▅▅▅▅▅▅▆▆▆▆▆▇▇▇▇▇▇███
wandb:     pretrain/loss █▄▃▃▂▂▂▂▂▁▁▁▁▁▁▁▁▁▁▁▁▁▁▁▁▁▃▂▂▂▂▂▂▂▂▂▂▂▂▂
wandb:  trial_efficiency ▁
wandb:         trial_mcc ▁
wandb:    trial_n_params ▁
wandb:                +1 ...
wandb: 
wandb: Run summary:
wandb:   ft/stage1_epoch 9
wandb: ft/stage1_val_mcc 0.77512
wandb:   ft/stage2_epoch 9
wandb: ft/stage2_val_mcc 0.80249
wandb:      pretrain/ema 0.999
wandb:    pretrain/epoch 49
wandb:     pretrain/loss 0.66418
wandb:  trial_efficiency 177.16302
wandb:         trial_mcc 0.80727
wandb:    trial_n_params 4556672
wandb:                +1 ...
wandb: 
wandb: 🚀 View run hpo_ts_jepa_trial003 at: https://wandb.ai/andreribeiro87-universidade-de-aveiro/inMotion-exotic-hpo/runs/9fy34t08
wandb: ⭐️ View project at: https://wandb.ai/andreribeiro87-universidade-de-aveiro/inMotion-exotic-hpo
wandb: Synced 4 W&B file(s), 0 media file(s), 0 artifact file(s) and 0 other file(s)
wandb: Find logs at: ./wandb/run-20260822_081715-9fy34t08/logs
                                                      10%|█         | 3/30 [1:32:52<10:12:40, 1361.51s/it] 13%|█▎        | 4/30 [1:32:52<10:08:53, 1405.12s/it]wandb: setting up run gumcon65
wandb: Tracking run with wandb version 0.26.0
wandb: Run data is saved locally in /slurm_shared/home/andrepedroribeiro@av.it.pt/inMotion/wandb/run-20260822_084147-gumcon65
wandb: Run `wandb offline` to turn off syncing.
wandb: Syncing run hpo_ts_jepa_trial004
wandb: ⭐️ View project at https://wandb.ai/andreribeiro87-universidade-de-aveiro/inMotion-exotic-hpo
wandb: 🚀 View run at https://wandb.ai/andreribeiro87-universidade-de-aveiro/inMotion-exotic-hpo/runs/gumcon65
wandb: updating run metadata
wandb: uploading config.yaml; uploading wandb-summary.json
wandb: 
wandb: Run history:
wandb:   ft/stage1_epoch ▁▂▃▃▄▅▆▆▇█
wandb: ft/stage1_val_mcc ▁▃▄▅▅▆▆▇▇█
wandb:   ft/stage2_epoch ▁▂▃▃▄▅▆▆▇█
wandb: ft/stage2_val_mcc ▁▂▃▄▄▆▇▇██
wandb:      pretrain/ema ▁▁▁▁▁▁▁▂▂▂▂▂▃▃▃▄▄▄▄▄▅▅▅▅▆▆▆▇▇▇▇▇▇███████
wandb:    pretrain/epoch ▁▁▁▂▂▂▂▂▂▃▃▃▃▃▃▄▄▄▄▄▅▅▅▅▅▅▆▆▆▆▆▆▇▇▇▇▇███
wandb:     pretrain/loss █▄▃▃▃▂▂▂▂▂▂▂▁▁▁▁▁▁▁▁▁▁▁▁▁▁▂▁▁▁▁▁▁▁▁▁▁▁▁▁
wandb:  trial_efficiency ▁
wandb:         trial_mcc ▁
wandb:    trial_n_params ▁
wandb:                +1 ...
wandb: 
wandb: Run summary:
wandb:   ft/stage1_epoch 9
wandb: ft/stage1_val_mcc 0.66763
wandb:   ft/stage2_epoch 9
wandb: ft/stage2_val_mcc 0.80237
wandb:      pretrain/ema 0.999
wandb:    pretrain/epoch 49
wandb:     pretrain/loss 0.70885
wandb:  trial_efficiency 379.59826
wandb:         trial_mcc 0.80237
wandb:    trial_n_params 2113728
wandb:                +1 ...
wandb: 
wandb: 🚀 View run hpo_ts_jepa_trial004 at: https://wandb.ai/andreribeiro87-universidade-de-aveiro/inMotion-exotic-hpo/runs/gumcon65
wandb: ⭐️ View project at: https://wandb.ai/andreribeiro87-universidade-de-aveiro/inMotion-exotic-hpo
wandb: Synced 4 W&B file(s), 0 media file(s), 0 artifact file(s) and 0 other file(s)
wandb: Find logs at: ./wandb/run-20260822_084147-gumcon65/logs
                                                      13%|█▎        | 4/30 [1:57:42<10:08:53, 1405.12s/it] 17%|█▋        | 5/30 [1:57:42<9:58:20, 1436.01s/it] wandb: setting up run zix38q13
wandb: Tracking run with wandb version 0.26.0
wandb: Run data is saved locally in /slurm_shared/home/andrepedroribeiro@av.it.pt/inMotion/wandb/run-20260822_090638-zix38q13
wandb: Run `wandb offline` to turn off syncing.
wandb: Syncing run hpo_ts_jepa_trial005
wandb: ⭐️ View project at https://wandb.ai/andreribeiro87-universidade-de-aveiro/inMotion-exotic-hpo
wandb: 🚀 View run at https://wandb.ai/andreribeiro87-universidade-de-aveiro/inMotion-exotic-hpo/runs/zix38q13
wandb: updating run metadata
wandb: uploading history steps 69-70, summary
wandb: 
wandb: Run history:
wandb:   ft/stage1_epoch ▁▂▃▃▄▅▆▆▇█
wandb: ft/stage1_val_mcc ▁▂▃▅▅▆▇▇▇█
wandb:   ft/stage2_epoch ▁▂▃▃▄▅▆▆▇█
wandb: ft/stage2_val_mcc ▁▂▃▅▇▇▇█▇█
wandb:      pretrain/ema ▁▁▁▁▁▁▂▂▂▂▂▂▃▃▃▄▄▄▄▄▅▅▅▅▆▆▆▇▇▇▇▇▇███████
wandb:    pretrain/epoch ▁▁▁▂▂▂▂▂▂▃▃▃▃▃▃▄▄▄▄▄▅▅▅▅▅▅▆▆▆▆▆▆▇▇▇▇▇███
wandb:     pretrain/loss █▄▃▃▃▃▂▂▂▂▂▂▂▂▂▂▂▂▁▁▁▁▁▁▁▁▄▄▄▃▃▃▃▃▃▃▃▃▃▃
wandb:  trial_efficiency ▁
wandb:         trial_mcc ▁
wandb:    trial_n_params ▁
wandb:                +1 ...
wandb: 
wandb: Run summary:
wandb:   ft/stage1_epoch 9
wandb: ft/stage1_val_mcc 0.75982
wandb:   ft/stage2_epoch 9
wandb: ft/stage2_val_mcc 0.84917
wandb:      pretrain/ema 0.999
wandb:    pretrain/epoch 49
wandb:     pretrain/loss 0.61633
wandb:  trial_efficiency 533.9798
wandb:         trial_mcc 0.84917
wandb:    trial_n_params 1590272
wandb:                +1 ...
wandb: 
wandb: 🚀 View run hpo_ts_jepa_trial005 at: https://wandb.ai/andreribeiro87-universidade-de-aveiro/inMotion-exotic-hpo/runs/zix38q13
wandb: ⭐️ View project at: https://wandb.ai/andreribeiro87-universidade-de-aveiro/inMotion-exotic-hpo
wandb: Synced 4 W&B file(s), 0 media file(s), 0 artifact file(s) and 0 other file(s)
wandb: Find logs at: ./wandb/run-20260822_090638-zix38q13/logs
                                                     17%|█▋        | 5/30 [2:21:23<9:58:20, 1436.01s/it] 20%|██        | 6/30 [2:21:23<9:32:19, 1430.82s/it]wandb: setting up run 2ibgufxn
wandb: Tracking run with wandb version 0.26.0
wandb: Run data is saved locally in /slurm_shared/home/andrepedroribeiro@av.it.pt/inMotion/wandb/run-20260822_093019-2ibgufxn
wandb: Run `wandb offline` to turn off syncing.
wandb: Syncing run hpo_ts_jepa_trial006
wandb: ⭐️ View project at https://wandb.ai/andreribeiro87-universidade-de-aveiro/inMotion-exotic-hpo
wandb: 🚀 View run at https://wandb.ai/andreribeiro87-universidade-de-aveiro/inMotion-exotic-hpo/runs/2ibgufxn
wandb: updating run metadata
wandb: uploading wandb-summary.json; uploading config.yaml; uploading history steps 63-70, summary
wandb: 
wandb: Run history:
wandb:   ft/stage1_epoch ▁▂▃▃▄▅▆▆▇█
wandb: ft/stage1_val_mcc ▁▃▅▆▆▇▇▇██
wandb:   ft/stage2_epoch ▁▂▃▃▄▅▆▆▇█
wandb: ft/stage2_val_mcc ▁▂▃▃▄▄▆▇▇█
wandb:      pretrain/ema ▁▁▁▁▁▁▁▁▂▂▂▂▂▂▃▃▄▄▄▄▅▅▅▅▅▆▆▇▇▇▇▇▇███████
wandb:    pretrain/epoch ▁▁▁▁▂▂▂▂▂▂▃▃▃▃▃▄▄▄▄▄▅▅▅▅▅▆▆▆▆▆▆▇▇▇▇▇▇███
wandb:     pretrain/loss █▄▄▃▂▂▂▂▂▂▁▁▁▁▁▁▁▁▁▁▁▁▁▁▁▁▂▂▂▁▁▁▁▁▁▁▁▁▁▁
wandb:  trial_efficiency ▁
wandb:         trial_mcc ▁
wandb:    trial_n_params ▁
wandb:                +1 ...
wandb: 
wandb: Run summary:
wandb:   ft/stage1_epoch 9
wandb: ft/stage1_val_mcc 0.65351
wandb:   ft/stage2_epoch 9
wandb: ft/stage2_val_mcc 0.78509
wandb:      pretrain/ema 0.999
wandb:    pretrain/epoch 49
wandb:     pretrain/loss 0.67268
wandb:  trial_efficiency 439.1762
wandb:         trial_mcc 0.78509
wandb:    trial_n_params 1787648
wandb:                +1 ...
wandb: 
wandb: 🚀 View run hpo_ts_jepa_trial006 at: https://wandb.ai/andreribeiro87-universidade-de-aveiro/inMotion-exotic-hpo/runs/2ibgufxn
wandb: ⭐️ View project at: https://wandb.ai/andreribeiro87-universidade-de-aveiro/inMotion-exotic-hpo
wandb: Synced 4 W&B file(s), 0 media file(s), 0 artifact file(s) and 0 other file(s)
wandb: Find logs at: ./wandb/run-20260822_093019-2ibgufxn/logs
                                                     20%|██        | 6/30 [2:45:02<9:32:19, 1430.82s/it] 23%|██▎       | 7/30 [2:45:02<9:06:56, 1426.80s/it]wandb: setting up run ol4o7rvm
wandb: Tracking run with wandb version 0.26.0
wandb: Run data is saved locally in /slurm_shared/home/andrepedroribeiro@av.it.pt/inMotion/wandb/run-20260822_095357-ol4o7rvm
wandb: Run `wandb offline` to turn off syncing.
wandb: Syncing run hpo_ts_jepa_trial007
wandb: ⭐️ View project at https://wandb.ai/andreribeiro87-universidade-de-aveiro/inMotion-exotic-hpo
wandb: 🚀 View run at https://wandb.ai/andreribeiro87-universidade-de-aveiro/inMotion-exotic-hpo/runs/ol4o7rvm
wandb: updating run metadata
wandb: uploading history steps 65-70, summary
wandb: 
wandb: Run history:
wandb:   ft/stage1_epoch ▁▂▃▃▄▅▆▆▇█
wandb: ft/stage1_val_mcc ▁▃▂▄▆▆▆▇██
wandb:   ft/stage2_epoch ▁▂▃▃▄▅▆▆▇█
wandb: ft/stage2_val_mcc ▁▂▃▄▅▆▆▇██
wandb:      pretrain/ema ▁▁▁▁▁▁▁▁▂▂▂▂▂▂▃▃▃▄▄▄▅▅▅▅▆▆▆▇▇▇▇▇▇███████
wandb:    pretrain/epoch ▁▁▁▁▂▂▂▂▂▂▃▃▃▃▃▄▄▄▄▄▅▅▅▅▅▅▆▆▆▆▆▇▇▇▇▇▇███
wandb:     pretrain/loss █▂▂▁▁▁▁▁▁▁▁▁▁▁▁▁▁▁▁▁▁▁▁▁▁▁▁▂▂▂▂▁▁▁▁▁▁▁▁▁
wandb:  trial_efficiency ▁
wandb:         trial_mcc ▁
wandb:    trial_n_params ▁
wandb:                +1 ...
wandb: 
wandb: Run summary:
wandb:   ft/stage1_epoch 9
wandb: ft/stage1_val_mcc 0.72492
wandb:   ft/stage2_epoch 9
wandb: ft/stage2_val_mcc 0.78702
wandb:      pretrain/ema 0.999
wandb:    pretrain/epoch 49
wandb:     pretrain/loss 0.75048
wandb:  trial_efficiency 2463.39445
wandb:         trial_mcc 0.78702
wandb:    trial_n_params 319488
wandb:                +1 ...
wandb: 
wandb: 🚀 View run hpo_ts_jepa_trial007 at: https://wandb.ai/andreribeiro87-universidade-de-aveiro/inMotion-exotic-hpo/runs/ol4o7rvm
wandb: ⭐️ View project at: https://wandb.ai/andreribeiro87-universidade-de-aveiro/inMotion-exotic-hpo
wandb: Synced 4 W&B file(s), 0 media file(s), 0 artifact file(s) and 0 other file(s)
wandb: Find logs at: ./wandb/run-20260822_095357-ol4o7rvm/logs
                                                     23%|██▎       | 7/30 [3:07:31<9:06:56, 1426.80s/it] 27%|██▋       | 8/30 [3:07:31<8:34:08, 1402.20s/it]wandb: setting up run 4y7hkqf2
wandb: Tracking run with wandb version 0.26.0
wandb: Run data is saved locally in /slurm_shared/home/andrepedroribeiro@av.it.pt/inMotion/wandb/run-20260822_101627-4y7hkqf2
wandb: Run `wandb offline` to turn off syncing.
wandb: Syncing run hpo_ts_jepa_trial008
wandb: ⭐️ View project at https://wandb.ai/andreribeiro87-universidade-de-aveiro/inMotion-exotic-hpo
wandb: 🚀 View run at https://wandb.ai/andreribeiro87-universidade-de-aveiro/inMotion-exotic-hpo/runs/4y7hkqf2
wandb: updating run metadata
wandb: uploading config.yaml
wandb: uploading history steps 68-70, summary
wandb: 
wandb: Run history:
wandb:   ft/stage1_epoch ▁▂▃▃▄▅▆▆▇█
wandb: ft/stage1_val_mcc ▁▂▃▄▅▆▇▇██
wandb:   ft/stage2_epoch ▁▂▃▃▄▅▆▆▇█
wandb: ft/stage2_val_mcc ▁▁▄▄▅▅▆▇▇█
wandb:      pretrain/ema ▁▁▁▁▁▁▁▂▂▂▂▂▃▃▃▄▄▄▄▄▅▅▅▅▆▆▆▇▇▇▇▇▇███████
wandb:    pretrain/epoch ▁▁▁▁▂▂▂▂▂▂▃▃▃▃▃▄▄▄▄▄▄▅▅▅▅▅▅▆▆▆▆▆▇▇▇▇▇███
wandb:     pretrain/loss █▄▃▂▂▂▂▁▁▁▁▁▁▁▁▁▁▁▁▁▁▁▁▁▁▁▁▂▂▂▂▂▂▁▁▁▁▁▁▁
wandb:  trial_efficiency ▁
wandb:         trial_mcc ▁
wandb:    trial_n_params ▁
wandb:                +1 ...
wandb: 
wandb: Run summary:
wandb:   ft/stage1_epoch 9
wandb: ft/stage1_val_mcc 0.71728
wandb:   ft/stage2_epoch 9
wandb: ft/stage2_val_mcc 0.82411
wandb:      pretrain/ema 0.999
wandb:    pretrain/epoch 49
wandb:     pretrain/loss 0.67084
wandb:  trial_efficiency 612.21619
wandb:         trial_mcc 0.82411
wandb:    trial_n_params 1346112
wandb:                +1 ...
wandb: 
wandb: 🚀 View run hpo_ts_jepa_trial008 at: https://wandb.ai/andreribeiro87-universidade-de-aveiro/inMotion-exotic-hpo/runs/4y7hkqf2
wandb: ⭐️ View project at: https://wandb.ai/andreribeiro87-universidade-de-aveiro/inMotion-exotic-hpo
wandb: Synced 4 W&B file(s), 0 media file(s), 0 artifact file(s) and 0 other file(s)
wandb: Find logs at: ./wandb/run-20260822_101627-4y7hkqf2/logs
                                                     27%|██▋       | 8/30 [3:31:14<8:34:08, 1402.20s/it] 30%|███       | 9/30 [3:31:14<8:12:58, 1408.52s/it]wandb: setting up run 2nwhu7cj
wandb: Tracking run with wandb version 0.26.0
wandb: Run data is saved locally in /slurm_shared/home/andrepedroribeiro@av.it.pt/inMotion/wandb/run-20260822_104009-2nwhu7cj
wandb: Run `wandb offline` to turn off syncing.
wandb: Syncing run hpo_ts_jepa_trial009
wandb: ⭐️ View project at https://wandb.ai/andreribeiro87-universidade-de-aveiro/inMotion-exotic-hpo
wandb: 🚀 View run at https://wandb.ai/andreribeiro87-universidade-de-aveiro/inMotion-exotic-hpo/runs/2nwhu7cj
wandb: updating run metadata
wandb: uploading wandb-summary.json; uploading config.yaml
wandb: 
wandb: Run history:
wandb:   ft/stage1_epoch ▁▂▃▃▄▅▆▆▇█
wandb: ft/stage1_val_mcc ▁▄▅▅▆▇▇███
wandb:   ft/stage2_epoch ▁▂▃▃▄▅▆▆▇█
wandb: ft/stage2_val_mcc ▁▃▃▄▅▆▇▇██
wandb:      pretrain/ema ▁▁▁▁▁▁▁▁▂▂▂▂▂▂▃▃▃▄▄▄▄▅▅▅▅▆▆▆▆▇▇▇▇▇██████
wandb:    pretrain/epoch ▁▁▁▁▂▂▂▂▂▂▃▃▃▃▄▄▄▄▄▄▅▅▅▅▅▆▆▆▆▆▆▇▇▇▇▇▇███
wandb:     pretrain/loss █▃▂▂▂▂▂▂▂▂▂▂▂▂▂▂▂▁▁▁▁▁▁▁▁▁▅▄▄▄▃▃▃▃▃▃▃▃▃▃
wandb:  trial_efficiency ▁
wandb:         trial_mcc ▁
wandb:    trial_n_params ▁
wandb:                +1 ...
wandb: 
wandb: Run summary:
wandb:   ft/stage1_epoch 9
wandb: ft/stage1_val_mcc 0.65534
wandb:   ft/stage2_epoch 9
wandb: ft/stage2_val_mcc 0.7088
wandb:      pretrain/ema 0.999
wandb:    pretrain/epoch 49
wandb:     pretrain/loss 0.68843
wandb:  trial_efficiency 387.6061
wandb:         trial_mcc 0.7088
wandb:    trial_n_params 1828672
wandb:                +1 ...
wandb: 
wandb: 🚀 View run hpo_ts_jepa_trial009 at: https://wandb.ai/andreribeiro87-universidade-de-aveiro/inMotion-exotic-hpo/runs/2nwhu7cj
wandb: ⭐️ View project at: https://wandb.ai/andreribeiro87-universidade-de-aveiro/inMotion-exotic-hpo
wandb: Synced 4 W&B file(s), 0 media file(s), 0 artifact file(s) and 0 other file(s)
wandb: Find logs at: ./wandb/run-20260822_104009-2nwhu7cj/logs
                                                     30%|███       | 9/30 [3:54:58<8:12:58, 1408.52s/it] 33%|███▎      | 10/30 [3:54:58<7:51:08, 1413.43s/it]wandb: setting up run zw1tt8e0
wandb: Tracking run with wandb version 0.26.0
wandb: Run data is saved locally in /slurm_shared/home/andrepedroribeiro@av.it.pt/inMotion/wandb/run-20260822_110354-zw1tt8e0
wandb: Run `wandb offline` to turn off syncing.
wandb: Syncing run hpo_ts_jepa_trial010
wandb: ⭐️ View project at https://wandb.ai/andreribeiro87-universidade-de-aveiro/inMotion-exotic-hpo
wandb: 🚀 View run at https://wandb.ai/andreribeiro87-universidade-de-aveiro/inMotion-exotic-hpo/runs/zw1tt8e0
wandb: updating run metadata
wandb: uploading history steps 66-70, summary
wandb: 
wandb: Run history:
wandb:   ft/stage1_epoch ▁▂▃▃▄▅▆▆▇█
wandb: ft/stage1_val_mcc ▁▃▄▄▅▆▆▇▇█
wandb:   ft/stage2_epoch ▁▂▃▃▄▅▆▆▇█
wandb: ft/stage2_val_mcc ▁▃▅▆▆▇▇███
wandb:      pretrain/ema ▁▁▁▁▁▁▁▁▂▂▂▂▂▃▃▃▄▄▄▄▅▅▅▅▅▆▆▆▇▇▇▇▇███████
wandb:    pretrain/epoch ▁▁▁▁▂▂▂▂▂▂▃▃▃▃▃▄▄▄▄▄▅▅▅▅▅▆▆▆▆▆▆▇▇▇▇▇▇███
wandb:     pretrain/loss █▄▃▂▂▂▂▂▂▁▁▁▁▁▁▁▁▁▁▁▁▁▁▁▁▁▂▂▂▂▂▂▂▁▁▁▁▁▁▁
wandb:  trial_efficiency ▁
wandb:         trial_mcc ▁
wandb:    trial_n_params ▁
wandb:                +1 ...
wandb: 
wandb: Run summary:
wandb:   ft/stage1_epoch 9
wandb: ft/stage1_val_mcc 0.76665
wandb:   ft/stage2_epoch 9
wandb: ft/stage2_val_mcc 0.8367
wandb:      pretrain/ema 0.999
wandb:    pretrain/epoch 49
wandb:     pretrain/loss 0.68256
wandb:  trial_efficiency 249.81121
wandb:         trial_mcc 0.8367
