                                                     [I 2026-08-22 07:32:03,036] Trial 0 finished with values: [0.6722545336678779, 1146432.0] and parameters: {'d_model': 192, 'nhead': 4, 'num_layers': 1, 'dim_ff': 512, 'pred_dim': 128, 'pred_layers': 3, 'pretrain_lr': 2.6587543983272695e-05, 'finetune_lr': 0.0002310201887845295, 'ema_start': 0.9916506405886809}.
  [Trial 000] MCC=0.6723 params=1.15M
[I 2026-08-22 07:54:49,786] Trial 1 finished with values: [0.7802148918920935, 1054080.0] and parameters: {'d_model': 192, 'nhead': 8, 'num_layers': 1, 'dim_ff': 768, 'pred_dim': 64, 'pred_layers': 2, 'pretrain_lr': 1.2385137298860926e-05, 'finetune_lr': 0.0016409286730647919, 'ema_start': 0.9915347171131856}.
  [Trial 001] MCC=0.7802 params=1.05M
[I 2026-08-22 08:17:14,216] Trial 2 finished with values: [0.746555851400782, 966016.0] and parameters: {'d_model': 256, 'nhead': 4, 'num_layers': 1, 'dim_ff': 256, 'pred_dim': 128, 'pred_layers': 1, 'pretrain_lr': 0.00021137059440645722, 'finetune_lr': 0.0004201672054372534, 'ema_start': 0.9946806121906003}.
  [Trial 002] MCC=0.7466 params=0.97M
[I 2026-08-22 08:41:46,199] Trial 3 finished with values: [0.8072737648851203, 4556672.0] and parameters: {'d_model': 256, 'nhead': 8, 'num_layers': 4, 'dim_ff': 512, 'pred_dim': 128, 'pred_layers': 2, 'pretrain_lr': 3.488976654890367e-05, 'finetune_lr': 0.004544383960336014, 'ema_start': 0.9932107799402423}.
  [Trial 003] MCC=0.8073 params=4.56M
[I 2026-08-22 09:06:36,979] Trial 4 finished with values: [0.8023674716436243, 2113728.0] and parameters: {'d_model': 192, 'nhead': 4, 'num_layers': 4, 'dim_ff': 256, 'pred_dim': 64, 'pred_layers': 3, 'pretrain_lr': 1.4063366777718176e-05, 'finetune_lr': 0.0005211124595788264, 'ema_start': 0.9910428215357262}.
  [Trial 004] MCC=0.8024 params=2.11M
[I 2026-08-22 09:30:17,722] Trial 5 finished with values: [0.8491731312577502, 1590272.0] and parameters: {'d_model': 128, 'nhead': 8, 'num_layers': 2, 'dim_ff': 768, 'pred_dim': 128, 'pred_layers': 3, 'pretrain_lr': 0.0001326033192269654, 'finetune_lr': 0.003482846706526885, 'ema_start': 0.9944441603672796}.
  [Trial 005] MCC=0.8492 params=1.59M
[I 2026-08-22 09:53:56,246] Trial 6 finished with values: [0.7850924466891454, 1787648.0] and parameters: {'d_model': 128, 'nhead': 4, 'num_layers': 3, 'dim_ff': 768, 'pred_dim': 128, 'pred_layers': 1, 'pretrain_lr': 1.425475704402744e-05, 'finetune_lr': 0.0003797544798678418, 'ema_start': 0.991450991585286}.
  [Trial 006] MCC=0.7851 params=1.79M
[I 2026-08-22 10:16:25,762] Trial 7 finished with values: [0.7870249663298046, 319488.0] and parameters: {'d_model': 128, 'nhead': 4, 'num_layers': 1, 'dim_ff': 256, 'pred_dim': 64, 'pred_layers': 1, 'pretrain_lr': 7.148510793512978e-05, 'finetune_lr': 0.00432543242796456, 'ema_start': 0.9977465752493071}.
  [Trial 007] MCC=0.7870 params=0.32M
[I 2026-08-22 10:40:08,194] Trial 8 finished with values: [0.8241115575302114, 1346112.0] and parameters: {'d_model': 192, 'nhead': 4, 'num_layers': 2, 'dim_ff': 256, 'pred_dim': 128, 'pred_layers': 3, 'pretrain_lr': 3.188339735100187e-05, 'finetune_lr': 0.0009874088417386245, 'ema_start': 0.9927079047883509}.
  [Trial 008] MCC=0.8241 params=1.35M
[I 2026-08-22 11:03:52,610] Trial 9 finished with values: [0.7088044288416673, 1828672.0] and parameters: {'d_model': 256, 'nhead': 4, 'num_layers': 2, 'dim_ff': 256, 'pred_dim': 96, 'pred_layers': 3, 'pretrain_lr': 0.00033361013094697806, 'finetune_lr': 0.00029872741995638395, 'ema_start': 0.9965539471375068}.
  [Trial 009] MCC=0.7088 params=1.83M
[I 2026-08-22 11:28:28,278] Trial 10 finished with values: [0.8367036806889954, 3349344.0] and parameters: {'d_model': 256, 'nhead': 4, 'num_layers': 4, 'dim_ff': 256, 'pred_dim': 96, 'pred_layers': 2, 'pretrain_lr': 2.8378638146176247e-05, 'finetune_lr': 0.0019513967655934471, 'ema_start': 0.9915692978610449}.
  [Trial 010] MCC=0.8367 params=3.35M
[I 2026-08-22 11:51:20,099] Trial 11 finished with values: [0.6788114938636222, 974688.0] and parameters: {'d_model': 256, 'nhead': 8, 'num_layers': 1, 'dim_ff': 256, 'pred_dim': 96, 'pred_layers': 2, 'pretrain_lr': 3.0458224385894053e-05, 'finetune_lr': 0.00015353434324857047, 'ema_start': 0.99807494182158}.
  [Trial 011] MCC=0.6788 params=0.97M
[I 2026-08-22 12:15:52,792] Trial 12 finished with values: [0.6937851071132277, 1296896.0] and parameters: {'d_model': 128, 'nhead': 8, 'num_layers': 4, 'dim_ff': 256, 'pred_dim': 128, 'pred_layers': 2, 'pretrain_lr': 1.0432637161302079e-05, 'finetune_lr': 0.00015956700210656633, 'ema_start': 0.9959715159219725}.
  [Trial 012] MCC=0.6938 params=1.30M
[I 2026-08-22 12:38:43,809] Trial 13 finished with values: [0.6813792098372092, 1065600.0] and parameters: {'d_model': 256, 'nhead': 4, 'num_layers': 1, 'dim_ff': 256, 'pred_dim': 128, 'pred_layers': 2, 'pretrain_lr': 0.00013696739838480054, 'finetune_lr': 0.00015393931002140855, 'ema_start': 0.9933094422275349}.
  [Trial 013] MCC=0.6814 params=1.07M
[I 2026-08-22 13:02:30,371] Trial 14 finished with values: [0.8457018658158497, 2549120.0] and parameters: {'d_model': 256, 'nhead': 8, 'num_layers': 3, 'dim_ff': 256, 'pred_dim': 128, 'pred_layers': 1, 'pretrain_lr': 1.1184895551664498e-05, 'finetune_lr': 0.001954090133022007, 'ema_start': 0.9915939961146635}.
  [Trial 014] MCC=0.8457 params=2.55M
[I 2026-08-22 13:27:19,685] Trial 15 finished with values: [0.7842727430493214, 2951744.0] and parameters: {'d_model': 192, 'nhead': 4, 'num_layers': 4, 'dim_ff': 512, 'pred_dim': 64, 'pred_layers': 3, 'pretrain_lr': 4.303720019143251e-05, 'finetune_lr': 0.00021826570038901196, 'ema_start': 0.9950112113621251}.
  [Trial 015] MCC=0.7843 params=2.95M
[I 2026-08-22 13:51:53,934] Trial 16 finished with values: [0.8300479165423181, 2266560.0] and parameters: {'d_model': 128, 'nhead': 8, 'num_layers': 4, 'dim_ff': 768, 'pred_dim': 64, 'pred_layers': 2, 'pretrain_lr': 3.86530428803215e-05, 'finetune_lr': 0.004156447611486069, 'ema_start': 0.9972910205521126}.
  [Trial 016] MCC=0.8300 params=2.27M
[I 2026-08-22 14:15:54,552] Trial 17 finished with values: [0.8361919691241846, 2936736.0] and parameters: {'d_model': 192, 'nhead': 8, 'num_layers': 3, 'dim_ff': 768, 'pred_dim': 96, 'pred_layers': 2, 'pretrain_lr': 1.1800069021089958e-05, 'finetune_lr': 0.0008534852819566894, 'ema_start': 0.9948838017123682}.
  [Trial 017] MCC=0.8362 params=2.94M
[I 2026-08-22 14:39:00,272] Trial 18 finished with values: [0.8474860449710282, 1935168.0] and parameters: {'d_model': 192, 'nhead': 8, 'num_layers': 2, 'dim_ff': 768, 'pred_dim': 96, 'pred_layers': 1, 'pretrain_lr': 0.00011553385460530907, 'finetune_lr': 0.0012057860169848358, 'ema_start': 0.9957368691134838}.
  [Trial 018] MCC=0.8475 params=1.94M
[I 2026-08-22 15:02:23,789] Trial 19 finished with values: [0.7329845699482569, 1089280.0] and parameters: {'d_model': 192, 'nhead': 8, 'num_layers': 2, 'dim_ff': 256, 'pred_dim': 64, 'pred_layers': 2, 'pretrain_lr': 2.2212049883899376e-05, 'finetune_lr': 0.0002055294619639017, 'ema_start': 0.9922521860834813}.
  [Trial 019] MCC=0.7330 params=1.09M
[I 2026-08-22 15:26:04,730] Trial 20 finished with values: [0.7130145991703578, 2266688.0] and parameters: {'d_model': 192, 'nhead': 8, 'num_layers': 3, 'dim_ff': 512, 'pred_dim': 128, 'pred_layers': 1, 'pretrain_lr': 1.706653206390032e-05, 'finetune_lr': 0.00012359624712587392, 'ema_start': 0.9903665592208707}.
  [Trial 020] MCC=0.7130 params=2.27M
[I 2026-08-22 15:49:28,822] Trial 21 finished with values: [0.8314035906734984, 996832.0] and parameters: {'d_model': 128, 'nhead': 8, 'num_layers': 2, 'dim_ff': 512, 'pred_dim': 96, 'pred_layers': 2, 'pretrain_lr': 0.0001785335461982821, 'finetune_lr': 0.0010145478086525616, 'ema_start': 0.9977084085706949}.
  [Trial 021] MCC=0.8314 params=1.00M
[I 2026-08-22 16:13:46,458] Trial 22 finished with values: [0.8103503605061428, 916352.0] and parameters: {'d_model': 128, 'nhead': 4, 'num_layers': 3, 'dim_ff': 256, 'pred_dim': 64, 'pred_layers': 3, 'pretrain_lr': 5.9184131047454885e-05, 'finetune_lr': 0.008363366476207685, 'ema_start': 0.9981481557776045}.
  [Trial 022] MCC=0.8104 params=0.92M
