[I 2026-08-22 16:37:30,832] Trial 23 finished with values: [0.8577120370555967, 1725696.0] and parameters: {'d_model': 128, 'nhead': 8, 'num_layers': 3, 'dim_ff': 768, 'pred_dim': 96, 'pred_layers': 1, 'pretrain_lr': 0.00024744252044213834, 'finetune_lr': 0.0018108634100884495, 'ema_start': 0.9978972481217435}. 77%|███████▋  | 23/30 [9:28:36<2:46:39, 1428.44s/it] 80%|████████  | 24/30 [9:28:36<2:22:43, 1427.22s/it]wandb: setting up run y9uuhfvu
wandb: Tracking run with wandb version 0.26.0
wandb: Run data is saved locally in /slurm_shared/home/andrepedroribeiro@av.it.pt/inMotion/wandb/run-20260822_163732-y9uuhfvu
wandb: Run `wandb offline` to turn off syncing.
wandb: Syncing run hpo_ts_jepa_trial024
wandb: ⭐️ View project at https://wandb.ai/andreribeiro87-universidade-de-aveiro/inMotion-exotic-hpo
wandb: 🚀 View run at https://wandb.ai/andreribeiro87-universidade-de-aveiro/inMotion-exotic-hpo/runs/y9uuhfvu
wandb: updating run metadata
wandb: uploading wandb-summary.json; uploading config.yaml
wandb: uploading data
wandb: 
wandb: Run history:
wandb:   ft/stage1_epoch ▁▂▃▃▄▅▆▆▇█
wandb: ft/stage1_val_mcc ▁▃▄▅▆▆▇▇██
wandb:   ft/stage2_epoch ▁▂▃▃▄▅▆▆▇█
wandb: ft/stage2_val_mcc ▁▃▄▆▆▆▇███
wandb:      pretrain/ema ▁▁▁▁▁▁▁▂▂▂▂▂▂▃▃▃▄▄▄▄▅▅▅▅▆▆▆▇▇▇▇▇▇███████
wandb:    pretrain/epoch ▁▁▁▁▂▂▂▂▂▃▃▃▃▃▃▄▄▄▄▄▅▅▅▅▅▆▆▆▆▆▆▇▇▇▇▇▇███
wandb:     pretrain/loss █▃▃▂▂▂▂▂▂▂▂▂▂▂▂▁▁▁▁▁▁▁▁▁▁▁▁▄▃▃▃▃▂▂▂▂▂▂▂▂
wandb:  trial_efficiency ▁
wandb:         trial_mcc ▁
wandb:    trial_n_params ▁
wandb:                +1 ...
wandb: 
wandb: Run summary:
wandb:   ft/stage1_epoch 9
wandb: ft/stage1_val_mcc 0.76494
wandb:   ft/stage2_epoch 9
wandb: ft/stage2_val_mcc 0.84844
wandb:      pretrain/ema 0.999
wandb:    pretrain/epoch 49
wandb:     pretrain/loss 0.6458
wandb:  trial_efficiency 363.03365
wandb:         trial_mcc 0.84844
wandb:    trial_n_params 2337088
wandb:                +1 ...
wandb: 
wandb: 🚀 View run hpo_ts_jepa_trial024 at: https://wandb.ai/andreribeiro87-universidade-de-aveiro/inMotion-exotic-hpo/runs/y9uuhfvu
wandb: ⭐️ View project at: https://wandb.ai/andreribeiro87-universidade-de-aveiro/inMotion-exotic-hpo
wandb: Synced 4 W&B file(s), 0 media file(s), 0 artifact file(s) and 0 other file(s)
wandb: Find logs at: ./wandb/run-20260822_163732-y9uuhfvu/logs
                                                      80%|████████  | 24/30 [9:53:30<2:22:43, 1427.22s/it] 83%|████████▎ | 25/30 [9:53:30<2:00:35, 1447.20s/it]wandb: setting up run aciikaex
wandb: Tracking run with wandb version 0.26.0
wandb: Run data is saved locally in /slurm_shared/home/andrepedroribeiro@av.it.pt/inMotion/wandb/run-20260822_170226-aciikaex
wandb: Run `wandb offline` to turn off syncing.
wandb: Syncing run hpo_ts_jepa_trial025
wandb: ⭐️ View project at https://wandb.ai/andreribeiro87-universidade-de-aveiro/inMotion-exotic-hpo
wandb: 🚀 View run at https://wandb.ai/andreribeiro87-universidade-de-aveiro/inMotion-exotic-hpo/runs/aciikaex
wandb: updating run metadata
wandb: uploading wandb-summary.json
wandb: uploading data
wandb: 
wandb: Run history:
wandb:   ft/stage1_epoch ▁▂▃▃▄▅▆▆▇█
wandb: ft/stage1_val_mcc ▁▂▃▅▅▆▇▇██
wandb:   ft/stage2_epoch ▁▂▃▃▄▅▆▆▇█
wandb: ft/stage2_val_mcc ▁▃▅▆▆▇▇▇██
wandb:      pretrain/ema ▁▁▁▁▁▁▁▁▂▂▂▂▂▂▃▃▄▄▄▄▅▅▅▅▅▆▆▆▇▇▇▇▇▇██████
wandb:    pretrain/epoch ▁▁▁▁▂▂▂▂▂▂▃▃▃▃▃▄▄▄▄▄▅▅▅▅▅▆▆▆▆▆▆▇▇▇▇▇▇███
wandb:     pretrain/loss █▄▃▃▃▃▃▂▂▂▂▂▂▂▂▂▂▁▁▁▁▁▁▁▁▁▁▅▄▄▄▃▃▃▃▃▃▃▃▃
wandb:  trial_efficiency ▁
wandb:         trial_mcc ▁
wandb:    trial_n_params ▁
wandb:                +1 ...
wandb: 
wandb: Run summary:
wandb:   ft/stage1_epoch 9
wandb: ft/stage1_val_mcc 0.75105
wandb:   ft/stage2_epoch 9
wandb: ft/stage2_val_mcc 0.85167
wandb:      pretrain/ema 0.999
wandb:    pretrain/epoch 49
wandb:     pretrain/loss 0.63145
wandb:  trial_efficiency 207.14739
wandb:         trial_mcc 0.85167
wandb:    trial_n_params 4111424
wandb:                +1 ...
wandb: 
wandb: 🚀 View run hpo_ts_jepa_trial025 at: https://wandb.ai/andreribeiro87-universidade-de-aveiro/inMotion-exotic-hpo/runs/aciikaex
wandb: ⭐️ View project at: https://wandb.ai/andreribeiro87-universidade-de-aveiro/inMotion-exotic-hpo
wandb: Synced 4 W&B file(s), 0 media file(s), 0 artifact file(s) and 0 other file(s)
wandb: Find logs at: ./wandb/run-20260822_170226-aciikaex/logs
                                                      83%|████████▎ | 25/30 [10:18:24<2:00:35, 1447.20s/it] 87%|████████▋ | 26/30 [10:18:24<1:37:24, 1461.19s/it]wandb: setting up run 6k0psmbl
wandb: Tracking run with wandb version 0.26.0
wandb: Run data is saved locally in /slurm_shared/home/andrepedroribeiro@av.it.pt/inMotion/wandb/run-20260822_172719-6k0psmbl
wandb: Run `wandb offline` to turn off syncing.
wandb: Syncing run hpo_ts_jepa_trial026
wandb: ⭐️ View project at https://wandb.ai/andreribeiro87-universidade-de-aveiro/inMotion-exotic-hpo
wandb: 🚀 View run at https://wandb.ai/andreribeiro87-universidade-de-aveiro/inMotion-exotic-hpo/runs/6k0psmbl
wandb: updating run metadata
wandb: uploading wandb-summary.json; uploading config.yaml
wandb: uploading wandb-summary.json; uploading config.yaml; uploading history steps 66-70, summary
wandb: uploading data
wandb: 
wandb: Run history:
wandb:   ft/stage1_epoch ▁▂▃▃▄▅▆▆▇█
wandb: ft/stage1_val_mcc ▁▂▄▅▆▆▇▇██
wandb:   ft/stage2_epoch ▁▂▃▃▄▅▆▆▇█
wandb: ft/stage2_val_mcc ▁▂▃▃▄▅▆▆▇█
wandb:      pretrain/ema ▁▁▁▁▁▁▁▂▂▂▂▂▃▃▃▄▄▄▄▄▅▅▅▅▆▆▆▇▇▇▇▇▇███████
wandb:    pretrain/epoch ▁▁▁▁▂▂▂▂▂▂▃▃▃▃▃▄▄▄▄▄▄▅▅▅▅▅▆▆▆▆▆▆▇▇▇▇▇▇██
wandb:     pretrain/loss █▇▆▅▄▄▃▃▃▃▂▂▂▂▂▂▂▂▂▁▁▁▁▁▁▁▁▄▃▃▃▃▂▂▂▂▂▂▂▂
wandb:  trial_efficiency ▁
wandb:         trial_mcc ▁
wandb:    trial_n_params ▁
wandb:                +1 ...
wandb: 
wandb: Run summary:
wandb:   ft/stage1_epoch 9
wandb: ft/stage1_val_mcc 0.66131
wandb:   ft/stage2_epoch 9
wandb: ft/stage2_val_mcc 0.79111
wandb:      pretrain/ema 0.999
wandb:    pretrain/epoch 49
wandb:     pretrain/loss 0.65881
wandb:  trial_efficiency 173.61465
wandb:         trial_mcc 0.79111
wandb:    trial_n_params 4556672
wandb:                +1 ...
wandb: 
wandb: 🚀 View run hpo_ts_jepa_trial026 at: https://wandb.ai/andreribeiro87-universidade-de-aveiro/inMotion-exotic-hpo/runs/6k0psmbl
wandb: ⭐️ View project at: https://wandb.ai/andreribeiro87-universidade-de-aveiro/inMotion-exotic-hpo
wandb: Synced 4 W&B file(s), 0 media file(s), 0 artifact file(s) and 0 other file(s)
wandb: Find logs at: ./wandb/run-20260822_172719-6k0psmbl/logs
                                                       87%|████████▋ | 26/30 [10:43:03<1:37:24, 1461.19s/it] 90%|█████████ | 27/30 [10:43:03<1:13:19, 1466.57s/it]wandb: Tracking run with wandb version 0.26.0
wandb: Run data is saved locally in /slurm_shared/home/andrepedroribeiro@av.it.pt/inMotion/wandb/run-20260822_175159-rxq09h07
wandb: Run `wandb offline` to turn off syncing.
wandb: Syncing run hpo_ts_jepa_trial027
wandb: ⭐️ View project at https://wandb.ai/andreribeiro87-universidade-de-aveiro/inMotion-exotic-hpo
wandb: 🚀 View run at https://wandb.ai/andreribeiro87-universidade-de-aveiro/inMotion-exotic-hpo/runs/rxq09h07
wandb: updating run metadata
wandb: uploading history steps 66-70, summary
wandb: 
wandb: Run history:
wandb:   ft/stage1_epoch ▁▂▃▃▄▅▆▆▇█
wandb: ft/stage1_val_mcc ▁▃▄▄▅▅▆▇██
wandb:   ft/stage2_epoch ▁▂▃▃▄▅▆▆▇█
wandb: ft/stage2_val_mcc ▁▂▃▄▅▆▆▇██
wandb:      pretrain/ema ▁▁▁▁▁▁▁▂▂▂▂▂▂▃▃▃▄▄▄▄▅▅▅▅▅▆▆▆▇▇▇▇▇▇██████
wandb:    pretrain/epoch ▁▁▁▁▂▂▂▂▂▃▃▃▃▃▃▄▄▄▄▄▅▅▅▅▅▅▆▆▆▆▆▇▇▇▇▇▇███
wandb:     pretrain/loss ▆▁▁▁▂▂▂▂▃▃▃▃▃▄▄▄▄▄▄▄▄▄▄▄▄▄▄█▇▇▆▆▆▆▆▆▆▆▆▆
wandb:  trial_efficiency ▁
wandb:         trial_mcc ▁
wandb:    trial_n_params ▁
wandb:                +1 ...
wandb: 
wandb: Run summary:
wandb:   ft/stage1_epoch 9
wandb: ft/stage1_val_mcc 0.67791
wandb:   ft/stage2_epoch 9
wandb: ft/stage2_val_mcc 0.8105
wandb:      pretrain/ema 0.999
wandb:    pretrain/epoch 49
wandb:     pretrain/loss 0.817
wandb:  trial_efficiency 686.10554
wandb:         trial_mcc 0.8105
wandb:    trial_n_params 1181312
wandb:                +1 ...
wandb: 
wandb: 🚀 View run hpo_ts_jepa_trial027 at: https://wandb.ai/andreribeiro87-universidade-de-aveiro/inMotion-exotic-hpo/runs/rxq09h07
wandb: ⭐️ View project at: https://wandb.ai/andreribeiro87-universidade-de-aveiro/inMotion-exotic-hpo
wandb: Synced 4 W&B file(s), 0 media file(s), 0 artifact file(s) and 0 other file(s)
wandb: Find logs at: ./wandb/run-20260822_175159-rxq09h07/logs
                                                       90%|█████████ | 27/30 [11:07:54<1:13:19, 1466.57s/it] 93%|█████████▎| 28/30 [11:07:54<49:07, 1473.90s/it]  wandb: Tracking run with wandb version 0.26.0
wandb: Run data is saved locally in /slurm_shared/home/andrepedroribeiro@av.it.pt/inMotion/wandb/run-20260822_181650-hrehhsv6
wandb: Run `wandb offline` to turn off syncing.
wandb: Syncing run hpo_ts_jepa_trial028
wandb: ⭐️ View project at https://wandb.ai/andreribeiro87-universidade-de-aveiro/inMotion-exotic-hpo
wandb: 🚀 View run at https://wandb.ai/andreribeiro87-universidade-de-aveiro/inMotion-exotic-hpo/runs/hrehhsv6
wandb: updating run metadata
wandb: uploading config.yaml; uploading wandb-summary.json
wandb: 
wandb: Run history:
wandb:   ft/stage1_epoch ▁▂▃▃▄▅▆▆▇█
wandb: ft/stage1_val_mcc ▁▃▄▅▆▆▇▇██
wandb:   ft/stage2_epoch ▁▂▃▃▄▅▆▆▇█
wandb: ft/stage2_val_mcc ▁▄▅▆▇▇█▇▇█
wandb:      pretrain/ema ▁▁▁▁▁▁▁▁▂▂▂▂▂▂▃▃▃▄▄▄▄▅▅▅▅▆▆▆▇▇▇▇▇███████
wandb:    pretrain/epoch ▁▁▁▂▂▂▂▂▂▃▃▃▃▃▄▄▄▄▄▄▅▅▅▅▅▆▆▆▆▆▆▇▇▇▇▇▇███
wandb:     pretrain/loss █▃▂▂▂▂▂▂▂▂▂▂▂▂▂▂▂▂▂▂▁▁▁▁▁▁▄▃▃▃▂▂▂▂▂▂▂▂▂▂
wandb:  trial_efficiency ▁
wandb:         trial_mcc ▁
wandb:    trial_n_params ▁
wandb:                +1 ...
wandb: 
wandb: Run summary:
wandb:   ft/stage1_epoch 9
wandb: ft/stage1_val_mcc 0.75056
wandb:   ft/stage2_epoch 9
wandb: ft/stage2_val_mcc 0.84265
wandb:      pretrain/ema 0.999
wandb:    pretrain/epoch 49
wandb:     pretrain/loss 0.70523
wandb:  trial_efficiency 196.18225
wandb:         trial_mcc 0.84525
wandb:    trial_n_params 4308480
wandb:                +1 ...
wandb: 
wandb: 🚀 View run hpo_ts_jepa_trial028 at: https://wandb.ai/andreribeiro87-universidade-de-aveiro/inMotion-exotic-hpo/runs/hrehhsv6
wandb: ⭐️ View project at: https://wandb.ai/andreribeiro87-universidade-de-aveiro/inMotion-exotic-hpo
wandb: Synced 4 W&B file(s), 0 media file(s), 0 artifact file(s) and 0 other file(s)
wandb: Find logs at: ./wandb/run-20260822_181650-hrehhsv6/logs
                                                     93%|█████████▎| 28/30 [11:32:11<49:07, 1473.90s/it] 97%|█████████▋| 29/30 [11:32:11<24:28, 1468.79s/it]wandb: setting up run inckbm3u
wandb: Tracking run with wandb version 0.26.0
wandb: Run data is saved locally in /slurm_shared/home/andrepedroribeiro@av.it.pt/inMotion/wandb/run-20260822_184107-inckbm3u
wandb: Run `wandb offline` to turn off syncing.
wandb: Syncing run hpo_ts_jepa_trial029
wandb: ⭐️ View project at https://wandb.ai/andreribeiro87-universidade-de-aveiro/inMotion-exotic-hpo
wandb: 🚀 View run at https://wandb.ai/andreribeiro87-universidade-de-aveiro/inMotion-exotic-hpo/runs/inckbm3u
wandb: updating run metadata
wandb: uploading wandb-summary.json
wandb: uploading history steps 68-70, summary
wandb: 
wandb: Run history:
wandb:   ft/stage1_epoch ▁▂▃▃▄▅▆▆▇█
wandb: ft/stage1_val_mcc ▁▂▄▅▆▆████
wandb:   ft/stage2_epoch ▁▂▃▃▄▅▆▆▇█
wandb: ft/stage2_val_mcc ▁▂▃▄▆▆▆██▇
wandb:      pretrain/ema ▁▁▁▁▁▁▁▂▂▂▂▂▃▃▃▄▄▄▄▄▅▅▅▅▆▆▆▇▇▇▇▇▇███████
wandb:    pretrain/epoch ▁▁▁▁▂▂▂▂▂▂▃▃▃▃▃▄▄▄▄▄▅▅▅▅▅▅▆▆▆▆▆▇▇▇▇▇▇███
wandb:     pretrain/loss █▄▃▃▃▂▂▂▂▂▂▂▂▂▂▁▁▁▁▁▁▁▁▁▁▁▁▅▄▄▃▃▃▃▃▃▃▃▃▃
wandb:  trial_efficiency ▁
wandb:         trial_mcc ▁
wandb:    trial_n_params ▁
wandb:                +1 ...
wandb: 
wandb: Run summary:
wandb:   ft/stage1_epoch 9
wandb: ft/stage1_val_mcc 0.74026
wandb:   ft/stage2_epoch 9
wandb: ft/stage2_val_mcc 0.79788
wandb:      pretrain/ema 0.999
wandb:    pretrain/epoch 49
wandb:     pretrain/loss 0.64871
wandb:  trial_efficiency 463.57292
wandb:         trial_mcc 0.81429
wandb:    trial_n_params 1756544
wandb:                +1 ...
wandb: 
wandb: 🚀 View run hpo_ts_jepa_trial029 at: https://wandb.ai/andreribeiro87-universidade-de-aveiro/inMotion-exotic-hpo/runs/inckbm3u
wandb: ⭐️ View project at: https://wandb.ai/andreribeiro87-universidade-de-aveiro/inMotion-exotic-hpo
wandb: Synced 4 W&B file(s), 0 media file(s), 0 artifact file(s) and 0 other file(s)
wandb: Find logs at: ./wandb/run-20260822_184107-inckbm3u/logs
                                                     97%|█████████▋| 29/30 [11:56:29<24:28, 1468.79s/it]100%|██████████| 30/30 [11:56:29<00:00, 1465.52s/it]100%|██████████| 30/30 [11:56:29<00:00, 1432.97s/it]
wandb: setting up run yl4grm9c
wandb: Tracking run with wandb version 0.26.0
wandb: Run data is saved locally in /slurm_shared/home/andrepedroribeiro@av.it.pt/inMotion/wandb/run-20260822_190524-yl4grm9c
wandb: Run `wandb offline` to turn off syncing.
wandb: Syncing run ts_jepa_pretrain_seed42
wandb: ⭐️ View project at https://wandb.ai/andreribeiro87-universidade-de-aveiro/inMotion-exotic-hpo
wandb: 🚀 View run at https://wandb.ai/andreribeiro87-universidade-de-aveiro/inMotion-exotic-hpo/runs/yl4grm9c
wandb: updating run metadata
wandb: uploading output.log; uploading wandb-summary.json; uploading config.yaml
wandb: uploading output.log; uploading config.yaml
wandb: 
wandb: Run history:
wandb: pretrain/best_probe_mcc ▁
wandb:            pretrain/ema ▁▁▁▁▁▁▁▁▁▁▁▂▂▂▂▂▂▃▃▃▃▃▃▄▄▄▄▄▅▅▅▅▆▆▆▇▇▇██
wandb:          pretrain/epoch ▁▁▁▁▁▂▂▂▂▂▂▂▃▃▃▃▃▃▃▄▄▄▄▅▅▅▅▅▅▅▆▆▆▆▆▇▇▇██
wandb:             pretrain/lr ████████▇▇▇▇▇▇▇▆▆▆▆▆▅▅▅▅▅▄▄▄▄▄▃▃▃▃▂▂▂▁▁▁
wandb:      pretrain/probe_mcc ▁▃▄▄▆▆▇▇█▇█▅▆▅▅
wandb:     pretrain/train_loss █▆▆▆▆▆▆▆▆▅▅▅▅▅▅▄▄▄▄▃▂▂▂▂▂▂▂▁▁▁▁▁▁▁▁▁▁▁▁▁
wandb:     pretrain/uniformity ▁▁▁▁▁▁▁▇▇▇▇▇▇▇▇▇██████████▇▇▇▇██████████
wandb:       pretrain/val_loss ▆▇██████▇▇▇▇▇▇▆▆▆▄▃▂▂▂▂▂▂▂▂▂▂▁▁▁▁▁▁▁▁▁▁▁
wandb: 
wandb: Run summary:
wandb: pretrain/best_probe_mcc 0.62449
wandb:            pretrain/ema 0.99298
wandb:          pretrain/epoch 149
wandb:             pretrain/lr 0.00015
wandb:      pretrain/probe_mcc 0.60535
wandb:     pretrain/train_loss 0.37614
wandb:     pretrain/uniformity 3.65151
wandb:       pretrain/val_loss 0.00062
wandb: 
wandb: 🚀 View run ts_jepa_pretrain_seed42 at: https://wandb.ai/andreribeiro87-universidade-de-aveiro/inMotion-exotic-hpo/runs/yl4grm9c
wandb: ⭐️ View project at: https://wandb.ai/andreribeiro87-universidade-de-aveiro/inMotion-exotic-hpo
wandb: Synced 5 W&B file(s), 0 media file(s), 0 artifact file(s) and 0 other file(s)
wandb: Find logs at: ./wandb/run-20260822_190524-yl4grm9c/logs
wandb: setting up run m7ba8lxn
wandb: Tracking run with wandb version 0.26.0
wandb: Run data is saved locally in /slurm_shared/home/andrepedroribeiro@av.it.pt/inMotion/wandb/run-20260822_202704-m7ba8lxn
wandb: Run `wandb offline` to turn off syncing.
wandb: Syncing run ts_jepa_ft_seed42_s1
wandb: ⭐️ View project at https://wandb.ai/andreribeiro87-universidade-de-aveiro/inMotion-exotic-hpo
wandb: 🚀 View run at https://wandb.ai/andreribeiro87-universidade-de-aveiro/inMotion-exotic-hpo/runs/m7ba8lxn
wandb: updating run metadata; uploading artifact run-m7ba8lxn-final_val_confusion_matrix_table
wandb: uploading artifact run-m7ba8lxn-final_val_confusion_matrix_table
wandb: uploading config.yaml
wandb: 
wandb: Run history:
wandb:                       best_epoch ▁
wandb:                     best_val_mcc ▁
wandb:                            epoch ▁▂▂▃▄▄▅▅▆▇▇█
wandb:                    final_val_acc ▁
wandb:               final_val_f1_macro ▁
wandb:                   final_val_loss ▁
wandb:  final_val_per_class/AA/f1-score ▁
wandb: final_val_per_class/AA/precision ▁
wandb:    final_val_per_class/AA/recall ▁
wandb:   final_val_per_class/AA/support ▁
wandb:                              +25 ...
wandb: 
wandb: Run summary:
wandb:                       best_epoch 10
wandb:                     best_val_mcc 0.68413
wandb:                            epoch 12
wandb:                    final_val_acc 0.76256
wandb:               final_val_f1_macro 0.7634
wandb:                   final_val_loss 0.86968
wandb:  final_val_per_class/AA/f1-score 0.72225
wandb: final_val_per_class/AA/precision 0.70137
wandb:    final_val_per_class/AA/recall 0.74442
wandb:   final_val_per_class/AA/support 896
wandb:                              +25 ...
wandb: 
wandb: 🚀 View run ts_jepa_ft_seed42_s1 at: https://wandb.ai/andreribeiro87-universidade-de-aveiro/inMotion-exotic-hpo/runs/m7ba8lxn
wandb: ⭐️ View project at: https://wandb.ai/andreribeiro87-universidade-de-aveiro/inMotion-exotic-hpo
wandb: Synced 4 W&B file(s), 1 media file(s), 2 artifact file(s) and 0 other file(s)
wandb: Find logs at: ./wandb/run-20260822_202704-m7ba8lxn/logs
wandb: setting up run 8fbvzx9z
wandb: Tracking run with wandb version 0.26.0
wandb: Run data is saved locally in /slurm_shared/home/andrepedroribeiro@av.it.pt/inMotion/wandb/run-20260822_202729-8fbvzx9z
wandb: Run `wandb offline` to turn off syncing.
wandb: Syncing run ts_jepa_ft_seed42_s2
wandb: ⭐️ View project at https://wandb.ai/andreribeiro87-universidade-de-aveiro/inMotion-exotic-hpo
wandb: 🚀 View run at https://wandb.ai/andreribeiro87-universidade-de-aveiro/inMotion-exotic-hpo/runs/8fbvzx9z
wandb: updating run metadata; uploading artifact run-8fbvzx9z-final_val_confusion_matrix_table
wandb: uploading artifact run-8fbvzx9z-final_val_confusion_matrix_table
wandb: uploading config.yaml; uploading media/table/final_val_confusion_matrix_table_38_9a59c69d864131febb05.table.json; uploading wandb-summary.json
wandb: uploading history steps 35-38, summary
wandb: 
wandb: Run history:
wandb:                       best_epoch ▁
wandb:                     best_val_mcc ▁
wandb:                            epoch ▁▁▁▂▂▂▂▂▃▃▃▃▃▃▄▄▄▄▄▅▅▅▅▅▆▆▆▆▆▆▇▇▇▇▇███
wandb:                    final_val_acc ▁
wandb:               final_val_f1_macro ▁
wandb:                   final_val_loss ▁
wandb:  final_val_per_class/AA/f1-score ▁
wandb: final_val_per_class/AA/precision ▁
wandb:    final_val_per_class/AA/recall ▁
wandb:   final_val_per_class/AA/support ▁
wandb:                              +25 ...
wandb: 
wandb: Run summary:
wandb:                       best_epoch 29
wandb:                     best_val_mcc 0.85264
wandb:                            epoch 38
wandb:                    final_val_acc 0.88895
wandb:               final_val_f1_macro 0.88941
wandb:                   final_val_loss 0.66376
wandb:  final_val_per_class/AA/f1-score 0.86938
wandb: final_val_per_class/AA/precision 0.83539
wandb:    final_val_per_class/AA/recall 0.90625
wandb:   final_val_per_class/AA/support 896
wandb:                              +25 ...
wandb: 
wandb: 🚀 View run ts_jepa_ft_seed42_s2 at: https://wandb.ai/andreribeiro87-universidade-de-aveiro/inMotion-exotic-hpo/runs/8fbvzx9z
wandb: ⭐️ View project at: https://wandb.ai/andreribeiro87-universidade-de-aveiro/inMotion-exotic-hpo
wandb: Synced 4 W&B file(s), 1 media file(s), 2 artifact file(s) and 0 other file(s)
wandb: Find logs at: ./wandb/run-20260822_202729-8fbvzx9z/logs

  [Trial 023] MCC=0.8577 params=1.73M
[I 2026-08-22 17:02:24,627] Trial 24 finished with values: [0.8484415803156746, 2337088.0] and parameters: {'d_model': 192, 'nhead': 8, 'num_layers': 4, 'dim_ff': 256, 'pred_dim': 128, 'pred_layers': 3, 'pretrain_lr': 7.21087645427261e-05, 'finetune_lr': 0.0031749883464243815, 'ema_start': 0.9967908858667621}.
  [Trial 024] MCC=0.8484 params=2.34M
[I 2026-08-22 17:27:18,455] Trial 25 finished with values: [0.8516707447633536, 4111424.0] and parameters: {'d_model': 192, 'nhead': 4, 'num_layers': 4, 'dim_ff': 768, 'pred_dim': 128, 'pred_layers': 3, 'pretrain_lr': 0.0001402412507055007, 'finetune_lr': 0.0018351620695519345, 'ema_start': 0.9940360096978049}.
  [Trial 025] MCC=0.8517 params=4.11M
[I 2026-08-22 17:51:57,593] Trial 26 finished with values: [0.7911050201643388, 4556672.0] and parameters: {'d_model': 256, 'nhead': 8, 'num_layers': 4, 'dim_ff': 512, 'pred_dim': 128, 'pred_layers': 2, 'pretrain_lr': 1.714486354167326e-05, 'finetune_lr': 0.00019318943133016047, 'ema_start': 0.9968535956854573}.
  [Trial 026] MCC=0.7911 params=4.56M
[I 2026-08-22 18:16:48,577] Trial 27 finished with values: [0.8105047072107995, 1181312.0] and parameters: {'d_model': 128, 'nhead': 4, 'num_layers': 4, 'dim_ff': 256, 'pred_dim': 64, 'pred_layers': 3, 'pretrain_lr': 0.0007843269804336331, 'finetune_lr': 0.00937566600133442, 'ema_start': 0.9967804036673305}.
  [Trial 027] MCC=0.8105 params=1.18M
[I 2026-08-22 18:41:05,468] Trial 28 finished with values: [0.84524728153205, 4308480.0] and parameters: {'d_model': 256, 'nhead': 4, 'num_layers': 4, 'dim_ff': 512, 'pred_dim': 64, 'pred_layers': 1, 'pretrain_lr': 0.00019880193364014653, 'finetune_lr': 0.003105201294430152, 'ema_start': 0.9952503188858745}.
  [Trial 028] MCC=0.8452 params=4.31M
